Log file open, 03/22/20 13:45:04
LogWindows: Failed to load 'aqProf.dll' (GetLastError=126)
LogWindows: File 'aqProf.dll' does not exist
LogWindows: Failed to load 'VtuneApi.dll' (GetLastError=126)
LogWindows: File 'VtuneApi.dll' does not exist
LogWindows: Failed to load 'VtuneApi32e.dll' (GetLastError=126)
LogWindows: File 'VtuneApi32e.dll' does not exist
LogConsoleResponse: Display: Failed to find resolution value strings in scalability ini. Falling back to default.
LogInit: Display: Running engine for game: VFX_Learning
LogPlatformFile: Not using cached read wrapper
LogTaskGraph: Started task graph with 5 named threads and 35 total threads with 3 sets of task threads.
LogStats: Stats thread started at 0.559982
LogD3D11RHI: Loaded GFSDK_Aftermath_Lib.x64.dll
LogICUInternationalization: ICU TimeZone Detection - Raw Offset: -7:00, Platform Override: ''
LogPluginManager: Mounting plugin Paper2D
LogPluginManager: Mounting plugin AISupport
LogPluginManager: Mounting plugin LightPropagationVolume
LogPluginManager: Mounting plugin ActorLayerUtilities
LogPluginManager: Mounting plugin AnimationSharing
LogPluginManager: Mounting plugin CLionSourceCodeAccess
LogPluginManager: Mounting plugin CodeLiteSourceCodeAccess
LogPluginManager: Mounting plugin GitSourceControl
LogPluginManager: Mounting plugin KDevelopSourceCodeAccess
LogPluginManager: Mounting plugin NullSourceCodeAccess
LogPluginManager: Mounting plugin PerforceSourceControl
LogPluginManager: Mounting plugin PlasticSourceControl
LogPluginManager: Mounting plugin SubversionSourceControl
LogPluginManager: Mounting plugin UObjectPlugin
LogPluginManager: Mounting plugin VisualStudioCodeSourceCodeAccess
LogPluginManager: Mounting plugin VisualStudioSourceCodeAccess
LogPluginManager: Mounting plugin XCodeSourceCodeAccess
LogPluginManager: Mounting plugin AssetManagerEditor
LogPluginManager: Mounting plugin CryptoKeys
LogPluginManager: Mounting plugin CurveEditorTools
LogPluginManager: Mounting plugin DataValidation
LogPluginManager: Mounting plugin FacialAnimation
LogPluginManager: Mounting plugin GameplayTagsEditor
LogPluginManager: Mounting plugin MacGraphicsSwitching
LogPluginManager: Mounting plugin MaterialAnalyzer
LogPluginManager: Mounting plugin MobileLauncherProfileWizard
LogPluginManager: Mounting plugin PluginBrowser
LogPluginManager: Mounting plugin SpeedTreeImporter
LogPluginManager: Mounting plugin DatasmithContent
LogPluginManager: Mounting plugin VariantManagerContent
LogPluginManager: Mounting plugin AlembicImporter
LogPluginManager: Mounting plugin AutomationUtils
LogPluginManager: Mounting plugin BackChannel
LogPluginManager: Mounting plugin CharacterAI
LogPluginManager: Mounting plugin GeometryCache
LogPluginManager: Mounting plugin PlatformCrypto
LogPluginManager: Mounting plugin ProxyLODPlugin
LogPluginManager: Mounting plugin SkeletalReduction
LogPluginManager: Mounting plugin Niagara
LogPluginManager: Mounting plugin MagicLeap
LogPluginManager: Mounting plugin MagicLeapMedia
LogPluginManager: Mounting plugin MLSDK
LogPluginManager: Mounting plugin AndroidMedia
LogPluginManager: Mounting plugin AvfMedia
LogPluginManager: Mounting plugin ImgMedia
LogPluginManager: Mounting plugin MediaCompositing
LogPluginManager: Mounting plugin MediaPlayerEditor
LogPluginManager: Mounting plugin WebMMedia
LogPluginManager: Mounting plugin WmfMedia
LogPluginManager: Mounting plugin TcpMessaging
LogPluginManager: Mounting plugin UdpMessaging
LogPluginManager: Mounting plugin ActorSequence
LogPluginManager: Mounting plugin LevelSequenceEditor
LogPluginManager: Mounting plugin MatineeToLevelSequence
LogPluginManager: Mounting plugin NetcodeUnitTest
LogPluginManager: Mounting plugin NUTUnrealEngine4
LogPluginManager: Mounting plugin OnlineSubsystemGooglePlay
LogPluginManager: Mounting plugin OnlineSubsystemIOS
LogPluginManager: Mounting plugin OnlineSubsystem
LogPluginManager: Mounting plugin OnlineSubsystemNull
LogPluginManager: Mounting plugin OnlineSubsystemUtils
LogPluginManager: Mounting plugin LauncherChunkInstaller
LogPluginManager: Mounting plugin AndroidDeviceProfileSelector
LogPluginManager: Mounting plugin AndroidMoviePlayer
LogPluginManager: Mounting plugin AndroidPermission
LogPluginManager: Mounting plugin AppleImageUtils
LogPluginManager: Mounting plugin AppleMoviePlayer
LogPluginManager: Mounting plugin ArchVisCharacter
LogPluginManager: Mounting plugin AssetTags
LogPluginManager: Mounting plugin AudioCapture
LogPluginManager: Mounting plugin CableComponent
LogPluginManager: Mounting plugin CustomMeshComponent
LogPluginManager: Mounting plugin EditableMesh
LogPluginManager: Mounting plugin ExampleDeviceProfileSelector
LogPluginManager: Mounting plugin GoogleCloudMessaging
LogPluginManager: Mounting plugin IOSDeviceProfileSelector
LogPluginManager: Mounting plugin LinuxDeviceProfileSelector
LogPluginManager: Mounting plugin LocationServicesBPLibrary
LogPluginManager: Mounting plugin MobilePatchingUtils
LogPluginManager: Mounting plugin OculusVR
LogPluginManager: Mounting plugin PhysXVehicles
LogPluginManager: Mounting plugin PostSplashScreen
LogPluginManager: Mounting plugin ProceduralMeshComponent
LogPluginManager: Mounting plugin RuntimePhysXCooking
LogPluginManager: Mounting plugin SignificanceManager
LogPluginManager: Mounting plugin SteamVR
LogPluginManager: Mounting plugin WebMMoviePlayer
LogPluginManager: Mounting plugin WindowsMoviePlayer
LogPluginManager: Mounting plugin ScreenshotTools
LogInit: Using libcurl 7.55.1-DEV
LogInit:  - built for x86_64-pc-win32
LogInit:  - supports SSL with OpenSSL/1.1.1
LogInit:  - supports HTTP deflate (compression) using libz 1.2.8
LogInit:  - other features:
LogInit:      CURL_VERSION_SSL
LogInit:      CURL_VERSION_LIBZ
LogInit:      CURL_VERSION_IPV6
LogInit:      CURL_VERSION_ASYNCHDNS
LogInit:      CURL_VERSION_LARGEFILE
LogInit:      CURL_VERSION_IDN
LogInit:  CurlRequestOptions (configurable via config and command line):
LogInit:  - bVerifyPeer = true  - Libcurl will verify peer certificate
LogInit:  - bUseHttpProxy = false  - Libcurl will NOT use HTTP proxy
LogInit:  - bDontReuseConnections = false  - Libcurl will reuse connections
LogInit:  - MaxHostConnections = 16  - Libcurl will limit the number of connections to a host
LogInit:  - LocalHostAddr = Default
LogInit:  - BufferSize = 65536
LogOnline: OSS: Creating online subsystem instance for: NULL
LogInit: WinSock: version 1.1 (2.2), MaxSocks=32767, MaxUdp=65467
LogOnline: OSS: TryLoadSubsystemAndSetDefault: Loaded subsystem for module [NULL]
LogInit: Build: ++UE4+Release-4.24-CL-11590370
LogInit: Engine Version: 4.24.3-11590370+++UE4+Release-4.24
LogInit: Compatible Engine Version: 4.24.0-10570792+++UE4+Release-4.24
LogInit: Net CL: 10570792
LogInit: OS: Windows 10 (Release 1903) (), CPU: Intel(R) Core(TM) i7-8700K CPU @ 3.70GHz, GPU: NVIDIA GeForce GTX 1080 Ti
LogInit: Compiled (64-bit): Feb 24 2020 15:39:18
LogInit: Compiled with Visual C++: 19.16.27032.01
LogInit: Build Configuration: Development
LogInit: Branch Name: ++UE4+Release-4.24
LogInit: Command Line: 
LogInit: Base Directory: F:/Unreal/UE_4.24/Engine/Binaries/Win64/
LogInit: Installed Engine Build: 1
LogDevObjectVersion: Number of dev versions registered: 25
LogDevObjectVersion:   Dev-Blueprints (B0D832E4-1F89-4F0D-ACCF-7EB736FD4AA2): 10
LogDevObjectVersion:   Dev-Build (E1C64328-A22C-4D53-A36C-8E866417BD8C): 0
LogDevObjectVersion:   Dev-Core (375EC13C-06E4-48FB-B500-84F0262A717E): 3
LogDevObjectVersion:   Dev-Editor (E4B068ED-F494-42E9-A231-DA0B2E46BB41): 37
LogDevObjectVersion:   Dev-Framework (CFFC743F-43B0-4480-9391-14DF171D2073): 36
LogDevObjectVersion:   Dev-Mobile (B02B49B5-BB20-44E9-A304-32B752E40360): 2
LogDevObjectVersion:   Dev-Networking (A4E4105C-59A1-49B5-A7C5-40C4547EDFEE): 0
LogDevObjectVersion:   Dev-Online (39C831C9-5AE6-47DC-9A44-9C173E1C8E7C): 0
LogDevObjectVersion:   Dev-Physics (78F01B33-EBEA-4F98-B9B4-84EACCB95AA2): 2
LogDevObjectVersion:   Dev-Platform (6631380F-2D4D-43E0-8009-CF276956A95A): 0
LogDevObjectVersion:   Dev-Rendering (12F88B9F-8875-4AFC-A67C-D90C383ABD29): 36
LogDevObjectVersion:   Dev-Sequencer (7B5AE74C-D270-4C10-A958-57980B212A5A): 11
LogDevObjectVersion:   Dev-VR (D7296918-1DD6-4BDD-9DE2-64A83CC13884): 2
LogDevObjectVersion:   Dev-LoadTimes (C2A15278-BFE7-4AFE-6C17-90FF531DF755): 1
LogDevObjectVersion:   Private-Geometry (6EACA3D4-40EC-4CC1-B786-8BED09428FC5): 3
LogDevObjectVersion:   Dev-AnimPhys (29E575DD-E0A3-4627-9D10-D276232CDCEA): 17
LogDevObjectVersion:   Dev-Anim (AF43A65D-7FD3-4947-9873-3E8ED9C1BB05): 2
LogDevObjectVersion:   Dev-ReflectionCapture (6B266CEC-1EC7-4B8F-A30B-E4D90942FC07): 1
LogDevObjectVersion:   Dev-Automation (0DF73D61-A23F-47EA-B727-89E90C41499A): 1
LogDevObjectVersion:   FortniteMain (601D1886-AC64-4F84-AA16-D3DE0DEAC7D6): 31
LogDevObjectVersion:   Dev-Enterprise (9DFFBCD6-494F-0158-E221-12823C92A888): 8
LogDevObjectVersion:   Dev-Niagara (F2AED0AC-9AFE-416F-8664-AA7FFA26D6FC): 1
LogDevObjectVersion:   Dev-Destruction (174F1F0B-B4C6-45A5-B13F-2EE8D0FB917D): 9
LogDevObjectVersion:   Dev-Physics-Ext (35F94A83-E258-406C-A318-09F59610247C): 8
LogDevObjectVersion:   Dev-CineCamera (B2E18506-4273-CFC2-A54E-F4BB758BBA07): 1
LogInit: Presizing for max 25165824 objects, including 0 objects not considered by GC, pre-allocating 0 bytes for permanent pool.
LogInit: Object subsystem initialized
LogConfig: Setting CVar [[con.DebugEarlyDefault:1]]
LogConfig: Setting CVar [[r.setres:1280x720]]
[2020.03.22-19.45.04:952][  0]LogConfig: Setting CVar [[r.VSync:0]]
[2020.03.22-19.45.04:952][  0]LogConfig: Setting CVar [[r.RHICmdBypass:0]]
[2020.03.22-19.45.04:952][  0]LogConfig: Applying CVar settings from Section [/Script/Engine.RendererSettings] File [C:/Users/Jim/Documents/VFX_Learning/Saved/Config/Windows/Engine.ini]
[2020.03.22-19.45.04:952][  0]LogConfig: Setting CVar [[r.GPUCrashDebugging:0]]
[2020.03.22-19.45.04:952][  0]LogConfig: Setting CVar [[r.SkinCache.CompileShaders:1]]
[2020.03.22-19.45.04:952][  0]LogConfig: Setting CVar [[r.RayTracing:0]]
[2020.03.22-19.45.04:952][  0]LogConfig: Setting CVar [[r.DefaultFeature.MotionBlur:0]]
[2020.03.22-19.45.04:952][  0]LogConfig: Applying CVar settings from Section [/Script/Engine.RendererOverrideSettings] File [C:/Users/Jim/Documents/VFX_Learning/Saved/Config/Windows/Engine.ini]
[2020.03.22-19.45.04:952][  0]LogConfig: Applying CVar settings from Section [/Script/Engine.StreamingSettings] File [C:/Users/Jim/Documents/VFX_Learning/Saved/Config/Windows/Engine.ini]
[2020.03.22-19.45.04:952][  0]LogConfig: Setting CVar [[s.MinBulkDataSizeForAsyncLoading:131072]]
[2020.03.22-19.45.04:952][  0]LogConfig: Setting CVar [[s.AsyncLoadingThreadEnabled:0]]
[2020.03.22-19.45.04:952][  0]LogConfig: Setting CVar [[s.EventDrivenLoaderEnabled:1]]
[2020.03.22-19.45.04:952][  0]LogConfig: Setting CVar [[s.WarnIfTimeLimitExceeded:0]]
[2020.03.22-19.45.04:952][  0]LogConfig: Setting CVar [[s.TimeLimitExceededMultiplier:1.5]]
[2020.03.22-19.45.04:952][  0]LogConfig: Setting CVar [[s.TimeLimitExceededMinTime:0.005]]
[2020.03.22-19.45.04:952][  0]LogConfig: Setting CVar [[s.UseBackgroundLevelStreaming:1]]
[2020.03.22-19.45.04:952][  0]LogConfig: Setting CVar [[s.PriorityAsyncLoadingExtraTime:15.0]]
[2020.03.22-19.45.04:952][  0]LogConfig: Setting CVar [[s.LevelStreamingActorsUpdateTimeLimit:5.0]]
[2020.03.22-19.45.04:952][  0]LogConfig: Setting CVar [[s.PriorityLevelStreamingActorsUpdateExtraTime:5.0]]
[2020.03.22-19.45.04:952][  0]LogConfig: Setting CVar [[s.LevelStreamingComponentsRegistrationGranularity:10]]
[2020.03.22-19.45.04:952][  0]LogConfig: Setting CVar [[s.UnregisterComponentsTimeLimit:1.0]]
[2020.03.22-19.45.04:952][  0]LogConfig: Setting CVar [[s.LevelStreamingComponentsUnregistrationGranularity:5]]
[2020.03.22-19.45.04:952][  0]LogConfig: Setting CVar [[s.FlushStreamingOnExit:1]]
[2020.03.22-19.45.04:953][  0]LogConfig: Applying CVar settings from Section [/Script/Engine.GarbageCollectionSettings] File [C:/Users/Jim/Documents/VFX_Learning/Saved/Config/Windows/Engine.ini]
[2020.03.22-19.45.04:953][  0]LogConfig: Setting CVar [[gc.MaxObjectsNotConsideredByGC:1]]
[2020.03.22-19.45.04:953][  0]LogConfig: Setting CVar [[gc.SizeOfPermanentObjectPool:0]]
[2020.03.22-19.45.04:953][  0]LogConfig: Setting CVar [[gc.FlushStreamingOnGC:0]]
[2020.03.22-19.45.04:953][  0]LogConfig: Setting CVar [[gc.NumRetriesBeforeForcingGC:10]]
[2020.03.22-19.45.04:953][  0]LogConfig: Setting CVar [[gc.AllowParallelGC:1]]
[2020.03.22-19.45.04:953][  0]LogConfig: Setting CVar [[gc.TimeBetweenPurgingPendingKillObjects:61.1]]
[2020.03.22-19.45.04:953][  0]LogConfig: Setting CVar [[gc.MaxObjectsInEditor:25165824]]
[2020.03.22-19.45.04:953][  0]LogConfig: Setting CVar [[gc.IncrementalBeginDestroyEnabled:1]]
[2020.03.22-19.45.04:953][  0]LogConfig: Setting CVar [[gc.CreateGCClusters:1]]
[2020.03.22-19.45.04:953][  0]LogConfig: Setting CVar [[gc.MinGCClusterSize:5]]
[2020.03.22-19.45.04:953][  0]LogConfig: Setting CVar [[gc.ActorClusteringEnabled:0]]
[2020.03.22-19.45.04:953][  0]LogConfig: Setting CVar [[gc.BlueprintClusteringEnabled:0]]
[2020.03.22-19.45.04:953][  0]LogConfig: Setting CVar [[gc.UseDisregardForGCOnDedicatedServers:0]]
[2020.03.22-19.45.04:953][  0]LogConfig: Applying CVar settings from Section [/Script/Engine.NetworkSettings] File [C:/Users/Jim/Documents/VFX_Learning/Saved/Config/Windows/Engine.ini]
[2020.03.22-19.45.04:953][  0]LogConfig: Applying CVar settings from Section [/Script/UnrealEd.CookerSettings] File [C:/Users/Jim/Documents/VFX_Learning/Saved/Config/Windows/Engine.ini]
[2020.03.22-19.45.04:962][  0]LogConfig: Applying CVar settings from Section [ViewDistanceQuality@3] File [C:/Users/Jim/Documents/VFX_Learning/Saved/Config/Windows/Scalability.ini]
[2020.03.22-19.45.04:962][  0]LogConfig: Setting CVar [[r.SkeletalMeshLODBias:0]]
[2020.03.22-19.45.04:962][  0]LogConfig: Setting CVar [[r.ViewDistanceScale:1.0]]
[2020.03.22-19.45.04:962][  0]LogConfig: Applying CVar settings from Section [AntiAliasingQuality@3] File [C:/Users/Jim/Documents/VFX_Learning/Saved/Config/Windows/Scalability.ini]
[2020.03.22-19.45.04:962][  0]LogConfig: Setting CVar [[r.PostProcessAAQuality:4]]
[2020.03.22-19.45.04:962][  0]LogConfig: Applying CVar settings from Section [ShadowQuality@3] File [C:/Users/Jim/Documents/VFX_Learning/Saved/Config/Windows/Scalability.ini]
[2020.03.22-19.45.04:962][  0]LogConfig: Setting CVar [[r.LightFunctionQuality:1]]
[2020.03.22-19.45.04:962][  0]LogConfig: Setting CVar [[r.ShadowQuality:5]]
[2020.03.22-19.45.04:962][  0]LogConfig: Setting CVar [[r.Shadow.CSM.MaxCascades:10]]
[2020.03.22-19.45.04:962][  0]LogConfig: Setting CVar [[r.Shadow.MaxResolution:2048]]
[2020.03.22-19.45.04:962][  0]LogConfig: Setting CVar [[r.Shadow.MaxCSMResolution:2048]]
[2020.03.22-19.45.04:962][  0]LogConfig: Setting CVar [[r.Shadow.RadiusThreshold:0.01]]
[2020.03.22-19.45.04:962][  0]LogConfig: Setting CVar [[r.Shadow.DistanceScale:1.0]]
[2020.03.22-19.45.04:962][  0]LogConfig: Setting CVar [[r.Shadow.CSM.TransitionScale:1.0]]
[2020.03.22-19.45.04:962][  0]LogConfig: Setting CVar [[r.Shadow.PreShadowResolutionFactor:1.0]]
[2020.03.22-19.45.04:962][  0]LogConfig: Setting CVar [[r.DistanceFieldShadowing:1]]
[2020.03.22-19.45.04:962][  0]LogConfig: Setting CVar [[r.DistanceFieldAO:1]]
[2020.03.22-19.45.04:962][  0]LogConfig: Setting CVar [[r.AOQuality:2]]
[2020.03.22-19.45.04:962][  0]LogConfig: Setting CVar [[r.VolumetricFog:1]]
[2020.03.22-19.45.04:962][  0]LogConfig: Setting CVar [[r.VolumetricFog.GridPixelSize:8]]
[2020.03.22-19.45.04:962][  0]LogConfig: Setting CVar [[r.VolumetricFog.GridSizeZ:128]]
[2020.03.22-19.45.04:962][  0]LogConfig: Setting CVar [[r.VolumetricFog.HistoryMissSupersampleCount:4]]
[2020.03.22-19.45.04:962][  0]LogConfig: Setting CVar [[r.LightMaxDrawDistanceScale:1]]
[2020.03.22-19.45.04:962][  0]LogConfig: Setting CVar [[r.CapsuleShadows:1]]
[2020.03.22-19.45.04:962][  0]LogConfig: Applying CVar settings from Section [PostProcessQuality@3] File [C:/Users/Jim/Documents/VFX_Learning/Saved/Config/Windows/Scalability.ini]
[2020.03.22-19.45.04:962][  0]LogConfig: Setting CVar [[r.MotionBlurQuality:4]]
[2020.03.22-19.45.04:962][  0]LogConfig: Setting CVar [[r.AmbientOcclusionMipLevelFactor:0.4]]
[2020.03.22-19.45.04:962][  0]LogConfig: Setting CVar [[r.AmbientOcclusionMaxQuality:100]]
[2020.03.22-19.45.04:962][  0]LogConfig: Setting CVar [[r.AmbientOcclusionLevels:-1]]
[2020.03.22-19.45.04:962][  0]LogConfig: Setting CVar [[r.AmbientOcclusionRadiusScale:1.0]]
[2020.03.22-19.45.04:962][  0]LogConfig: Setting CVar [[r.DepthOfFieldQuality:2]]
[2020.03.22-19.45.04:962][  0]LogConfig: Setting CVar [[r.RenderTargetPoolMin:400]]
[2020.03.22-19.45.04:962][  0]LogConfig: Setting CVar [[r.LensFlareQuality:2]]
[2020.03.22-19.45.04:962][  0]LogConfig: Setting CVar [[r.SceneColorFringeQuality:1]]
[2020.03.22-19.45.04:962][  0]LogConfig: Setting CVar [[r.EyeAdaptationQuality:2]]
[2020.03.22-19.45.04:962][  0]LogConfig: Setting CVar [[r.BloomQuality:5]]
[2020.03.22-19.45.04:962][  0]LogConfig: Setting CVar [[r.FastBlurThreshold:100]]
[2020.03.22-19.45.04:962][  0]LogConfig: Setting CVar [[r.Upscale.Quality:3]]
[2020.03.22-19.45.04:962][  0]LogConfig: Setting CVar [[r.Tonemapper.GrainQuantization:1]]
[2020.03.22-19.45.04:963][  0]LogConfig: Setting CVar [[r.LightShaftQuality:1]]
[2020.03.22-19.45.04:963][  0]LogConfig: Setting CVar [[r.Filter.SizeScale:1]]
[2020.03.22-19.45.04:963][  0]LogConfig: Setting CVar [[r.Tonemapper.Quality:5]]
[2020.03.22-19.45.04:963][  0]LogConfig: Setting CVar [[r.DOF.Gather.AccumulatorQuality:1        ; higher gathering accumulator quality]]
[2020.03.22-19.45.04:963][  0]LogConfig: Setting CVar [[r.DOF.Gather.PostfilterMethod:1          ; Median3x3 postfilering method]]
[2020.03.22-19.45.04:963][  0]LogConfig: Setting CVar [[r.DOF.Gather.EnableBokehSettings:0       ; no bokeh simulation when gathering]]
[2020.03.22-19.45.04:963][  0]LogConfig: Setting CVar [[r.DOF.Gather.RingCount:4                 ; medium number of samples when gathering]]
[2020.03.22-19.45.04:963][  0]LogConfig: Setting CVar [[r.DOF.Scatter.ForegroundCompositing:1    ; additive foreground scattering]]
[2020.03.22-19.45.04:963][  0]LogConfig: Setting CVar [[r.DOF.Scatter.BackgroundCompositing:2    ; additive background scattering]]
[2020.03.22-19.45.04:963][  0]LogConfig: Setting CVar [[r.DOF.Scatter.EnableBokehSettings:1      ; bokeh simulation when scattering]]
[2020.03.22-19.45.04:963][  0]LogConfig: Setting CVar [[r.DOF.Scatter.MaxSpriteRatio:0.1         ; only a maximum of 10% of scattered bokeh]]
[2020.03.22-19.45.04:963][  0]LogConfig: Setting CVar [[r.DOF.Recombine.Quality:1                ; cheap slight out of focus]]
[2020.03.22-19.45.04:963][  0]LogConfig: Setting CVar [[r.DOF.Recombine.EnableBokehSettings:0    ; no bokeh simulation on slight out of focus]]
[2020.03.22-19.45.04:963][  0]LogConfig: Setting CVar [[r.DOF.TemporalAAQuality:1                ; more stable temporal accumulation]]
[2020.03.22-19.45.04:963][  0]LogConfig: Setting CVar [[r.DOF.Kernel.MaxForegroundRadius:0.025]]
[2020.03.22-19.45.04:963][  0]LogConfig: Setting CVar [[r.DOF.Kernel.MaxBackgroundRadius:0.025]]
[2020.03.22-19.45.04:963][  0]LogConfig: Applying CVar settings from Section [TextureQuality@3] File [C:/Users/Jim/Documents/VFX_Learning/Saved/Config/Windows/Scalability.ini]
[2020.03.22-19.45.04:963][  0]LogConfig: Setting CVar [[r.Streaming.MipBias:0]]
[2020.03.22-19.45.04:963][  0]LogConfig: Setting CVar [[r.Streaming.AmortizeCPUToGPUCopy:0]]
[2020.03.22-19.45.04:963][  0]LogConfig: Setting CVar [[r.Streaming.MaxNumTexturesToStreamPerFrame:0]]
[2020.03.22-19.45.04:963][  0]LogConfig: Setting CVar [[r.Streaming.Boost:1]]
[2020.03.22-19.45.04:963][  0]LogConfig: Setting CVar [[r.MaxAnisotropy:8]]
[2020.03.22-19.45.04:963][  0]LogConfig: Setting CVar [[r.VT.MaxAnisotropy:8]]
[2020.03.22-19.45.04:963][  0]LogConfig: Setting CVar [[r.Streaming.LimitPoolSizeToVRAM:0]]
[2020.03.22-19.45.04:963][  0]LogConfig: Setting CVar [[r.Streaming.PoolSize:1000]]
[2020.03.22-19.45.04:963][  0]LogConfig: Setting CVar [[r.Streaming.MaxEffectiveScreenSize:0]]
[2020.03.22-19.45.04:963][  0]LogConfig: Applying CVar settings from Section [EffectsQuality@3] File [C:/Users/Jim/Documents/VFX_Learning/Saved/Config/Windows/Scalability.ini]
[2020.03.22-19.45.04:963][  0]LogConfig: Setting CVar [[r.TranslucencyLightingVolumeDim:64]]
[2020.03.22-19.45.04:963][  0]LogConfig: Setting CVar [[r.RefractionQuality:2]]
[2020.03.22-19.45.04:963][  0]LogConfig: Setting CVar [[r.SSR.Quality:3]]
[2020.03.22-19.45.04:963][  0]LogConfig: Setting CVar [[r.SSR.HalfResSceneColor:0]]
[2020.03.22-19.45.04:963][  0]LogConfig: Setting CVar [[r.SceneColorFormat:4]]
[2020.03.22-19.45.04:963][  0]LogConfig: Setting CVar [[r.DetailMode:2]]
[2020.03.22-19.45.04:963][  0]LogConfig: Setting CVar [[r.TranslucencyVolumeBlur:1]]
[2020.03.22-19.45.04:963][  0]LogConfig: Setting CVar [[r.MaterialQualityLevel:1 ; High quality]]
[2020.03.22-19.45.04:963][  0]LogConfig: Setting CVar [[r.SSS.Scale:1]]
[2020.03.22-19.45.04:963][  0]LogConfig: Setting CVar [[r.SSS.SampleSet:2]]
[2020.03.22-19.45.04:963][  0]LogConfig: Setting CVar [[r.SSS.Quality:1]]
[2020.03.22-19.45.04:963][  0]LogConfig: Setting CVar [[r.SSS.HalfRes:1]]
[2020.03.22-19.45.04:963][  0]LogConfig: Setting CVar [[r.SSGI.Quality:3]]
[2020.03.22-19.45.04:963][  0]LogConfig: Setting CVar [[r.EmitterSpawnRateScale:1.0]]
[2020.03.22-19.45.04:963][  0]LogConfig: Setting CVar [[r.ParticleLightQuality:2]]
[2020.03.22-19.45.04:963][  0]LogConfig: Setting CVar [[r.SkyAtmosphere.AerialPerspectiveLUT.FastApplyOnOpaque:1 ; Always have FastSkyLUT 1 in this case to avoid wrong sky]]
[2020.03.22-19.45.04:963][  0]LogConfig: Setting CVar [[r.SkyAtmosphere.AerialPerspectiveLUT.SampleCountPerSlice:1]]
[2020.03.22-19.45.04:963][  0]LogConfig: Setting CVar [[r.SkyAtmosphere.AerialPerspectiveLUT.DepthResolution:16.0]]
[2020.03.22-19.45.04:963][  0]LogConfig: Setting CVar [[r.SkyAtmosphere.FastSkyLUT:1]]
[2020.03.22-19.45.04:963][  0]LogConfig: Setting CVar [[r.SkyAtmosphere.FastSkyLUT.SampleCountMin:4.0]]
[2020.03.22-19.45.04:963][  0]LogConfig: Setting CVar [[r.SkyAtmosphere.FastSkyLUT.SampleCountMax:32.0]]
[2020.03.22-19.45.04:963][  0]LogConfig: Setting CVar [[r.SkyAtmosphere.SampleCountMin:4.0]]
[2020.03.22-19.45.04:963][  0]LogConfig: Setting CVar [[r.SkyAtmosphere.SampleCountMax:32.0]]
[2020.03.22-19.45.04:963][  0]LogConfig: Setting CVar [[r.SkyAtmosphere.TransmittanceLUT.UseSmallFormat:0]]
[2020.03.22-19.45.04:963][  0]LogConfig: Setting CVar [[r.SkyAtmosphere.TransmittanceLUT.SampleCount:10.0]]
[2020.03.22-19.45.04:963][  0]LogConfig: Setting CVar [[r.SkyAtmosphere.MultiScatteringLUT.SampleCount:15.0]]
[2020.03.22-19.45.04:963][  0]LogConfig: Applying CVar settings from Section [FoliageQuality@3] File [C:/Users/Jim/Documents/VFX_Learning/Saved/Config/Windows/Scalability.ini]
[2020.03.22-19.45.04:963][  0]LogConfig: Setting CVar [[foliage.DensityScale:1.0]]
[2020.03.22-19.45.04:963][  0]LogConfig: Setting CVar [[grass.DensityScale:1.0]]
[2020.03.22-19.45.04:963][  0]LogConfig: Applying CVar settings from Section [ShadingQuality@3] File [C:/Users/Jim/Documents/VFX_Learning/Saved/Config/Windows/Scalability.ini]
[2020.03.22-19.45.04:963][  0]LogConfig: Setting CVar [[r.HairStrands.SkyLighting.SampleCount:16]]
[2020.03.22-19.45.04:963][  0]LogConfig: Setting CVar [[r.HairStrands.SkyLighting.JitterIntegration:0]]
[2020.03.22-19.45.04:963][  0]LogConfig: Setting CVar [[r.HairStrands.SkyAO.SampleCount:16]]
[2020.03.22-19.45.04:964][  0]LogInit: Selected Device Profile: [Windows]
[2020.03.22-19.45.04:964][  0]LogInit: Applying CVar settings loaded from the selected device profile: [Windows]
[2020.03.22-19.45.04:968][  0]LogHAL: Display: Platform has ~ 32 GB [34290954240 / 34359738368 / 32], which maps to Largest [LargestMinGB=32, LargerMinGB=12, DefaultMinGB=8, SmallerMinGB=6, SmallestMinGB=0)
[2020.03.22-19.45.04:968][  0]LogInit: Going up to parent DeviceProfile []
[2020.03.22-19.45.04:968][  0]LogConfig: Applying CVar settings from Section [ViewDistanceQuality@3] File [C:/Users/Jim/Documents/VFX_Learning/Saved/Config/Windows/Scalability.ini]
[2020.03.22-19.45.04:968][  0]LogConfig: Setting CVar [[r.SkeletalMeshLODBias:0]]
[2020.03.22-19.45.04:968][  0]LogConfig: Setting CVar [[r.ViewDistanceScale:1.0]]
[2020.03.22-19.45.04:968][  0]LogConfig: Applying CVar settings from Section [AntiAliasingQuality@3] File [C:/Users/Jim/Documents/VFX_Learning/Saved/Config/Windows/Scalability.ini]
[2020.03.22-19.45.04:968][  0]LogConfig: Setting CVar [[r.PostProcessAAQuality:4]]
[2020.03.22-19.45.04:968][  0]LogConfig: Applying CVar settings from Section [ShadowQuality@3] File [C:/Users/Jim/Documents/VFX_Learning/Saved/Config/Windows/Scalability.ini]
[2020.03.22-19.45.04:968][  0]LogConfig: Setting CVar [[r.LightFunctionQuality:1]]
[2020.03.22-19.45.04:968][  0]LogConfig: Setting CVar [[r.ShadowQuality:5]]
[2020.03.22-19.45.04:968][  0]LogConfig: Setting CVar [[r.Shadow.CSM.MaxCascades:10]]
[2020.03.22-19.45.04:968][  0]LogConfig: Setting CVar [[r.Shadow.MaxResolution:2048]]
[2020.03.22-19.45.04:968][  0]LogConfig: Setting CVar [[r.Shadow.MaxCSMResolution:2048]]
[2020.03.22-19.45.04:968][  0]LogConfig: Setting CVar [[r.Shadow.RadiusThreshold:0.01]]
[2020.03.22-19.45.04:968][  0]LogConfig: Setting CVar [[r.Shadow.DistanceScale:1.0]]
[2020.03.22-19.45.04:968][  0]LogConfig: Setting CVar [[r.Shadow.CSM.TransitionScale:1.0]]
[2020.03.22-19.45.04:968][  0]LogConfig: Setting CVar [[r.Shadow.PreShadowResolutionFactor:1.0]]
[2020.03.22-19.45.04:968][  0]LogConfig: Setting CVar [[r.DistanceFieldShadowing:1]]
[2020.03.22-19.45.04:968][  0]LogConfig: Setting CVar [[r.DistanceFieldAO:1]]
[2020.03.22-19.45.04:968][  0]LogConfig: Setting CVar [[r.AOQuality:2]]
[2020.03.22-19.45.04:968][  0]LogConfig: Setting CVar [[r.VolumetricFog:1]]
[2020.03.22-19.45.04:968][  0]LogConfig: Setting CVar [[r.VolumetricFog.GridPixelSize:8]]
[2020.03.22-19.45.04:968][  0]LogConfig: Setting CVar [[r.VolumetricFog.GridSizeZ:128]]
[2020.03.22-19.45.04:968][  0]LogConfig: Setting CVar [[r.VolumetricFog.HistoryMissSupersampleCount:4]]
[2020.03.22-19.45.04:968][  0]LogConfig: Setting CVar [[r.LightMaxDrawDistanceScale:1]]
[2020.03.22-19.45.04:968][  0]LogConfig: Setting CVar [[r.CapsuleShadows:1]]
[2020.03.22-19.45.04:968][  0]LogConfig: Applying CVar settings from Section [PostProcessQuality@3] File [C:/Users/Jim/Documents/VFX_Learning/Saved/Config/Windows/Scalability.ini]
[2020.03.22-19.45.04:968][  0]LogConfig: Setting CVar [[r.MotionBlurQuality:4]]
[2020.03.22-19.45.04:968][  0]LogConfig: Setting CVar [[r.AmbientOcclusionMipLevelFactor:0.4]]
[2020.03.22-19.45.04:968][  0]LogConfig: Setting CVar [[r.AmbientOcclusionMaxQuality:100]]
[2020.03.22-19.45.04:968][  0]LogConfig: Setting CVar [[r.AmbientOcclusionLevels:-1]]
[2020.03.22-19.45.04:968][  0]LogConfig: Setting CVar [[r.AmbientOcclusionRadiusScale:1.0]]
[2020.03.22-19.45.04:968][  0]LogConfig: Setting CVar [[r.DepthOfFieldQuality:2]]
[2020.03.22-19.45.04:968][  0]LogConfig: Setting CVar [[r.RenderTargetPoolMin:400]]
[2020.03.22-19.45.04:968][  0]LogConfig: Setting CVar [[r.LensFlareQuality:2]]
[2020.03.22-19.45.04:968][  0]LogConfig: Setting CVar [[r.SceneColorFringeQuality:1]]
[2020.03.22-19.45.04:969][  0]LogConfig: Setting CVar [[r.EyeAdaptationQuality:2]]
[2020.03.22-19.45.04:969][  0]LogConfig: Setting CVar [[r.BloomQuality:5]]
[2020.03.22-19.45.04:969][  0]LogConfig: Setting CVar [[r.FastBlurThreshold:100]]
[2020.03.22-19.45.04:969][  0]LogConfig: Setting CVar [[r.Upscale.Quality:3]]
[2020.03.22-19.45.04:969][  0]LogConfig: Setting CVar [[r.Tonemapper.GrainQuantization:1]]
[2020.03.22-19.45.04:969][  0]LogConfig: Setting CVar [[r.LightShaftQuality:1]]
[2020.03.22-19.45.04:969][  0]LogConfig: Setting CVar [[r.Filter.SizeScale:1]]
[2020.03.22-19.45.04:969][  0]LogConfig: Setting CVar [[r.Tonemapper.Quality:5]]
[2020.03.22-19.45.04:969][  0]LogConfig: Setting CVar [[r.DOF.Gather.AccumulatorQuality:1        ; higher gathering accumulator quality]]
[2020.03.22-19.45.04:969][  0]LogConfig: Setting CVar [[r.DOF.Gather.PostfilterMethod:1          ; Median3x3 postfilering method]]
[2020.03.22-19.45.04:969][  0]LogConfig: Setting CVar [[r.DOF.Gather.EnableBokehSettings:0       ; no bokeh simulation when gathering]]
[2020.03.22-19.45.04:969][  0]LogConfig: Setting CVar [[r.DOF.Gather.RingCount:4                 ; medium number of samples when gathering]]
[2020.03.22-19.45.04:969][  0]LogConfig: Setting CVar [[r.DOF.Scatter.ForegroundCompositing:1    ; additive foreground scattering]]
[2020.03.22-19.45.04:969][  0]LogConfig: Setting CVar [[r.DOF.Scatter.BackgroundCompositing:2    ; additive background scattering]]
[2020.03.22-19.45.04:969][  0]LogConfig: Setting CVar [[r.DOF.Scatter.EnableBokehSettings:1      ; bokeh simulation when scattering]]
[2020.03.22-19.45.04:969][  0]LogConfig: Setting CVar [[r.DOF.Scatter.MaxSpriteRatio:0.1         ; only a maximum of 10% of scattered bokeh]]
[2020.03.22-19.45.04:969][  0]LogConfig: Setting CVar [[r.DOF.Recombine.Quality:1                ; cheap slight out of focus]]
[2020.03.22-19.45.04:969][  0]LogConfig: Setting CVar [[r.DOF.Recombine.EnableBokehSettings:0    ; no bokeh simulation on slight out of focus]]
[2020.03.22-19.45.04:969][  0]LogConfig: Setting CVar [[r.DOF.TemporalAAQuality:1                ; more stable temporal accumulation]]
[2020.03.22-19.45.04:969][  0]LogConfig: Setting CVar [[r.DOF.Kernel.MaxForegroundRadius:0.025]]
[2020.03.22-19.45.04:969][  0]LogConfig: Setting CVar [[r.DOF.Kernel.MaxBackgroundRadius:0.025]]
[2020.03.22-19.45.04:969][  0]LogConfig: Applying CVar settings from Section [TextureQuality@3] File [C:/Users/Jim/Documents/VFX_Learning/Saved/Config/Windows/Scalability.ini]
[2020.03.22-19.45.04:969][  0]LogConfig: Setting CVar [[r.Streaming.MipBias:0]]
[2020.03.22-19.45.04:969][  0]LogConfig: Setting CVar [[r.Streaming.AmortizeCPUToGPUCopy:0]]
[2020.03.22-19.45.04:969][  0]LogConfig: Setting CVar [[r.Streaming.MaxNumTexturesToStreamPerFrame:0]]
[2020.03.22-19.45.04:969][  0]LogConfig: Setting CVar [[r.Streaming.Boost:1]]
[2020.03.22-19.45.04:969][  0]LogConfig: Setting CVar [[r.MaxAnisotropy:8]]
[2020.03.22-19.45.04:969][  0]LogConfig: Setting CVar [[r.VT.MaxAnisotropy:8]]
[2020.03.22-19.45.04:969][  0]LogConfig: Setting CVar [[r.Streaming.LimitPoolSizeToVRAM:0]]
[2020.03.22-19.45.04:969][  0]LogConfig: Setting CVar [[r.Streaming.PoolSize:1000]]
[2020.03.22-19.45.04:969][  0]LogConfig: Setting CVar [[r.Streaming.MaxEffectiveScreenSize:0]]
[2020.03.22-19.45.04:969][  0]LogConfig: Applying CVar settings from Section [EffectsQuality@3] File [C:/Users/Jim/Documents/VFX_Learning/Saved/Config/Windows/Scalability.ini]
[2020.03.22-19.45.04:969][  0]LogConfig: Setting CVar [[r.TranslucencyLightingVolumeDim:64]]
[2020.03.22-19.45.04:969][  0]LogConfig: Setting CVar [[r.RefractionQuality:2]]
[2020.03.22-19.45.04:969][  0]LogConfig: Setting CVar [[r.SSR.Quality:3]]
[2020.03.22-19.45.04:969][  0]LogConfig: Setting CVar [[r.SSR.HalfResSceneColor:0]]
[2020.03.22-19.45.04:969][  0]LogConfig: Setting CVar [[r.SceneColorFormat:4]]
[2020.03.22-19.45.04:969][  0]LogConfig: Setting CVar [[r.DetailMode:2]]
[2020.03.22-19.45.04:969][  0]LogConfig: Setting CVar [[r.TranslucencyVolumeBlur:1]]
[2020.03.22-19.45.04:969][  0]LogConfig: Setting CVar [[r.MaterialQualityLevel:1 ; High quality]]
[2020.03.22-19.45.04:969][  0]LogConfig: Setting CVar [[r.SSS.Scale:1]]
[2020.03.22-19.45.04:969][  0]LogConfig: Setting CVar [[r.SSS.SampleSet:2]]
[2020.03.22-19.45.04:969][  0]LogConfig: Setting CVar [[r.SSS.Quality:1]]
[2020.03.22-19.45.04:969][  0]LogConfig: Setting CVar [[r.SSS.HalfRes:1]]
[2020.03.22-19.45.04:969][  0]LogConfig: Setting CVar [[r.SSGI.Quality:3]]
[2020.03.22-19.45.04:969][  0]LogConfig: Setting CVar [[r.EmitterSpawnRateScale:1.0]]
[2020.03.22-19.45.04:969][  0]LogConfig: Setting CVar [[r.ParticleLightQuality:2]]
[2020.03.22-19.45.04:969][  0]LogConfig: Setting CVar [[r.SkyAtmosphere.AerialPerspectiveLUT.FastApplyOnOpaque:1 ; Always have FastSkyLUT 1 in this case to avoid wrong sky]]
[2020.03.22-19.45.04:969][  0]LogConfig: Setting CVar [[r.SkyAtmosphere.AerialPerspectiveLUT.SampleCountPerSlice:1]]
[2020.03.22-19.45.04:969][  0]LogConfig: Setting CVar [[r.SkyAtmosphere.AerialPerspectiveLUT.DepthResolution:16.0]]
[2020.03.22-19.45.04:969][  0]LogConfig: Setting CVar [[r.SkyAtmosphere.FastSkyLUT:1]]
[2020.03.22-19.45.04:969][  0]LogConfig: Setting CVar [[r.SkyAtmosphere.FastSkyLUT.SampleCountMin:4.0]]
[2020.03.22-19.45.04:969][  0]LogConfig: Setting CVar [[r.SkyAtmosphere.FastSkyLUT.SampleCountMax:32.0]]
[2020.03.22-19.45.04:969][  0]LogConfig: Setting CVar [[r.SkyAtmosphere.SampleCountMin:4.0]]
[2020.03.22-19.45.04:969][  0]LogConfig: Setting CVar [[r.SkyAtmosphere.SampleCountMax:32.0]]
[2020.03.22-19.45.04:969][  0]LogConfig: Setting CVar [[r.SkyAtmosphere.TransmittanceLUT.UseSmallFormat:0]]
[2020.03.22-19.45.04:969][  0]LogConfig: Setting CVar [[r.SkyAtmosphere.TransmittanceLUT.SampleCount:10.0]]
[2020.03.22-19.45.04:970][  0]LogConfig: Setting CVar [[r.SkyAtmosphere.MultiScatteringLUT.SampleCount:15.0]]
[2020.03.22-19.45.04:970][  0]LogConfig: Applying CVar settings from Section [FoliageQuality@3] File [C:/Users/Jim/Documents/VFX_Learning/Saved/Config/Windows/Scalability.ini]
[2020.03.22-19.45.04:970][  0]LogConfig: Setting CVar [[foliage.DensityScale:1.0]]
[2020.03.22-19.45.04:970][  0]LogConfig: Setting CVar [[grass.DensityScale:1.0]]
[2020.03.22-19.45.04:970][  0]LogConfig: Applying CVar settings from Section [ShadingQuality@3] File [C:/Users/Jim/Documents/VFX_Learning/Saved/Config/Windows/Scalability.ini]
[2020.03.22-19.45.04:970][  0]LogConfig: Setting CVar [[r.HairStrands.SkyLighting.SampleCount:16]]
[2020.03.22-19.45.04:970][  0]LogConfig: Setting CVar [[r.HairStrands.SkyLighting.JitterIntegration:0]]
[2020.03.22-19.45.04:970][  0]LogConfig: Setting CVar [[r.HairStrands.SkyAO.SampleCount:16]]
[2020.03.22-19.45.04:970][  0]LogConfig: Applying CVar settings from Section [Startup] File [../../../Engine/Config/ConsoleVariables.ini]
[2020.03.22-19.45.04:971][  0]LogConfig: Setting CVar [[net.UseAdaptiveNetUpdateFrequency:0]]
[2020.03.22-19.45.04:971][  0]LogConfig: Setting CVar [[p.chaos.AllowCreatePhysxBodies:1]]
[2020.03.22-19.45.04:971][  0]LogConfig: Setting CVar [[fx.SkipVectorVMBackendOptimizations:1]]
[2020.03.22-19.45.04:971][  0]LogConfig: Applying CVar settings from Section [ConsoleVariables] File [C:/Users/Jim/Documents/VFX_Learning/Saved/Config/Windows/Engine.ini]
[2020.03.22-19.45.04:971][  0]LogInit: Computer: DESKTOP-IUR89VI
[2020.03.22-19.45.04:971][  0]LogInit: User: Jim
[2020.03.22-19.45.04:971][  0]LogInit: CPU Page size=4096, Cores=6
[2020.03.22-19.45.04:971][  0]LogInit: High frequency timer resolution =10.000000 MHz
[2020.03.22-19.45.04:971][  0]LogMemory: Memory total: Physical=31.9GB (32GB approx)
[2020.03.22-19.45.04:971][  0]LogMemory: Platform Memory Stats for Windows
[2020.03.22-19.45.04:971][  0]LogMemory: Process Physical Memory: 109.18 MB used, 109.18 MB peak
[2020.03.22-19.45.04:971][  0]LogMemory: Process Virtual Memory: 101.97 MB used, 101.97 MB peak
[2020.03.22-19.45.04:971][  0]LogMemory: Physical Memory: 12552.87 MB used,  20149.53 MB free, 32702.40 MB total
[2020.03.22-19.45.04:971][  0]LogMemory: Virtual Memory: 5160.29 MB used,  134212568.00 MB free, 134217728.00 MB total
[2020.03.22-19.45.04:983][  0]LogWindows: WindowsPlatformFeatures enabled
[2020.03.22-19.45.05:151][  0]LogInit: Overriding language with editor language configuration option (en).
[2020.03.22-19.45.05:151][  0]LogInit: Overriding locale with editor locale configuration option (en-US).
[2020.03.22-19.45.05:516][  0]LogInit: Setting process to per monitor DPI aware
[2020.03.22-19.45.05:627][  0]LogSlate: New Slate User Created.  User Index 0, Is Virtual User: 0
[2020.03.22-19.45.05:627][  0]LogSlate: Slate User Registered.  User Index 0, Is Virtual User: 0
[2020.03.22-19.45.06:194][  0]LogD3D12RHI: Aftermath initialized
[2020.03.22-19.45.06:194][  0]LogD3D12RHI: Loading WinPixEventRuntime.dll for PIX profiling (from ../../../Engine/Binaries/ThirdParty/Windows/DirectX/x64).
[2020.03.22-19.45.06:212][  0]LogHMD: Failed to initialize OpenVR with code 110
[2020.03.22-19.45.06:366][  0]LogD3D12RHI: Found D3D12 adapter 0: NVIDIA GeForce GTX 1080 Ti (Max supported Feature Level 12_1)
[2020.03.22-19.45.06:366][  0]LogD3D12RHI: Adapter has 11127MB of dedicated video memory, 0MB of dedicated system memory, and 16351MB of shared system memory, 2 output[s]
[2020.03.22-19.45.06:387][  0]LogD3D12RHI: Found D3D12 adapter 1: Microsoft Basic Render Driver (Max supported Feature Level 12_1)
[2020.03.22-19.45.06:387][  0]LogD3D12RHI: Adapter has 0MB of dedicated video memory, 0MB of dedicated system memory, and 16351MB of shared system memory, 0 output[s]
[2020.03.22-19.45.06:387][  0]LogD3D12RHI: Forcing D3D12.AsyncDeferredDeletion=0 as a workaround for a deadlock.
[2020.03.22-19.45.06:387][  0]LogD3D12RHI: Chosen D3D12 Adapter Id = 0
[2020.03.22-19.45.06:402][  0]LogD3D12RHI: Emitting draw events for PIX profiling.
[2020.03.22-19.45.06:489][  0]LogD3D12RHI: The system supports ID3D12Device1.
[2020.03.22-19.45.06:489][  0]LogD3D12RHI: The system supports ID3D12Device2.
[2020.03.22-19.45.06:608][  0]LogD3D12RHI: Display: Not using pipeline state disk cache per r.D3D12.PSO.DiskCache=0
[2020.03.22-19.45.06:608][  0]LogD3D12RHI: Display: Not using driver-optimized pipeline state disk cache per r.D3D12.PSO.DriverOptimizedDiskCache=0
[2020.03.22-19.45.06:611][  0]LogD3D12RHI:     GPU DeviceId: 0x1b06 (for the marketing name, search the web for "GPU Device Id")
[2020.03.22-19.45.06:611][  0]LogWindows: EnumDisplayDevices:
[2020.03.22-19.45.06:612][  0]LogWindows:    0. 'NVIDIA GeForce GTX 1080 Ti' (P:1 D:1)
[2020.03.22-19.45.06:612][  0]LogWindows:    1. 'NVIDIA GeForce GTX 1080 Ti' (P:0 D:1)
[2020.03.22-19.45.06:613][  0]LogWindows:    2. 'NVIDIA GeForce GTX 1080 Ti' (P:0 D:0)
[2020.03.22-19.45.06:614][  0]LogWindows:    3. 'NVIDIA GeForce GTX 1080 Ti' (P:0 D:0)
[2020.03.22-19.45.06:614][  0]LogWindows: DebugString: FoundDriverCount:4 
[2020.03.22-19.45.06:614][  0]LogD3D12RHI:     Adapter Name: NVIDIA GeForce GTX 1080 Ti
[2020.03.22-19.45.06:614][  0]LogD3D12RHI:   Driver Version: 442.59 (internal:26.21.14.4259, unified:442.59)
[2020.03.22-19.45.06:614][  0]LogD3D12RHI:      Driver Date: 3-4-2020
[2020.03.22-19.45.06:614][  0]LogRHI: Texture pool is 5958 MB (70% of 8512 MB)
[2020.03.22-19.45.06:614][  0]LogD3D12RHI: Async texture creation enabled
[2020.03.22-19.45.06:614][  0]LogD3D12RHI: RHI has support for 64 bit atomics
[2020.03.22-19.45.07:394][  0]LogTargetPlatformManager: Display: Loaded TargetPlatform 'AllDesktop'
[2020.03.22-19.45.07:441][  0]LogTargetPlatformManager: Display: Loaded TargetPlatform 'Android'
[2020.03.22-19.45.07:441][  0]LogTargetPlatformManager: Display: Loaded TargetPlatform 'Android_ASTC'
[2020.03.22-19.45.07:441][  0]LogTargetPlatformManager: Display: Loaded TargetPlatform 'Android_ATC'
[2020.03.22-19.45.07:441][  0]LogTargetPlatformManager: Display: Loaded TargetPlatform 'Android_DXT'
[2020.03.22-19.45.07:441][  0]LogTargetPlatformManager: Display: Loaded TargetPlatform 'Android_ETC1'
[2020.03.22-19.45.07:441][  0]LogTargetPlatformManager: Display: Loaded TargetPlatform 'Android_ETC1a'
[2020.03.22-19.45.07:441][  0]LogTargetPlatformManager: Display: Loaded TargetPlatform 'Android_ETC2'
[2020.03.22-19.45.07:441][  0]LogTargetPlatformManager: Display: Loaded TargetPlatform 'Android_PVRTC'
[2020.03.22-19.45.07:441][  0]LogTargetPlatformManager: Display: Loaded TargetPlatform 'AndroidClient'
[2020.03.22-19.45.07:441][  0]LogTargetPlatformManager: Display: Loaded TargetPlatform 'Android_ASTCClient'
[2020.03.22-19.45.07:441][  0]LogTargetPlatformManager: Display: Loaded TargetPlatform 'Android_ATCClient'
[2020.03.22-19.45.07:441][  0]LogTargetPlatformManager: Display: Loaded TargetPlatform 'Android_DXTClient'
[2020.03.22-19.45.07:441][  0]LogTargetPlatformManager: Display: Loaded TargetPlatform 'Android_ETC1Client'
[2020.03.22-19.45.07:441][  0]LogTargetPlatformManager: Display: Loaded TargetPlatform 'Android_ETC1aClient'
[2020.03.22-19.45.07:441][  0]LogTargetPlatformManager: Display: Loaded TargetPlatform 'Android_ETC2Client'
[2020.03.22-19.45.07:441][  0]LogTargetPlatformManager: Display: Loaded TargetPlatform 'Android_PVRTCClient'
[2020.03.22-19.45.07:441][  0]LogTargetPlatformManager: Display: Loaded TargetPlatform 'Android_Multi'
[2020.03.22-19.45.07:441][  0]LogTargetPlatformManager: Display: Loaded TargetPlatform 'Android_MultiClient'
[2020.03.22-19.45.07:473][  0]LogTargetPlatformManager: Display: Loaded TargetPlatform 'IOSClient'
[2020.03.22-19.45.07:473][  0]LogTargetPlatformManager: Display: Loaded TargetPlatform 'IOS'
[2020.03.22-19.45.07:486][  0]LogTargetPlatformManager: Display: Loaded TargetPlatform 'LinuxNoEditor'
[2020.03.22-19.45.07:497][  0]LogTargetPlatformManager: Display: Loaded TargetPlatform 'LinuxClient'
[2020.03.22-19.45.07:508][  0]LogTargetPlatformManager: Display: Loaded TargetPlatform 'LinuxServer'
[2020.03.22-19.45.07:520][  0]LogTargetPlatformManager: Display: Loaded TargetPlatform 'LinuxAArch64NoEditor'
[2020.03.22-19.45.07:532][  0]LogTargetPlatformManager: Display: Loaded TargetPlatform 'LinuxAArch64Client'
[2020.03.22-19.45.07:544][  0]LogTargetPlatformManager: Display: Loaded TargetPlatform 'LinuxAArch64Server'
[2020.03.22-19.45.07:583][  0]LogTargetPlatformManager: Display: Loaded TargetPlatform 'Lumin'
[2020.03.22-19.45.07:583][  0]LogTargetPlatformManager: Display: Loaded TargetPlatform 'LuminClient'
[2020.03.22-19.45.07:604][  0]LogTargetPlatformManager: Display: Loaded TargetPlatform 'TVOSClient'
[2020.03.22-19.45.07:604][  0]LogTargetPlatformManager: Display: Loaded TargetPlatform 'TVOS'
[2020.03.22-19.45.07:614][  0]LogTargetPlatformManager: Display: Loaded TargetPlatform 'WindowsNoEditor'
[2020.03.22-19.45.07:627][  0]LogTargetPlatformManager: Display: Loaded TargetPlatform 'Windows'
[2020.03.22-19.45.07:638][  0]LogTargetPlatformManager: Display: Loaded TargetPlatform 'WindowsClient'
[2020.03.22-19.45.07:650][  0]LogTargetPlatformManager: Display: Loaded TargetPlatform 'WindowsServer'
[2020.03.22-19.45.07:650][  0]LogTargetPlatformManager: Display: Building Assets For Windows
[2020.03.22-19.45.07:668][  0]LogAudioDebug: Display: Lib vorbis DLL was dynamically loaded.
[2020.03.22-19.45.07:765][  0]LogShaderCompilers: Guid format shader working directory is 9 characters bigger than the processId version (C:/Users/Jim/Documents/VFX_Learning/Intermediate/Shaders/WorkingDirectory/9300/).
[2020.03.22-19.45.07:766][  0]LogShaderCompilers: Cleaned the shader compiler working directory 'C:/Users/Jim/AppData/Local/Temp/UnrealShaderWorkingDir/5CD6E46D43FD3B19E8ABD8A288347B9B/'.
[2020.03.22-19.45.07:767][  0]LogXGEController: Cleaning working directory: C:/Users/Jim/AppData/Local/Temp/UnrealXGEWorkingDir/
[2020.03.22-19.45.07:768][  0]LogXGEController: Cannot use XGE Controller as Incredibuild is not installed on this machine.
[2020.03.22-19.45.07:769][  0]LogShaderCompilers: Cannot use XGE Shader Compiler as Incredibuild is not installed on this machine.
[2020.03.22-19.45.07:769][  0]LogShaderCompilers: Display: Using Local Shader Compiler.
[2020.03.22-19.45.08:993][  0]LogDerivedDataCache: Display: Max Cache Size: 512 MB
[2020.03.22-19.45.09:246][  0]LogDerivedDataCache: Loaded boot cache 0.25s 80MB C:/Users/Jim/AppData/Local/UnrealEngine/4.24/DerivedDataCache/Boot.ddc.
[2020.03.22-19.45.09:246][  0]LogDerivedDataCache: Display: Loaded Boot cache: C:/Users/Jim/AppData/Local/UnrealEngine/4.24/DerivedDataCache/Boot.ddc
[2020.03.22-19.45.09:246][  0]LogDerivedDataCache: FDerivedDataBackendGraph:  Pak pak cache file C:/Users/Jim/Documents/VFX_Learning/DerivedDataCache/DDC.ddp not found, will not use a pak cache.
[2020.03.22-19.45.09:246][  0]LogDerivedDataCache: Unable to find inner node Pak for hierarchical cache Hierarchy.
[2020.03.22-19.45.09:246][  0]LogDerivedDataCache: FDerivedDataBackendGraph:  CompressedPak pak cache file C:/Users/Jim/Documents/VFX_Learning/DerivedDataCache/Compressed.ddp not found, will not use a pak cache.
[2020.03.22-19.45.09:246][  0]LogDerivedDataCache: Unable to find inner node CompressedPak for hierarchical cache Hierarchy.
[2020.03.22-19.45.09:259][  0]LogDerivedDataCache: Display: Pak cache opened for reading ../../../Engine/DerivedDataCache/Compressed.ddp.
[2020.03.22-19.45.09:259][  0]LogDerivedDataCache: FDerivedDataBackendGraph:  EnterprisePak pak cache file ../../../Enterprise/DerivedDataCache/Compressed.ddp not found, will not use a pak cache.
[2020.03.22-19.45.09:259][  0]LogDerivedDataCache: Unable to find inner node EnterprisePak for hierarchical cache Hierarchy.
[2020.03.22-19.45.09:261][  0]LogDerivedDataCache: Using Local data cache path C:/Users/Jim/AppData/Local/UnrealEngine/Common/DerivedDataCache: Writable
[2020.03.22-19.45.09:261][  0]LogDerivedDataCache: Shared data cache path not found in *engine.ini, will not use an Shared cache.
[2020.03.22-19.45.09:261][  0]LogDerivedDataCache: Unable to find inner node Shared for hierarchical cache Hierarchy.
[2020.03.22-19.45.09:295][  0]LogMaterial: Verifying Global Shaders for PCD3D_SM5
[2020.03.22-19.45.09:299][  0]LogSlate: Using FreeType 2.10.0
[2020.03.22-19.45.09:302][  0]LogSlate: SlateFontServices - WITH_FREETYPE: 1, WITH_HARFBUZZ: 1
[2020.03.22-19.45.09:471][  0]LogAssetRegistry: FAssetRegistry took 0.0039 seconds to start up
[2020.03.22-19.45.09:967][  0]LogInit: Selected Device Profile: [Windows]
[2020.03.22-19.45.10:293][  0]LogMeshReduction: Using QuadricMeshReduction for automatic static mesh reduction
[2020.03.22-19.45.10:293][  0]LogMeshReduction: Using SimplygonMeshReduction for automatic skeletal mesh reduction
[2020.03.22-19.45.10:293][  0]LogMeshReduction: Using ProxyLODMeshReduction for automatic mesh merging
[2020.03.22-19.45.10:293][  0]LogMeshReduction: No distributed automatic mesh merging module available
[2020.03.22-19.45.10:293][  0]LogMeshMerging: No distributed automatic mesh merging module available
[2020.03.22-19.45.10:322][  0]LogNetVersion: VFX_Learning 1.0.0, NetCL: 10570792, EngineNetVer: 13, GameNetVer: 0 (Checksum: 537258961)
[2020.03.22-19.45.12:821][  0]LogPackageLocalizationCache: Processed 11 localized package path(s) for 1 prioritized culture(s) in 0.077606 seconds
[2020.03.22-19.45.12:835][  0]LogUObjectArray: 46771 objects as part of root set at end of initial load.
[2020.03.22-19.45.12:835][  0]LogUObjectAllocator: 8140680 out of 0 bytes used by permanent object pool.
[2020.03.22-19.45.12:835][  0]LogUObjectArray: CloseDisregardForGC: 0/0 objects in disregard for GC pool
[2020.03.22-19.45.14:296][  0]LogTcpMessaging: Initializing TcpMessaging bridge
[2020.03.22-19.45.14:305][  0]LogUdpMessaging: Initializing bridge on interface 0.0.0.0:0 to multicast group 230.0.0.1:6666.
[2020.03.22-19.45.14:594][  0]SourceControl: Source control is disabled
[2020.03.22-19.45.14:595][  0]SourceControl: Source control is disabled
[2020.03.22-19.45.14:605][  0]SourceControl: Source control is disabled
[2020.03.22-19.45.14:611][  0]SourceControl: Source control is disabled
[2020.03.22-19.45.14:617][  0]SourceControl: Source control is disabled
[2020.03.22-19.45.14:934][  0]LogAndroidPermission: UAndroidPermissionCallbackProxy::GetInstance
[2020.03.22-19.45.14:964][  0]LogAudioCaptureCore: Display: No Audio Capture implementations found. Audio input will be silent.
[2020.03.22-19.45.14:964][  0]LogAudioCaptureCore: Display: No Audio Capture implementations found. Audio input will be silent.
[2020.03.22-19.45.15:131][  0]LogOcInput: OculusInput pre-init called
[2020.03.22-19.45.15:150][  0]LogWindows: Failed to load 'OVRPlugin.dll' (GetLastError=126)
[2020.03.22-19.45.15:150][  0]LogWindows: File 'OVRPlugin.dll' does not exist
[2020.03.22-19.45.15:268][  0]LogEngine: Initializing Engine...
[2020.03.22-19.45.15:270][  0]LogHMD: Failed to initialize OpenVR with code 110
[2020.03.22-19.45.15:272][  0]LogStats: UGameplayTagsManager::InitializeManager -  0.000 s
[2020.03.22-19.45.15:805][  0]LogInit: Initializing FReadOnlyCVARCache
[2020.03.22-19.45.15:844][  0]LogAIModule: Creating AISystem for world Untitled
[2020.03.22-19.45.15:850][  0]LogAudioMixer: Display: Audio Mixer Platform Settings:
[2020.03.22-19.45.15:850][  0]LogAudioMixer: Display: 	Sample Rate:						  48000
[2020.03.22-19.45.15:850][  0]LogAudioMixer: Display: 	Callback Buffer Frame Size Requested: 1024
[2020.03.22-19.45.15:850][  0]LogAudioMixer: Display: 	Callback Buffer Frame Size To Use:	  1024
[2020.03.22-19.45.15:850][  0]LogAudioMixer: Display: 	Number of buffers to queue:			  2
[2020.03.22-19.45.15:850][  0]LogAudioMixer: Display: 	Max Channels (voices):				  32
[2020.03.22-19.45.15:850][  0]LogAudioMixer: Display: 	Number of Async Source Workers:		  0
[2020.03.22-19.45.15:850][  0]LogAudio: Display: AudioDevice MaxSources: 32
[2020.03.22-19.45.15:851][  0]LogAudio: Display: Using built-in audio occlusion.
[2020.03.22-19.45.15:851][  0]LogAudioMixer: Display: Initializing audio mixer.
[2020.03.22-19.45.15:928][  0]LogAudioMixer: Display: Audio Device Output Speaker Info:
[2020.03.22-19.45.15:928][  0]LogAudioMixer: Display: Name: 扬声器 (Realtek High Definition Audio)
[2020.03.22-19.45.15:928][  0]LogAudioMixer: Display: Is Default: Yes
[2020.03.22-19.45.15:928][  0]LogAudioMixer: Display: Sample Rate: 48000
[2020.03.22-19.45.15:928][  0]LogAudioMixer: Display: Channel Count Used: 2
[2020.03.22-19.45.15:928][  0]LogAudioMixer: Display: Device Channel Count: 2
[2020.03.22-19.45.15:928][  0]LogAudioMixer: Display: Channel Order:
[2020.03.22-19.45.15:928][  0]LogAudioMixer: Display: 0: FrontLeft
[2020.03.22-19.45.15:928][  0]LogAudioMixer: Display: 1: FrontRight
[2020.03.22-19.45.15:977][  0]LogAudioMixer: Display: Using Audio Device 扬声器 (Realtek High Definition Audio)
[2020.03.22-19.45.15:986][  0]LogInit: FAudioDevice initialized.
[2020.03.22-19.45.15:986][  0]LogNetVersion: Set ProjectVersion to 1.0.0.0. Version Checksum will be recalculated on next use.
[2020.03.22-19.45.16:137][  0]LogDerivedDataCache: Saved boot cache 0.15s 80MB C:/Users/Jim/AppData/Local/UnrealEngine/4.24/DerivedDataCache/Boot.ddc.
[2020.03.22-19.45.16:144][  0]LogInit: Texture streaming: Enabled
[2020.03.22-19.45.16:170][  0]LogEngineSessionManager: EngineSessionManager initialized
[2020.03.22-19.45.16:170][  0]LogEditorSessionSummary: Verbose: Initializing EditorSessionSummaryWriter for editor session tracking
[2020.03.22-19.45.16:175][  0]LogEditorSessionSummary: EditorSessionSummaryWriter initialized
[2020.03.22-19.45.16:721][  0]LogInit: Transaction tracking system initialized
[2020.03.22-19.45.16:758][  0]BlueprintLog: New page: Editor Load
[2020.03.22-19.45.16:887][  0]LocalizationService: Localization service is disabled
[2020.03.22-19.45.17:489][  0]LogFileCache: Scanning file cache for directory 'C:/Users/Jim/Documents/VFX_Learning/Content/' took 0.01s
[2020.03.22-19.45.17:489][  0]LogCook: Display: Max memory allowance for cook 16384mb min free memory 0mb
[2020.03.22-19.45.17:489][  0]LogCook: Display: Mobile HDR setting 1
[2020.03.22-19.45.18:696][  0]SourceControl: Source control is disabled
[2020.03.22-19.45.18:696][  0]Cmd: MAP LOAD FILE="C:/Users/Jim/Documents/VFX_Learning/Content/ThirdPersonBP/Maps/ThirdPersonExampleMap.umap" TEMPLATE=0 SHOWPROGRESS=1 FEATURELEVEL=3
[2020.03.22-19.45.18:698][  0]LightingResults: New page: Lighting Build
[2020.03.22-19.45.18:699][  0]LogWorld: UWorld::CleanupWorld for Untitled, bSessionEnded=true, bCleanupResources=true
[2020.03.22-19.45.18:700][  0]LogSlate: InvalidateAllWidgets triggered.  All widgets were invalidated
[2020.03.22-19.45.18:700][  0]MapCheck: New page: Map Check
[2020.03.22-19.45.18:700][  0]LightingResults: New page: Lighting Build
[2020.03.22-19.45.18:728][  0]LogUObjectHash: Compacting FUObjectHashTables data took   3.54ms
[2020.03.22-19.45.19:848][  0]LogTemp: Display: Loaded shader NiagaraScript /Game/ThirdPersonBP/VFX/Systems/HolographicSystem.HolographicSystem:CircularSpawner.GPUComputeScript_4 for Niagara script NiagaraScript /Game/ThirdPersonBP/VFX/Systems/HolographicSystem.HolographicSystem:CircularSpawner.GPUComputeScript_4 from DDC
[2020.03.22-19.45.19:952][  0]LogTemp: Display: Loaded shader NiagaraScript /Game/ThirdPersonBP/VFX/Systems/HolographicSystem_3DMesh_2.HolographicSystem_3DMesh_2:Character_1.GPUComputeScript_4 for Niagara script NiagaraScript /Game/ThirdPersonBP/VFX/Systems/HolographicSystem_3DMesh_2.HolographicSystem_3DMesh_2:Character_1.GPUComputeScript_4 from DDC
[2020.03.22-19.45.20:181][  0]LogNiagaraEditor: Verbose: '/Game/ThirdPersonBP/VFX/Systems/HolographicSystem_3DMesh_2' Precompile took 0.204436 sec.
[2020.03.22-19.45.20:188][  0]LogTemp: Display: Loaded shader NiagaraScript /Game/ThirdPersonBP/VFX/Systems/HolographicSystem_3DMesh.HolographicSystem_3DMesh:Character_1.GPUComputeScript_4 for Niagara script NiagaraScript /Game/ThirdPersonBP/VFX/Systems/HolographicSystem_3DMesh.HolographicSystem_3DMesh:Character_1.GPUComputeScript_4 from DDC
[2020.03.22-19.45.20:453][  0]LogNiagaraEditor: Verbose: '/Game/ThirdPersonBP/VFX/Systems/HolographicSystem_3DMesh' Precompile took 0.237944 sec.
[2020.03.22-19.45.20:598][  0]LogNiagaraEditor: Verbose: '/Game/ThirdPersonBP/VFX/Systems/ToneShadingRibbon' Precompile took 0.128505 sec.
[2020.03.22-19.45.20:793][  0]LogAIModule: Creating AISystem for world ThirdPersonExampleMap
[2020.03.22-19.45.20:858][  0]LogTemp: Display: Loaded shader NiagaraScript /Game/ThirdPersonBP/VFX/Systems/HolographicSystem_3DMesh.HolographicSystem_3DMesh:Character_1.GPUComputeScript_4 for Niagara script NiagaraScript /Game/ThirdPersonBP/VFX/Systems/HolographicSystem_3DMesh.HolographicSystem_3DMesh:Character_1.GPUComputeScript_4 from DDC
[2020.03.22-19.45.20:877][  0]LogNiagara: StaticMesh data interface has no valid mesh. Failed InitPerInstanceData - NiagaraDataInterfaceStaticMesh /Game/ThirdPersonBP/VFX/Systems/HolographicSystem_3DMesh.HolographicSystem_3DMesh:Character_1.SpawnScript_0.NiagaraDataInterfaceStaticMesh_1
[2020.03.22-19.45.20:877][  0]LogNiagara: Warning: UNiagaraDataInterfaceStaticMesh::InitPerInstanceData> Invalid per-instance init!!!
[2020.03.22-19.45.20:877][  0]LogNiagara: Error: Error initializing data interface "/Game/ThirdPersonBP/VFX/Systems/HolographicSystem_3DMesh.HolographicSystem_3DMesh:Character_1.SpawnScript_0.NiagaraDataInterfaceStaticMesh_1" for system. 1199344512 | HolographicSystem_3DMesh
[2020.03.22-19.45.20:877][  0]LogNiagara: StaticMesh data interface has no valid mesh. Failed InitPerInstanceData - NiagaraDataInterfaceStaticMesh /Game/ThirdPersonBP/VFX/Systems/HolographicSystem_3DMesh.HolographicSystem_3DMesh:Character_1.SpawnScript_0.NiagaraDataInterfaceStaticMesh_4
[2020.03.22-19.45.20:877][  0]LogNiagara: Warning: UNiagaraDataInterfaceStaticMesh::InitPerInstanceData> Invalid per-instance init!!!
[2020.03.22-19.45.20:877][  0]LogNiagara: Error: Error initializing data interface "/Game/ThirdPersonBP/VFX/Systems/HolographicSystem_3DMesh.HolographicSystem_3DMesh:Character_1.SpawnScript_0.NiagaraDataInterfaceStaticMesh_4" for system. 1199344512 | HolographicSystem_3DMesh
[2020.03.22-19.45.20:877][  0]LogNiagara: Error: Error initializing data interfaces. Completing system. 1199344512 | HolographicSystem_3DMesh
[2020.03.22-19.45.20:878][  0]LogNiagara: InvalidateCompileResults /Game/ThirdPersonBP/VFX/Systems/HolographicSystem_3DMesh_2.HolographicSystem_3DMesh_2:Projector_0.SpawnScript
[2020.03.22-19.45.20:878][  0]LogNiagara: InvalidateCompileResults /Game/ThirdPersonBP/VFX/Systems/HolographicSystem_3DMesh_2.HolographicSystem_3DMesh_2:Projector_0.UpdateScript
[2020.03.22-19.45.20:878][  0]LogNiagara: InvalidateCompileResults /Game/ThirdPersonBP/VFX/Systems/HolographicSystem_3DMesh_2.HolographicSystem_3DMesh_2:Projector_0.EmitterSpawnScript
[2020.03.22-19.45.20:878][  0]LogNiagara: InvalidateCompileResults /Game/ThirdPersonBP/VFX/Systems/HolographicSystem_3DMesh_2.HolographicSystem_3DMesh_2:Projector_0.EmitterUpdateScript
[2020.03.22-19.45.20:919][  0]LogEditorServer: Finished looking for orphan Actors (0.000 secs)
[2020.03.22-19.45.20:961][  0]LogUObjectHash: Compacting FUObjectHashTables data took   3.44ms
[2020.03.22-19.45.20:962][  0]Cmd: MAP CHECKDEP NOCLEARLOG
[2020.03.22-19.45.20:963][  0]MapCheck: Map check complete: 0 Error(s), 0 Warning(s), took 0.534ms to complete.
[2020.03.22-19.45.20:963][  0]LogFileHelpers: Loading map 'ThirdPersonExampleMap' took 2.267
[2020.03.22-19.45.21:147][  0]LogSlate: Updating window title bar state: overlay mode, drag disabled, window buttons hidden, title bar hidden
[2020.03.22-19.45.21:158][  0]LogSlate: Updating window title bar state: overlay mode, drag disabled, window buttons hidden, title bar hidden
[2020.03.22-19.45.21:170][  0]LogSlate: Updating window title bar state: overlay mode, drag disabled, window buttons hidden, title bar hidden
[2020.03.22-19.45.21:182][  0]LogSlate: Updating window title bar state: overlay mode, drag disabled, window buttons hidden, title bar hidden
[2020.03.22-19.45.21:194][  0]LogCollectionManager: Loaded 0 collections in 0.001705 seconds
[2020.03.22-19.45.21:215][  0]LogFileCache: Scanning file cache for directory 'C:/Users/Jim/Documents/VFX_Learning/Saved/Collections/' took 0.00s
[2020.03.22-19.45.21:215][  0]LogFileCache: Scanning file cache for directory 'C:/Users/Jim/Documents/VFX_Learning/Content/Developers/Jim/Collections/' took 0.00s
[2020.03.22-19.45.21:215][  0]LogFileCache: Scanning file cache for directory 'C:/Users/Jim/Documents/VFX_Learning/Content/Collections/' took 0.00s
[2020.03.22-19.45.21:215][  0]LogContentBrowser: Native class hierarchy populated in 0.0103 seconds. Added 3165 classes and 735 folders.
[2020.03.22-19.45.21:219][  0]LogContentBrowser: Native class hierarchy updated for 'WidgetCarousel' in 0.0005 seconds. Added 0 classes and 0 folders.
[2020.03.22-19.45.21:461][  0]LogContentBrowser: Native class hierarchy updated for 'AddContentDialog' in 0.0007 seconds. Added 0 classes and 0 folders.
[2020.03.22-19.45.21:476][  0]LogContentBrowser: Native class hierarchy updated for 'SceneOutliner' in 0.0007 seconds. Added 2 classes and 3 folders.
[2020.03.22-19.45.21:558][  0]LogSlate: Took 0.001740 seconds to synchronously load lazily loaded font '../../../Engine/Content/Slate/Fonts/Roboto-Regular.ttf' (155K)
[2020.03.22-19.45.21:562][  0]LogSlate: Took 0.001177 seconds to synchronously load lazily loaded font '../../../Engine/Content/Slate/Fonts/Roboto-Bold.ttf' (160K)
[2020.03.22-19.45.21:570][  0]LogSlate: Took 0.001432 seconds to synchronously load lazily loaded font '../../../Engine/Content/Editor/Slate/Fonts/FontAwesome.ttf' (139K)
[2020.03.22-19.45.21:670][  0]LogRenderer: Scene Capture has ShowOnlyComponents or ShowOnlyActors ignored by the PrimitiveRenderMode setting! /Game/ThirdPersonBP/Maps/ThirdPersonExampleMap.ThirdPersonExampleMap:PersistentLevel.SceneCapture2D1_Blueprint.NewSceneCaptureComponent2D
[2020.03.22-19.45.21:710][  0]LogRenderer: Reallocating scene render targets to support 1024x1024 Format 10 NumSamples 1 (Frame:1).
[2020.03.22-19.45.22:003][  0]LogRenderer: Reallocating scene render targets to support 1616x1024 Format 10 NumSamples 1 (Frame:1).
[2020.03.22-19.45.22:300][  0]LogContentBrowser: Native class hierarchy updated for 'HierarchicalLODOutliner' in 0.0003 seconds. Added 0 classes and 0 folders.
[2020.03.22-19.45.22:301][  0]LogLoad: (Engine Initialization) Total time: 21.11 seconds
[2020.03.22-19.45.22:301][  0]LogLoad: (Engine Initialization) Total Blueprint compile time: 0.00 seconds
[2020.03.22-19.45.22:383][  0]LogContentStreaming: Texture pool size now 1000 MB
[2020.03.22-19.45.22:542][  3]LogNiagara: FNiagaraDummyRWBufferFloat InitRHI NiagaraRenderer::DummyFloat
[2020.03.22-19.45.22:542][  3]LogNiagara: FNiagaraDummyRWBufferInt InitRHI NiagaraRenderer::DummyInt
[2020.03.22-19.45.22:578][  3]LogAssetRegistry: Asset discovery search completed in 13.1096 seconds
[2020.03.22-19.45.22:586][  3]LogCollectionManager: Fixed up redirectors for 0 collections in 0.000016 seconds (updated 0 objects)
[2020.03.22-19.45.22:728][ 14]LogOutputDevice: Warning: 

Script Stack (0 frames):

[2020.03.22-19.45.23:565][ 14]LogStats: FPlatformStackWalk::StackWalkAndDump -  0.836 s
[2020.03.22-19.45.23:565][ 14]LogOutputDevice: Error: === Handled ensure: ===
[2020.03.22-19.45.23:565][ 14]LogOutputDevice: Error: 
[2020.03.22-19.45.23:565][ 14]LogOutputDevice: Error: Ensure condition failed: !Primitive->Bounds.BoxExtent.ContainsNaN() && !Primitive->Bounds.Origin.ContainsNaN() && !FMath::IsNaN(Primitive->Bounds.SphereRadius) && FMath::IsFinite(Primitive->Bounds.SphereRadius) [File:D:/Build/++UE4/Sync/Engine/Source/Runtime/Renderer/Private/RendererScene.cpp] [Line: 1284]
[2020.03.22-19.45.23:565][ 14]LogOutputDevice: Error: Nans found on Bounds for Primitive NiagaraComponent0: Origin X=-693.807 Y=-376.074 Z=246.079, BoxExtent X=134277347368748711936.000 Y=134277347368748711936.000 Z=134277347368748711936.000, SphereRadius inf
[2020.03.22-19.45.23:565][ 14]LogOutputDevice: Error: Stack: 
[2020.03.22-19.45.23:565][ 14]LogOutputDevice: Error: [Callstack] 0x00007fff6c025aef UE4Editor-Renderer.dll!UnknownFunction []
[2020.03.22-19.45.23:565][ 14]LogOutputDevice: Error: [Callstack] 0x00007fff6bd3d015 UE4Editor-Renderer.dll!UnknownFunction []
[2020.03.22-19.45.23:565][ 14]LogOutputDevice: Error: [Callstack] 0x00007fff751700a0 UE4Editor-Engine.dll!UnknownFunction []
[2020.03.22-19.45.23:565][ 14]LogOutputDevice: Error: [Callstack] 0x00007fff750cfab5 UE4Editor-Engine.dll!UnknownFunction []
[2020.03.22-19.45.23:565][ 14]LogOutputDevice: Error: [Callstack] 0x00007fff755b4417 UE4Editor-Engine.dll!UnknownFunction []
[2020.03.22-19.45.23:565][ 14]LogOutputDevice: Error: [Callstack] 0x00007fff755e7c2f UE4Editor-Engine.dll!UnknownFunction []
[2020.03.22-19.45.23:565][ 14]LogOutputDevice: Error: [Callstack] 0x00007fff755fadbb UE4Editor-Engine.dll!UnknownFunction []
[2020.03.22-19.45.23:565][ 14]LogOutputDevice: Error: [Callstack] 0x00007fff751ca189 UE4Editor-Engine.dll!UnknownFunction []
[2020.03.22-19.45.23:565][ 14]LogOutputDevice: Error: [Callstack] 0x00007fff7201a62d UE4Editor-UnrealEd.dll!UnknownFunction []
[2020.03.22-19.45.23:565][ 14]LogOutputDevice: Error: [Callstack] 0x00007fff7287e476 UE4Editor-UnrealEd.dll!UnknownFunction []
[2020.03.22-19.45.23:565][ 14]LogOutputDevice: Error: [Callstack] 0x00007ff6482e7f62 UE4Editor.exe!UnknownFunction []
[2020.03.22-19.45.23:565][ 14]LogOutputDevice: Error: [Callstack] 0x00007ff6482fc3ec UE4Editor.exe!UnknownFunction []
[2020.03.22-19.45.23:565][ 14]LogOutputDevice: Error: [Callstack] 0x00007ff6482fc4ca UE4Editor.exe!UnknownFunction []
[2020.03.22-19.45.23:565][ 14]LogOutputDevice: Error: [Callstack] 0x00007ff64830ceae UE4Editor.exe!UnknownFunction []
[2020.03.22-19.45.23:565][ 14]LogOutputDevice: Error: [Callstack] 0x00007ff64830fcbe UE4Editor.exe!UnknownFunction []
[2020.03.22-19.45.23:565][ 14]LogOutputDevice: Error: [Callstack] 0x00007ffff2a87bd4 KERNEL32.DLL!UnknownFunction []
[2020.03.22-19.45.23:565][ 14]LogOutputDevice: Error: [Callstack] 0x00007ffff39cced1 ntdll.dll!UnknownFunction []
[2020.03.22-19.45.23:565][ 14]LogOutputDevice: Error: 
[2020.03.22-19.45.23:566][ 14]LogStats:                SubmitErrorReport -  0.000 s
[2020.03.22-19.45.25:627][ 14]LogStats:                    SendNewReport -  2.061 s
[2020.03.22-19.45.25:627][ 14]LogStats:             FDebug::EnsureFailed -  2.899 s
[2020.03.22-19.45.25:632][ 14]LogTemp: Resetting audio stream to device id 
[2020.03.22-19.45.25:708][ 14]LogAudioMixer: Display: Audio Device Output Speaker Info:
[2020.03.22-19.45.25:708][ 14]LogAudioMixer: Display: Name: 扬声器 (Realtek High Definition Audio)
[2020.03.22-19.45.25:708][ 14]LogAudioMixer: Display: Is Default: Yes
[2020.03.22-19.45.25:708][ 14]LogAudioMixer: Display: Sample Rate: 48000
[2020.03.22-19.45.25:708][ 14]LogAudioMixer: Display: Channel Count Used: 2
[2020.03.22-19.45.25:708][ 14]LogAudioMixer: Display: Device Channel Count: 2
[2020.03.22-19.45.25:708][ 14]LogAudioMixer: Display: Channel Order:
[2020.03.22-19.45.25:708][ 14]LogAudioMixer: Display: 0: FrontLeft
[2020.03.22-19.45.25:708][ 14]LogAudioMixer: Display: 1: FrontRight
[2020.03.22-19.47.30:901][281]LogEditorViewport: Clicking on Actor (LMB): ToneShadingRibbon_Blueprint_C (ToneShadingRibbon_Blueprint)
[2020.03.22-19.47.31:217][295]LogEditorViewport: Clicking on Actor (LMB): ToneShadingRibbon_Blueprint_C (ToneShadingRibbon_Blueprint)
[2020.03.22-19.47.40:932][269]LogMaterial: Display: Missing cached shader map for material Material_0, compiling. 
[2020.03.22-19.47.41:001][269]LogOutputDevice: Warning: 

Script Stack (0 frames):

[2020.03.22-19.47.41:002][269]LogStats: FPlatformStackWalk::StackWalkAndDump -  0.001 s
[2020.03.22-19.47.41:002][269]LogOutputDevice: Error: === Handled ensure: ===
[2020.03.22-19.47.41:002][269]LogOutputDevice: Error: 
[2020.03.22-19.47.41:002][269]LogOutputDevice: Error: Ensure condition failed: !Primitive->Bounds.BoxExtent.ContainsNaN() && !Primitive->Bounds.Origin.ContainsNaN() && !FMath::IsNaN(Primitive->Bounds.SphereRadius) && FMath::IsFinite(Primitive->Bounds.SphereRadius) [File:D:/Build/++UE4/Sync/Engine/Source/Runtime/Renderer/Private/RendererScene.cpp] [Line: 1159]
[2020.03.22-19.47.41:002][269]LogOutputDevice: Error: Nans found on Bounds for Primitive NiagaraComponent0: Origin X=nan Y=nan Z=nan, BoxExtent X=nan Y=nan Z=nan, SphereRadius nan
[2020.03.22-19.47.41:002][269]LogOutputDevice: Error: Stack: 
[2020.03.22-19.47.41:002][269]LogOutputDevice: Error: [Callstack] 0x00007fff6c025ccf UE4Editor-Renderer.dll!UnknownFunction []
[2020.03.22-19.47.41:002][269]LogOutputDevice: Error: [Callstack] 0x00007fff6bcce79d UE4Editor-Renderer.dll!UnknownFunction []
[2020.03.22-19.47.41:002][269]LogOutputDevice: Error: [Callstack] 0x00007fff75145315 UE4Editor-Engine.dll!UnknownFunction []
[2020.03.22-19.47.41:002][269]LogOutputDevice: Error: [Callstack] 0x00007fff55eded3f UE4Editor-Niagara.dll!UnknownFunction []
[2020.03.22-19.47.41:002][269]LogOutputDevice: Error: [Callstack] 0x00007fff750d0efa UE4Editor-Engine.dll!UnknownFunction []
[2020.03.22-19.47.41:002][269]LogOutputDevice: Error: [Callstack] 0x00007fff750acae4 UE4Editor-Engine.dll!UnknownFunction []
[2020.03.22-19.47.41:002][269]LogOutputDevice: Error: [Callstack] 0x00007fff7569760d UE4Editor-Engine.dll!UnknownFunction []
[2020.03.22-19.47.41:002][269]LogOutputDevice: Error: [Callstack] 0x00007fff77d0adaa UE4Editor-CoreUObject.dll!UnknownFunction []
[2020.03.22-19.47.41:002][269]LogOutputDevice: Error: [Callstack] 0x00007fff75683408 UE4Editor-Engine.dll!UnknownFunction []
[2020.03.22-19.47.41:002][269]LogOutputDevice: Error: [Callstack] 0x00007fff7277a90b UE4Editor-UnrealEd.dll!UnknownFunction []
[2020.03.22-19.47.41:002][269]LogOutputDevice: Error: [Callstack] 0x00007fff724d8b0c UE4Editor-UnrealEd.dll!UnknownFunction []
[2020.03.22-19.47.41:002][269]LogOutputDevice: Error: [Callstack] 0x00007fff71d28101 UE4Editor-UnrealEd.dll!UnknownFunction []
[2020.03.22-19.47.41:002][269]LogOutputDevice: Error: [Callstack] 0x00007fff71c686fd UE4Editor-UnrealEd.dll!UnknownFunction []
[2020.03.22-19.47.41:002][269]LogOutputDevice: Error: [Callstack] 0x00007fff72019fcd UE4Editor-UnrealEd.dll!UnknownFunction []
[2020.03.22-19.47.41:002][269]LogOutputDevice: Error: [Callstack] 0x00007fff7287e476 UE4Editor-UnrealEd.dll!UnknownFunction []
[2020.03.22-19.47.41:002][269]LogOutputDevice: Error: [Callstack] 0x00007ff6482e7f62 UE4Editor.exe!UnknownFunction []
[2020.03.22-19.47.41:002][269]LogOutputDevice: Error: [Callstack] 0x00007ff6482fc3ec UE4Editor.exe!UnknownFunction []
[2020.03.22-19.47.41:002][269]LogOutputDevice: Error: [Callstack] 0x00007ff6482fc4ca UE4Editor.exe!UnknownFunction []
[2020.03.22-19.47.41:002][269]LogOutputDevice: Error: [Callstack] 0x00007ff64830ceae UE4Editor.exe!UnknownFunction []
[2020.03.22-19.47.41:002][269]LogOutputDevice: Error: [Callstack] 0x00007ff64830fcbe UE4Editor.exe!UnknownFunction []
[2020.03.22-19.47.41:002][269]LogOutputDevice: Error: [Callstack] 0x00007ffff2a87bd4 KERNEL32.DLL!UnknownFunction []
[2020.03.22-19.47.41:002][269]LogOutputDevice: Error: [Callstack] 0x00007ffff39cced1 ntdll.dll!UnknownFunction []
[2020.03.22-19.47.41:002][269]LogOutputDevice: Error: 
[2020.03.22-19.47.41:009][269]LogShaderCompilers: Display: Worker (1/9): shaders left to compile 34
[2020.03.22-19.47.41:009][269]LogShaderCompilers: Display: Worker (2/9): shaders left to compile 29
[2020.03.22-19.47.41:009][269]LogShaderCompilers: Display: Worker (3/9): shaders left to compile 24
[2020.03.22-19.47.41:009][269]LogShaderCompilers: Display: Worker (4/9): shaders left to compile 19
[2020.03.22-19.47.41:009][269]LogShaderCompilers: Display: Worker (5/9): shaders left to compile 14
[2020.03.22-19.47.41:009][269]LogShaderCompilers: Display: Worker (6/9): shaders left to compile 9
[2020.03.22-19.47.41:009][269]LogShaderCompilers: Display: Worker (7/9): shaders left to compile 4
[2020.03.22-19.47.41:009][269]LogStats:                SubmitErrorReport -  0.000 s
[2020.03.22-19.47.41:390][269]LogStats:                    SendNewReport -  0.381 s
[2020.03.22-19.47.41:391][269]LogStats:             FDebug::EnsureFailed -  0.390 s
[2020.03.22-19.47.41:448][270]LogMaterial: Display: Missing cached shader map for material Material_1, compiling. 
[2020.03.22-19.47.41:487][271]LogShaderCompilers: Display: Worker (8/9): shaders left to compile 34
[2020.03.22-19.47.41:499][271]LogMaterial: Display: Missing cached shader map for material Material_2, compiling. 
[2020.03.22-19.47.41:561][272]LogMaterial: Display: Missing cached shader map for material Material_3, compiling. 
[2020.03.22-19.47.43:201][351]LogShaderCompilers: Display: Worker (3/9): shaders left to compile 97
[2020.03.22-19.47.43:251][354]LogShaderCompilers: Display: Worker (1/9): shaders left to compile 87
[2020.03.22-19.47.43:774][384]LogShaderCompilers: Display: Worker (8/9): shaders left to compile 77
[2020.03.22-19.47.44:416][417]LogShaderCompilers: Display: Worker (2/9): shaders left to compile 67
[2020.03.22-19.47.44:680][430]LogSlate: Took 0.001691 seconds to synchronously load lazily loaded font '../../../Engine/Content/Slate/Fonts/Roboto-Light.ttf' (167K)
[2020.03.22-19.47.44:708][430]LogAssetEditorSubsystem: Opening Asset editor for Material /Game/ThirdPersonBP/VFX/Others/ToneShadingRibbon_Mat.ToneShadingRibbon_Mat
[2020.03.22-19.47.44:718][430]LogMaterial: Display: Missing cached shader map for material ToneShadingRibbon_Mat, compiling. 
[2020.03.22-19.47.45:206][430]LogShaderCompilers: Display: Worker (4/9): shaders left to compile 58
[2020.03.22-19.47.45:215][430]LogMaterial: Display: Missing cached shader map for material ToneShadingRibbon_Mat, compiling. 
[2020.03.22-19.47.45:244][430]LogMaterial: Display: Missing cached shader map for material ToneShadingRibbon_Mat, compiling. 
[2020.03.22-19.47.45:281][430]LogMaterial: Display: Missing cached shader map for material FMatExpressionPreview MaterialExpressionVectorParameter_5, compiling. 
[2020.03.22-19.47.45:310][430]LogMaterial: Display: Missing cached shader map for material FMatExpressionPreview MaterialExpressionTextureSample_0, compiling. 
[2020.03.22-19.47.45:336][430]LogMaterial: Display: Missing cached shader map for material FMatExpressionPreview MaterialExpressionTextureSampleParameter2D_0, compiling. 
[2020.03.22-19.47.45:363][430]LogMaterial: Display: Missing cached shader map for material FMatExpressionPreview MaterialExpressionTextureSampleParameter2D_1, compiling. 
[2020.03.22-19.47.45:382][430]LogMaterial: Display: Missing cached shader map for material FMatExpressionPreview MaterialExpressionVectorParameter_2, compiling. 
[2020.03.22-19.47.45:409][430]LogMaterial: Display: Missing cached shader map for material FMatExpressionPreview MaterialExpressionVectorParameter_4, compiling. 
[2020.03.22-19.47.45:431][430]LogMaterial: Display: Missing cached shader map for material FMatExpressionPreview MaterialExpressionVectorParameter_6, compiling. 
[2020.03.22-19.47.45:456][430]LogMaterial: Display: Missing cached shader map for material FMatExpressionPreview MaterialExpressionVectorParameter_8, compiling. 
[2020.03.22-19.47.45:476][430]LogMaterial: Display: Missing cached shader map for material FMatExpressionPreview MaterialExpressionVectorParameter_9, compiling. 
[2020.03.22-19.47.45:565][430]LogShaderCompilers: Display: Worker (6/9): shaders left to compile 95
[2020.03.22-19.47.45:565][430]LogSlate: Took 0.000773 seconds to synchronously load lazily loaded font '../../../Engine/Content/Slate/Fonts/Roboto-BoldCondensed.ttf' (158K)
[2020.03.22-19.47.45:851][433]LogSlate: Took 0.001116 seconds to synchronously load lazily loaded font '../../../Engine/Content/Slate/Fonts/Roboto-Italic.ttf' (157K)
[2020.03.22-19.47.45:938][436]LogShaderCompilers: Display: Worker (5/9): shaders left to compile 94
[2020.03.22-19.47.46:475][456]LogShaderCompilers: Display: Worker (7/9): shaders left to compile 93
[2020.03.22-19.47.46:802][471]LogShaderCompilers: Display: Worker (6/9): shaders left to compile 92
[2020.03.22-19.47.47:215][488]LogShaderCompilers: Display: Worker (3/9): shaders left to compile 91
[2020.03.22-19.47.47:405][495]LogShaderCompilers: Display: Worker (5/9): shaders left to compile 90
[2020.03.22-19.47.47:507][499]LogShaderCompilers: Display: Worker (7/9): shaders left to compile 89
[2020.03.22-19.47.47:977][517]LogShaderCompilers: Display: Worker (6/9): shaders left to compile 88
[2020.03.22-19.47.48:026][519]LogShaderCompilers: Display: Worker (5/9): shaders left to compile 87
[2020.03.22-19.47.48:270][528]LogShaderCompilers: Display: Worker (4/9): shaders left to compile 86
[2020.03.22-19.47.48:516][536]LogShaderCompilers: Display: Worker (2/9): shaders left to compile 85
[2020.03.22-19.47.48:600][539]LogShaderCompilers: Display: Worker (3/9): shaders left to compile 84
[2020.03.22-19.47.48:658][541]LogShaderCompilers: Display: Worker (7/9): shaders left to compile 83
[2020.03.22-19.47.48:875][548]LogShaderCompilers: Display: Worker (5/9): shaders left to compile 82
[2020.03.22-19.47.49:036][554]LogShaderCompilers: Display: Worker (4/9): shaders left to compile 81
[2020.03.22-19.47.49:092][556]LogShaderCompilers: Display: Worker (6/9): shaders left to compile 80
[2020.03.22-19.47.49:133][557]MaterialEditorStats: Base pass shader: 128 instructions
[2020.03.22-19.47.49:133][557]MaterialEditorStats: Base pass shader with Volumetric Lightmap: 196 instructions
[2020.03.22-19.47.49:133][557]MaterialEditorStats: Base pass vertex shader: 44 instructions
[2020.03.22-19.47.49:133][557]MaterialEditorStats: Texture samplers: 3/16
[2020.03.22-19.47.49:133][557]MaterialEditorStats: Texture Lookups (Est.): VS(0), PS(2)
[2020.03.22-19.47.49:133][557]MaterialEditorStats: User interpolators: 2/4 Scalars (1/4 Vectors) (TexCoords: 2, Custom: 0)
[2020.03.22-19.47.49:347][565]LogShaderCompilers: Display: Worker (3/9): shaders left to compile 79
[2020.03.22-19.47.49:378][566]LogShaderCompilers: Display: Worker (7/9): shaders left to compile 78
[2020.03.22-19.47.49:690][577]LogShaderCompilers: Display: Worker (2/9): shaders left to compile 77
[2020.03.22-19.47.49:730][578]LogShaderCompilers: Display: Worker (5/9): shaders left to compile 76
[2020.03.22-19.47.49:783][580]LogSlate: Window 'ToneShadingRibbon_Mat' being destroyed
[2020.03.22-19.47.49:802][580]LogSlate: Window 'ToneShadingRibbon_Mat' being destroyed
[2020.03.22-19.47.49:857][580]LogWorld: UWorld::CleanupWorld for World_10, bSessionEnded=true, bCleanupResources=true
[2020.03.22-19.47.49:857][580]LogSlate: InvalidateAllWidgets triggered.  All widgets were invalidated
[2020.03.22-19.47.49:868][580]LogShaderCompilers: Display: Worker (4/9): shaders left to compile 50
[2020.03.22-19.47.49:925][581]LogShaderCompilers: Display: Worker (6/9): shaders left to compile 43
[2020.03.22-19.47.49:945][582]LogShaderCompilers: Display: Worker (3/9): shaders left to compile 37
[2020.03.22-19.47.50:093][586]LogShaderCompilers: Display: Worker (1/9): shaders left to compile 32
[2020.03.22-19.47.50:517][608]LogShaderCompilers: Display: Worker (8/9): shaders left to compile 27
[2020.03.22-19.47.50:554][609]LogShaderCompilers: Display: Worker (7/9): shaders left to compile 23
[2020.03.22-19.47.50:569][610]LogShaderCompilers: Display: Worker (5/9): shaders left to compile 20
[2020.03.22-19.47.50:624][614]LogShaderCompilers: Display: Worker (2/9): shaders left to compile 17
[2020.03.22-19.47.51:653][665]LogShaderCompilers: Display: Worker (5/9): shaders left to compile 14
[2020.03.22-19.47.52:565][707]LogShaderCompilers: Display: Worker (1/9): shaders left to compile 12
[2020.03.22-19.47.52:626][710]LogShaderCompilers: Display: Worker (8/9): shaders left to compile 10
[2020.03.22-19.47.52:626][710]LogShaderCompilers: Display: Worker (7/9): shaders left to compile 8
[2020.03.22-19.47.52:659][712]LogShaderCompilers: Display: Worker (3/9): shaders left to compile 6
[2020.03.22-19.47.53:433][748]LogShaderCompilers: Display: Worker (5/9): shaders left to compile 5
[2020.03.22-19.47.53:477][751]LogShaderCompilers: Display: Worker (2/9): shaders left to compile 4
[2020.03.22-19.47.53:695][760]LogAssetEditorSubsystem: Opening Asset editor for NiagaraSystem /Game/ThirdPersonBP/VFX/Systems/ToneShadingRibbon.ToneShadingRibbon
[2020.03.22-19.47.54:387][760]LogShaderCompilers: Display: Worker (3/9): shaders left to compile 3
[2020.03.22-19.47.54:388][760]LogShaderCompilers: Display: Worker (5/9): shaders left to compile 2
[2020.03.22-19.47.54:388][760]LogShaderCompilers: Display: Worker (7/9): shaders left to compile 1
[2020.03.22-19.47.54:460][760]61565_ToneShadingRibbon_MessageLog: System successfully compiled.
[2020.03.22-19.47.58:896][976]LogAssetEditorSubsystem: Opening Asset editor for NiagaraScript /Game/ThirdPersonBP/VFX/Systems/ReadPaticlePosition.ReadPaticlePosition
[2020.03.22-19.47.58:958][976]MaterialEditorStats: LastOpCount: 0
[2020.03.22-19.47.58:989][976]3718D4654252F7AD3331FCA554759AE5_ReadPaticlePosition_MessageLog: Script successfully compiled.
[2020.03.22-19.52.05:573][379]LogEditorViewport: Clicking on Actor (LMB): ToneShadingRibbon_Blueprint_C (ToneShadingRibbon_Blueprint)
[2020.03.22-19.52.08:375][593]LogAssetEditorSubsystem: Opening Asset editor for Blueprint /Game/ToneShadingRibbon_Blueprint.ToneShadingRibbon_Blueprint
[2020.03.22-19.52.08:609][593]LogContentBrowser: Native class hierarchy updated for 'BlueprintGraph' in 0.0009 seconds. Added 121 classes and 0 folders.
[2020.03.22-19.53.03:205][ 43]BlueprintLog: New page: Compile ToneShadingRibbon_Blueprint
[2020.03.22-19.53.03:618][ 43]LogUObjectHash: Compacting FUObjectHashTables data took   7.35ms
[2020.03.22-19.53.04:191][ 67]Cmd: OBJ SAVEPACKAGE PACKAGE="/Game/ToneShadingRibbon_Blueprint" FILE="C:/Users/Jim/Documents/VFX_Learning/Content/ToneShadingRibbon_Blueprint.uasset" SILENT=true
[2020.03.22-19.53.04:246][ 67]LogSavePackage: Moving 'C:/Users/Jim/Documents/VFX_Learning/Saved/ToneShadingRibbon_Blueprint1655F6EF4423C8382C5D32962DE9BFED.tmp' to 'C:/Users/Jim/Documents/VFX_Learning/Content/ToneShadingRibbon_Blueprint.uasset'
[2020.03.22-19.53.04:281][ 67]AssetCheck: New page: Asset Save: ToneShadingRibbon_Blueprint
[2020.03.22-19.53.04:281][ 67]LogContentValidation: Display: Validating Blueprint /Game/ToneShadingRibbon_Blueprint.ToneShadingRibbon_Blueprint
[2020.03.22-19.53.06:754][205]LogTemp: Repeating last play command: Selected Viewport
[2020.03.22-19.53.06:772][205]LogBlueprintUserMessages: Early PlayInEditor Detection: Level '/Game/ThirdPersonBP/Maps/ThirdPersonExampleMap.ThirdPersonExampleMap:PersistentLevel' has LevelScriptBlueprint '/Game/ThirdPersonBP/Maps/ThirdPersonExampleMap.ThirdPersonExampleMap:PersistentLevel.ThirdPersonExampleMap' with GeneratedClass '/Game/ThirdPersonBP/Maps/ThirdPersonExampleMap.ThirdPersonExampleMap_C' with ClassGeneratedBy '/Game/ThirdPersonBP/Maps/ThirdPersonExampleMap.ThirdPersonExampleMap:PersistentLevel.ThirdPersonExampleMap'
[2020.03.22-19.53.06:772][205]LogPlayLevel: PlayLevel: No blueprints needed recompiling
[2020.03.22-19.53.06:772][205]PIE: New page: PIE session: ThirdPersonExampleMap (Mar 22, 2020, 7:53:06 AM)
[2020.03.22-19.53.06:774][205]LogOnline: OSS: Creating online subsystem instance for: NULL
[2020.03.22-19.53.06:775][205]LogOnline: OSS: TryLoadSubsystemAndSetDefault: Loaded subsystem for module [NULL]
[2020.03.22-19.53.06:776][205]LogPlayLevel: Creating play world package: /Game/ThirdPersonBP/Maps/UEDPIE_0_ThirdPersonExampleMap
[2020.03.22-19.53.06:802][205]LogPlayLevel: PIE: StaticDuplicateObject took: (0.025420s)
[2020.03.22-19.53.06:803][205]LogAIModule: Creating AISystem for world ThirdPersonExampleMap
[2020.03.22-19.53.06:804][205]LogPlayLevel: PIE: World Init took: (0.001108s)
[2020.03.22-19.53.06:804][205]LogPlayLevel: PIE: Created PIE world by copying editor world from /Game/ThirdPersonBP/Maps/ThirdPersonExampleMap.ThirdPersonExampleMap to /Game/ThirdPersonBP/Maps/UEDPIE_0_ThirdPersonExampleMap.ThirdPersonExampleMap (0.027063s)
[2020.03.22-19.53.06:839][205]LogUObjectHash: Compacting FUObjectHashTables data took   5.19ms
[2020.03.22-19.53.06:841][205]LogAudioMixer: Display: Audio Mixer Platform Settings:
[2020.03.22-19.53.06:841][205]LogAudioMixer: Display: 	Sample Rate:						  48000
[2020.03.22-19.53.06:841][205]LogAudioMixer: Display: 	Callback Buffer Frame Size Requested: 1024
[2020.03.22-19.53.06:841][205]LogAudioMixer: Display: 	Callback Buffer Frame Size To Use:	  1024
[2020.03.22-19.53.06:841][205]LogAudioMixer: Display: 	Number of buffers to queue:			  2
[2020.03.22-19.53.06:841][205]LogAudioMixer: Display: 	Max Channels (voices):				  32
[2020.03.22-19.53.06:841][205]LogAudioMixer: Display: 	Number of Async Source Workers:		  0
[2020.03.22-19.53.06:841][205]LogAudio: Display: AudioDevice MaxSources: 32
[2020.03.22-19.53.06:842][205]LogAudio: Display: Using built-in audio occlusion.
[2020.03.22-19.53.06:842][205]LogAudioMixer: Display: Initializing audio mixer.
[2020.03.22-19.53.06:905][205]LogAudioMixer: Display: Audio Device Output Speaker Info:
[2020.03.22-19.53.06:905][205]LogAudioMixer: Display: Name: 扬声器 (Realtek High Definition Audio)
[2020.03.22-19.53.06:905][205]LogAudioMixer: Display: Is Default: Yes
[2020.03.22-19.53.06:905][205]LogAudioMixer: Display: Sample Rate: 48000
[2020.03.22-19.53.06:905][205]LogAudioMixer: Display: Channel Count Used: 2
[2020.03.22-19.53.06:905][205]LogAudioMixer: Display: Device Channel Count: 2
[2020.03.22-19.53.06:905][205]LogAudioMixer: Display: Channel Order:
[2020.03.22-19.53.06:905][205]LogAudioMixer: Display: 0: FrontLeft
[2020.03.22-19.53.06:905][205]LogAudioMixer: Display: 1: FrontRight
[2020.03.22-19.53.06:935][205]LogAudioMixer: Display: Using Audio Device 扬声器 (Realtek High Definition Audio)
[2020.03.22-19.53.06:938][205]LogInit: FAudioDevice initialized.
[2020.03.22-19.53.06:960][205]LogLoad: Game class is 'ThirdPersonGameMode_C'
[2020.03.22-19.53.06:963][205]LogWorld: Bringing World /Game/ThirdPersonBP/Maps/UEDPIE_0_ThirdPersonExampleMap.ThirdPersonExampleMap up for play (max tick rate 0) at 2020.03.22-13.53.06
[2020.03.22-19.53.06:963][205]LogNiagara: StaticMesh data interface has no valid mesh. Failed InitPerInstanceData - NiagaraDataInterfaceStaticMesh /Game/ThirdPersonBP/VFX/Systems/HolographicSystem_3DMesh.HolographicSystem_3DMesh:Character_1.SpawnScript_0.NiagaraDataInterfaceStaticMesh_1
[2020.03.22-19.53.06:964][205]LogNiagara: Warning: UNiagaraDataInterfaceStaticMesh::InitPerInstanceData> Invalid per-instance init!!!
[2020.03.22-19.53.06:964][205]LogNiagara: Error: Error initializing data interface "/Game/ThirdPersonBP/VFX/Systems/HolographicSystem_3DMesh.HolographicSystem_3DMesh:Character_1.SpawnScript_0.NiagaraDataInterfaceStaticMesh_1" for system. 192826240 | HolographicSystem_3DMesh
[2020.03.22-19.53.06:964][205]LogNiagara: StaticMesh data interface has no valid mesh. Failed InitPerInstanceData - NiagaraDataInterfaceStaticMesh /Game/ThirdPersonBP/VFX/Systems/HolographicSystem_3DMesh.HolographicSystem_3DMesh:Character_1.SpawnScript_0.NiagaraDataInterfaceStaticMesh_4
[2020.03.22-19.53.06:964][205]LogNiagara: Warning: UNiagaraDataInterfaceStaticMesh::InitPerInstanceData> Invalid per-instance init!!!
[2020.03.22-19.53.06:964][205]LogNiagara: Error: Error initializing data interface "/Game/ThirdPersonBP/VFX/Systems/HolographicSystem_3DMesh.HolographicSystem_3DMesh:Character_1.SpawnScript_0.NiagaraDataInterfaceStaticMesh_4" for system. 192826240 | HolographicSystem_3DMesh
[2020.03.22-19.53.06:964][205]LogNiagara: Error: Error initializing data interfaces. Completing system. 192826240 | HolographicSystem_3DMesh
[2020.03.22-19.53.06:964][205]LogWorld: Bringing up level for play took: 0.003377
[2020.03.22-19.53.06:965][205]LogOnline: OSS: Creating online subsystem instance for: :Context_14
[2020.03.22-19.53.06:977][205]LogContentBrowser: Native class hierarchy updated for 'MovieSceneCapture' in 0.0004 seconds. Added 20 classes and 0 folders.
[2020.03.22-19.53.06:978][205]PIE: Play in editor start time for /Game/ThirdPersonBP/Maps/UEDPIE_0_ThirdPersonExampleMap -0.776
[2020.03.22-19.53.06:979][205]LogBlueprintUserMessages: Late PlayInEditor Detection: Level '/Game/ThirdPersonBP/Maps/ThirdPersonExampleMap.ThirdPersonExampleMap:PersistentLevel' has LevelScriptBlueprint '/Game/ThirdPersonBP/Maps/ThirdPersonExampleMap.ThirdPersonExampleMap:PersistentLevel.ThirdPersonExampleMap' with GeneratedClass '/Game/ThirdPersonBP/Maps/ThirdPersonExampleMap.ThirdPersonExampleMap_C' with ClassGeneratedBy '/Game/ThirdPersonBP/Maps/ThirdPersonExampleMap.ThirdPersonExampleMap:PersistentLevel.ThirdPersonExampleMap'
