Log file open, 02/14/20 15:03:50
LogWindows: Failed to load 'aqProf.dll' (GetLastError=126)
LogWindows: File 'aqProf.dll' does not exist
LogWindows: Failed to load 'VtuneApi.dll' (GetLastError=126)
LogWindows: File 'VtuneApi.dll' does not exist
LogWindows: Failed to load 'VtuneApi32e.dll' (GetLastError=126)
LogWindows: File 'VtuneApi32e.dll' does not exist
LogConsoleResponse: Display: Failed to find resolution value strings in scalability ini. Falling back to default.
LogInit: Display: Running engine for game: VFX_Learning
LogPlatformFile: Not using cached read wrapper
LogTaskGraph: Started task graph with 5 named threads and 35 total threads with 3 sets of task threads.
LogStats: Stats thread started at 0.071962
LogD3D11RHI: Loaded GFSDK_Aftermath_Lib.x64.dll
LogICUInternationalization: ICU TimeZone Detection - Raw Offset: -7:00, Platform Override: ''
LogPluginManager: Mounting plugin Paper2D
LogPluginManager: Mounting plugin AISupport
LogPluginManager: Mounting plugin LightPropagationVolume
LogPluginManager: Mounting plugin ActorLayerUtilities
LogPluginManager: Mounting plugin AnimationSharing
LogPluginManager: Mounting plugin CLionSourceCodeAccess
LogPluginManager: Mounting plugin CodeLiteSourceCodeAccess
LogPluginManager: Mounting plugin GitSourceControl
LogPluginManager: Mounting plugin KDevelopSourceCodeAccess
LogPluginManager: Mounting plugin NullSourceCodeAccess
LogPluginManager: Mounting plugin PerforceSourceControl
LogPluginManager: Mounting plugin PlasticSourceControl
LogPluginManager: Mounting plugin SubversionSourceControl
LogPluginManager: Mounting plugin UObjectPlugin
LogPluginManager: Mounting plugin VisualStudioCodeSourceCodeAccess
LogPluginManager: Mounting plugin VisualStudioSourceCodeAccess
LogPluginManager: Mounting plugin XCodeSourceCodeAccess
LogPluginManager: Mounting plugin AssetManagerEditor
LogPluginManager: Mounting plugin CryptoKeys
LogPluginManager: Mounting plugin CurveEditorTools
LogPluginManager: Mounting plugin DataValidation
LogPluginManager: Mounting plugin FacialAnimation
LogPluginManager: Mounting plugin GameplayTagsEditor
LogPluginManager: Mounting plugin MacGraphicsSwitching
LogPluginManager: Mounting plugin MaterialAnalyzer
LogPluginManager: Mounting plugin MobileLauncherProfileWizard
LogPluginManager: Mounting plugin PluginBrowser
LogPluginManager: Mounting plugin SpeedTreeImporter
LogPluginManager: Mounting plugin DatasmithContent
LogPluginManager: Mounting plugin VariantManagerContent
LogPluginManager: Mounting plugin AlembicImporter
LogPluginManager: Mounting plugin AutomationUtils
LogPluginManager: Mounting plugin BackChannel
LogPluginManager: Mounting plugin CharacterAI
LogPluginManager: Mounting plugin GeometryCache
LogPluginManager: Mounting plugin PlatformCrypto
LogPluginManager: Mounting plugin ProxyLODPlugin
LogPluginManager: Mounting plugin ShallowWater
LogPluginManager: Mounting plugin SkeletalReduction
LogPluginManager: Mounting plugin Niagara
LogPluginManager: Mounting plugin MagicLeap
LogPluginManager: Mounting plugin MagicLeapMedia
LogPluginManager: Mounting plugin MLSDK
LogPluginManager: Mounting plugin AndroidMedia
LogPluginManager: Mounting plugin AvfMedia
LogPluginManager: Mounting plugin ImgMedia
LogPluginManager: Mounting plugin MediaCompositing
LogPluginManager: Mounting plugin MediaPlayerEditor
LogPluginManager: Mounting plugin WebMMedia
LogPluginManager: Mounting plugin WmfMedia
LogPluginManager: Mounting plugin TcpMessaging
LogPluginManager: Mounting plugin UdpMessaging
LogPluginManager: Mounting plugin ActorSequence
LogPluginManager: Mounting plugin LevelSequenceEditor
LogPluginManager: Mounting plugin MatineeToLevelSequence
LogPluginManager: Mounting plugin NetcodeUnitTest
LogPluginManager: Mounting plugin NUTUnrealEngine4
LogPluginManager: Mounting plugin OnlineSubsystemGooglePlay
LogPluginManager: Mounting plugin OnlineSubsystemIOS
LogPluginManager: Mounting plugin OnlineSubsystem
LogPluginManager: Mounting plugin OnlineSubsystemNull
LogPluginManager: Mounting plugin OnlineSubsystemUtils
LogPluginManager: Mounting plugin LauncherChunkInstaller
LogPluginManager: Mounting plugin AndroidDeviceProfileSelector
LogPluginManager: Mounting plugin AndroidMoviePlayer
LogPluginManager: Mounting plugin AndroidPermission
LogPluginManager: Mounting plugin AppleImageUtils
LogPluginManager: Mounting plugin AppleMoviePlayer
LogPluginManager: Mounting plugin ArchVisCharacter
LogPluginManager: Mounting plugin AssetTags
LogPluginManager: Mounting plugin AudioCapture
LogPluginManager: Mounting plugin CableComponent
LogPluginManager: Mounting plugin CustomMeshComponent
LogPluginManager: Mounting plugin EditableMesh
LogPluginManager: Mounting plugin ExampleDeviceProfileSelector
LogPluginManager: Mounting plugin GoogleCloudMessaging
LogPluginManager: Mounting plugin IOSDeviceProfileSelector
LogPluginManager: Mounting plugin LinuxDeviceProfileSelector
LogPluginManager: Mounting plugin LocationServicesBPLibrary
LogPluginManager: Mounting plugin MobilePatchingUtils
LogPluginManager: Mounting plugin OculusVR
LogPluginManager: Mounting plugin PhysXVehicles
LogPluginManager: Mounting plugin PostSplashScreen
LogPluginManager: Mounting plugin ProceduralMeshComponent
LogPluginManager: Mounting plugin RuntimePhysXCooking
LogPluginManager: Mounting plugin SignificanceManager
LogPluginManager: Mounting plugin SteamVR
LogPluginManager: Mounting plugin WebMMoviePlayer
LogPluginManager: Mounting plugin WindowsMoviePlayer
LogPluginManager: Mounting plugin ScreenshotTools
LogInit: Using libcurl 7.55.1-DEV
LogInit:  - built for x86_64-pc-win32
LogInit:  - supports SSL with OpenSSL/1.1.1
LogInit:  - supports HTTP deflate (compression) using libz 1.2.8
LogInit:  - other features:
LogInit:      CURL_VERSION_SSL
LogInit:      CURL_VERSION_LIBZ
LogInit:      CURL_VERSION_IPV6
LogInit:      CURL_VERSION_ASYNCHDNS
LogInit:      CURL_VERSION_LARGEFILE
LogInit:      CURL_VERSION_IDN
LogInit:  CurlRequestOptions (configurable via config and command line):
LogInit:  - bVerifyPeer = true  - Libcurl will verify peer certificate
LogInit:  - bUseHttpProxy = false  - Libcurl will NOT use HTTP proxy
LogInit:  - bDontReuseConnections = false  - Libcurl will reuse connections
LogInit:  - MaxHostConnections = 16  - Libcurl will limit the number of connections to a host
LogInit:  - LocalHostAddr = Default
LogInit:  - BufferSize = 65536
LogOnline: OSS: Creating online subsystem instance for: NULL
LogInit: WinSock: version 1.1 (2.2), MaxSocks=32767, MaxUdp=65467
LogOnline: OSS: TryLoadSubsystemAndSetDefault: Loaded subsystem for module [NULL]
LogInit: Build: ++UE4+Release-4.24-CL-10757647
LogInit: Engine Version: 4.24.1-10757647+++UE4+Release-4.24
LogInit: Compatible Engine Version: 4.24.0-10570792+++UE4+Release-4.24
LogInit: Net CL: 10570792
LogInit: OS: Windows 10 (Release 1903) (), CPU: Intel(R) Core(TM) i7-8700K CPU @ 3.70GHz, GPU: NVIDIA GeForce GTX 1080 Ti
LogInit: Compiled (64-bit): Dec 17 2019 02:08:03
LogInit: Compiled with Visual C++: 19.16.27032.01
LogInit: Build Configuration: Development
LogInit: Branch Name: ++UE4+Release-4.24
LogInit: Command Line: 
LogInit: Base Directory: F:/Unreal/UE_4.24/Engine/Binaries/Win64/
LogInit: Installed Engine Build: 1
LogDevObjectVersion: Number of dev versions registered: 25
LogDevObjectVersion:   Dev-Blueprints (B0D832E4-1F89-4F0D-ACCF-7EB736FD4AA2): 10
LogDevObjectVersion:   Dev-Build (E1C64328-A22C-4D53-A36C-8E866417BD8C): 0
LogDevObjectVersion:   Dev-Core (375EC13C-06E4-48FB-B500-84F0262A717E): 3
LogDevObjectVersion:   Dev-Editor (E4B068ED-F494-42E9-A231-DA0B2E46BB41): 37
LogDevObjectVersion:   Dev-Framework (CFFC743F-43B0-4480-9391-14DF171D2073): 36
LogDevObjectVersion:   Dev-Mobile (B02B49B5-BB20-44E9-A304-32B752E40360): 2
LogDevObjectVersion:   Dev-Networking (A4E4105C-59A1-49B5-A7C5-40C4547EDFEE): 0
LogDevObjectVersion:   Dev-Online (39C831C9-5AE6-47DC-9A44-9C173E1C8E7C): 0
LogDevObjectVersion:   Dev-Physics (78F01B33-EBEA-4F98-B9B4-84EACCB95AA2): 2
LogDevObjectVersion:   Dev-Platform (6631380F-2D4D-43E0-8009-CF276956A95A): 0
LogDevObjectVersion:   Dev-Rendering (12F88B9F-8875-4AFC-A67C-D90C383ABD29): 36
LogDevObjectVersion:   Dev-Sequencer (7B5AE74C-D270-4C10-A958-57980B212A5A): 11
LogDevObjectVersion:   Dev-VR (D7296918-1DD6-4BDD-9DE2-64A83CC13884): 2
LogDevObjectVersion:   Dev-LoadTimes (C2A15278-BFE7-4AFE-6C17-90FF531DF755): 1
LogDevObjectVersion:   Private-Geometry (6EACA3D4-40EC-4CC1-B786-8BED09428FC5): 3
LogDevObjectVersion:   Dev-AnimPhys (29E575DD-E0A3-4627-9D10-D276232CDCEA): 17
LogDevObjectVersion:   Dev-Anim (AF43A65D-7FD3-4947-9873-3E8ED9C1BB05): 2
LogDevObjectVersion:   Dev-ReflectionCapture (6B266CEC-1EC7-4B8F-A30B-E4D90942FC07): 1
LogDevObjectVersion:   Dev-Automation (0DF73D61-A23F-47EA-B727-89E90C41499A): 1
LogDevObjectVersion:   FortniteMain (601D1886-AC64-4F84-AA16-D3DE0DEAC7D6): 31
LogDevObjectVersion:   Dev-Enterprise (9DFFBCD6-494F-0158-E221-12823C92A888): 8
LogDevObjectVersion:   Dev-Niagara (F2AED0AC-9AFE-416F-8664-AA7FFA26D6FC): 1
LogDevObjectVersion:   Dev-Destruction (174F1F0B-B4C6-45A5-B13F-2EE8D0FB917D): 9
LogDevObjectVersion:   Dev-Physics-Ext (35F94A83-E258-406C-A318-09F59610247C): 8
LogDevObjectVersion:   Dev-CineCamera (B2E18506-4273-CFC2-A54E-F4BB758BBA07): 1
LogInit: Presizing for max 25165824 objects, including 0 objects not considered by GC, pre-allocating 0 bytes for permanent pool.
LogInit: Object subsystem initialized
LogConfig: Setting CVar [[con.DebugEarlyDefault:1]]
LogConfig: Setting CVar [[r.setres:1280x720]]
[2020.02.14-22.03.50:404][  0]LogConfig: Setting CVar [[r.VSync:0]]
[2020.02.14-22.03.50:404][  0]LogConfig: Setting CVar [[r.RHICmdBypass:0]]
[2020.02.14-22.03.50:404][  0]LogConfig: Applying CVar settings from Section [/Script/Engine.RendererSettings] File [C:/Users/Jim/Documents/VFX_Learning/Saved/Config/Windows/Engine.ini]
[2020.02.14-22.03.50:404][  0]LogConfig: Setting CVar [[r.GPUCrashDebugging:0]]
[2020.02.14-22.03.50:404][  0]LogConfig: Setting CVar [[r.SkinCache.CompileShaders:1]]
[2020.02.14-22.03.50:404][  0]LogConfig: Setting CVar [[r.RayTracing:0]]
[2020.02.14-22.03.50:404][  0]LogConfig: Setting CVar [[r.DefaultFeature.MotionBlur:0]]
[2020.02.14-22.03.50:404][  0]LogConfig: Applying CVar settings from Section [/Script/Engine.RendererOverrideSettings] File [C:/Users/Jim/Documents/VFX_Learning/Saved/Config/Windows/Engine.ini]
[2020.02.14-22.03.50:404][  0]LogConfig: Applying CVar settings from Section [/Script/Engine.StreamingSettings] File [C:/Users/Jim/Documents/VFX_Learning/Saved/Config/Windows/Engine.ini]
[2020.02.14-22.03.50:404][  0]LogConfig: Setting CVar [[s.MinBulkDataSizeForAsyncLoading:131072]]
[2020.02.14-22.03.50:404][  0]LogConfig: Setting CVar [[s.AsyncLoadingThreadEnabled:0]]
[2020.02.14-22.03.50:404][  0]LogConfig: Setting CVar [[s.EventDrivenLoaderEnabled:1]]
[2020.02.14-22.03.50:404][  0]LogConfig: Setting CVar [[s.WarnIfTimeLimitExceeded:0]]
[2020.02.14-22.03.50:404][  0]LogConfig: Setting CVar [[s.TimeLimitExceededMultiplier:1.5]]
[2020.02.14-22.03.50:404][  0]LogConfig: Setting CVar [[s.TimeLimitExceededMinTime:0.005]]
[2020.02.14-22.03.50:404][  0]LogConfig: Setting CVar [[s.UseBackgroundLevelStreaming:1]]
[2020.02.14-22.03.50:404][  0]LogConfig: Setting CVar [[s.PriorityAsyncLoadingExtraTime:15.0]]
[2020.02.14-22.03.50:404][  0]LogConfig: Setting CVar [[s.LevelStreamingActorsUpdateTimeLimit:5.0]]
[2020.02.14-22.03.50:404][  0]LogConfig: Setting CVar [[s.PriorityLevelStreamingActorsUpdateExtraTime:5.0]]
[2020.02.14-22.03.50:404][  0]LogConfig: Setting CVar [[s.LevelStreamingComponentsRegistrationGranularity:10]]
[2020.02.14-22.03.50:404][  0]LogConfig: Setting CVar [[s.UnregisterComponentsTimeLimit:1.0]]
[2020.02.14-22.03.50:404][  0]LogConfig: Setting CVar [[s.LevelStreamingComponentsUnregistrationGranularity:5]]
[2020.02.14-22.03.50:404][  0]LogConfig: Setting CVar [[s.FlushStreamingOnExit:1]]
[2020.02.14-22.03.50:404][  0]LogConfig: Applying CVar settings from Section [/Script/Engine.GarbageCollectionSettings] File [C:/Users/Jim/Documents/VFX_Learning/Saved/Config/Windows/Engine.ini]
[2020.02.14-22.03.50:404][  0]LogConfig: Setting CVar [[gc.MaxObjectsNotConsideredByGC:1]]
[2020.02.14-22.03.50:404][  0]LogConfig: Setting CVar [[gc.SizeOfPermanentObjectPool:0]]
[2020.02.14-22.03.50:404][  0]LogConfig: Setting CVar [[gc.FlushStreamingOnGC:0]]
[2020.02.14-22.03.50:404][  0]LogConfig: Setting CVar [[gc.NumRetriesBeforeForcingGC:10]]
[2020.02.14-22.03.50:404][  0]LogConfig: Setting CVar [[gc.AllowParallelGC:1]]
[2020.02.14-22.03.50:404][  0]LogConfig: Setting CVar [[gc.TimeBetweenPurgingPendingKillObjects:61.1]]
[2020.02.14-22.03.50:404][  0]LogConfig: Setting CVar [[gc.MaxObjectsInEditor:25165824]]
[2020.02.14-22.03.50:405][  0]LogConfig: Setting CVar [[gc.IncrementalBeginDestroyEnabled:1]]
[2020.02.14-22.03.50:405][  0]LogConfig: Setting CVar [[gc.CreateGCClusters:1]]
[2020.02.14-22.03.50:405][  0]LogConfig: Setting CVar [[gc.MinGCClusterSize:5]]
[2020.02.14-22.03.50:405][  0]LogConfig: Setting CVar [[gc.ActorClusteringEnabled:0]]
[2020.02.14-22.03.50:405][  0]LogConfig: Setting CVar [[gc.BlueprintClusteringEnabled:0]]
[2020.02.14-22.03.50:405][  0]LogConfig: Setting CVar [[gc.UseDisregardForGCOnDedicatedServers:0]]
[2020.02.14-22.03.50:405][  0]LogConfig: Applying CVar settings from Section [/Script/Engine.NetworkSettings] File [C:/Users/Jim/Documents/VFX_Learning/Saved/Config/Windows/Engine.ini]
[2020.02.14-22.03.50:405][  0]LogConfig: Applying CVar settings from Section [/Script/UnrealEd.CookerSettings] File [C:/Users/Jim/Documents/VFX_Learning/Saved/Config/Windows/Engine.ini]
[2020.02.14-22.03.50:410][  0]LogConfig: Applying CVar settings from Section [ViewDistanceQuality@3] File [C:/Users/Jim/Documents/VFX_Learning/Saved/Config/Windows/Scalability.ini]
[2020.02.14-22.03.50:410][  0]LogConfig: Setting CVar [[r.SkeletalMeshLODBias:0]]
[2020.02.14-22.03.50:410][  0]LogConfig: Setting CVar [[r.ViewDistanceScale:1.0]]
[2020.02.14-22.03.50:410][  0]LogConfig: Applying CVar settings from Section [AntiAliasingQuality@3] File [C:/Users/Jim/Documents/VFX_Learning/Saved/Config/Windows/Scalability.ini]
[2020.02.14-22.03.50:410][  0]LogConfig: Setting CVar [[r.PostProcessAAQuality:4]]
[2020.02.14-22.03.50:410][  0]LogConfig: Applying CVar settings from Section [ShadowQuality@3] File [C:/Users/Jim/Documents/VFX_Learning/Saved/Config/Windows/Scalability.ini]
[2020.02.14-22.03.50:410][  0]LogConfig: Setting CVar [[r.LightFunctionQuality:1]]
[2020.02.14-22.03.50:410][  0]LogConfig: Setting CVar [[r.ShadowQuality:5]]
[2020.02.14-22.03.50:410][  0]LogConfig: Setting CVar [[r.Shadow.CSM.MaxCascades:10]]
[2020.02.14-22.03.50:410][  0]LogConfig: Setting CVar [[r.Shadow.MaxResolution:2048]]
[2020.02.14-22.03.50:410][  0]LogConfig: Setting CVar [[r.Shadow.MaxCSMResolution:2048]]
[2020.02.14-22.03.50:410][  0]LogConfig: Setting CVar [[r.Shadow.RadiusThreshold:0.01]]
[2020.02.14-22.03.50:410][  0]LogConfig: Setting CVar [[r.Shadow.DistanceScale:1.0]]
[2020.02.14-22.03.50:410][  0]LogConfig: Setting CVar [[r.Shadow.CSM.TransitionScale:1.0]]
[2020.02.14-22.03.50:410][  0]LogConfig: Setting CVar [[r.Shadow.PreShadowResolutionFactor:1.0]]
[2020.02.14-22.03.50:410][  0]LogConfig: Setting CVar [[r.DistanceFieldShadowing:1]]
[2020.02.14-22.03.50:410][  0]LogConfig: Setting CVar [[r.DistanceFieldAO:1]]
[2020.02.14-22.03.50:410][  0]LogConfig: Setting CVar [[r.AOQuality:2]]
[2020.02.14-22.03.50:410][  0]LogConfig: Setting CVar [[r.VolumetricFog:1]]
[2020.02.14-22.03.50:410][  0]LogConfig: Setting CVar [[r.VolumetricFog.GridPixelSize:8]]
[2020.02.14-22.03.50:410][  0]LogConfig: Setting CVar [[r.VolumetricFog.GridSizeZ:128]]
[2020.02.14-22.03.50:410][  0]LogConfig: Setting CVar [[r.VolumetricFog.HistoryMissSupersampleCount:4]]
[2020.02.14-22.03.50:410][  0]LogConfig: Setting CVar [[r.LightMaxDrawDistanceScale:1]]
[2020.02.14-22.03.50:410][  0]LogConfig: Setting CVar [[r.CapsuleShadows:1]]
[2020.02.14-22.03.50:410][  0]LogConfig: Applying CVar settings from Section [PostProcessQuality@3] File [C:/Users/Jim/Documents/VFX_Learning/Saved/Config/Windows/Scalability.ini]
[2020.02.14-22.03.50:410][  0]LogConfig: Setting CVar [[r.MotionBlurQuality:4]]
[2020.02.14-22.03.50:410][  0]LogConfig: Setting CVar [[r.AmbientOcclusionMipLevelFactor:0.4]]
[2020.02.14-22.03.50:410][  0]LogConfig: Setting CVar [[r.AmbientOcclusionMaxQuality:100]]
[2020.02.14-22.03.50:410][  0]LogConfig: Setting CVar [[r.AmbientOcclusionLevels:-1]]
[2020.02.14-22.03.50:410][  0]LogConfig: Setting CVar [[r.AmbientOcclusionRadiusScale:1.0]]
[2020.02.14-22.03.50:410][  0]LogConfig: Setting CVar [[r.DepthOfFieldQuality:2]]
[2020.02.14-22.03.50:410][  0]LogConfig: Setting CVar [[r.RenderTargetPoolMin:400]]
[2020.02.14-22.03.50:410][  0]LogConfig: Setting CVar [[r.LensFlareQuality:2]]
[2020.02.14-22.03.50:410][  0]LogConfig: Setting CVar [[r.SceneColorFringeQuality:1]]
[2020.02.14-22.03.50:410][  0]LogConfig: Setting CVar [[r.EyeAdaptationQuality:2]]
[2020.02.14-22.03.50:410][  0]LogConfig: Setting CVar [[r.BloomQuality:5]]
[2020.02.14-22.03.50:410][  0]LogConfig: Setting CVar [[r.FastBlurThreshold:100]]
[2020.02.14-22.03.50:410][  0]LogConfig: Setting CVar [[r.Upscale.Quality:3]]
[2020.02.14-22.03.50:410][  0]LogConfig: Setting CVar [[r.Tonemapper.GrainQuantization:1]]
[2020.02.14-22.03.50:410][  0]LogConfig: Setting CVar [[r.LightShaftQuality:1]]
[2020.02.14-22.03.50:410][  0]LogConfig: Setting CVar [[r.Filter.SizeScale:1]]
[2020.02.14-22.03.50:410][  0]LogConfig: Setting CVar [[r.Tonemapper.Quality:5]]
[2020.02.14-22.03.50:410][  0]LogConfig: Setting CVar [[r.DOF.Gather.AccumulatorQuality:1        ; higher gathering accumulator quality]]
[2020.02.14-22.03.50:410][  0]LogConfig: Setting CVar [[r.DOF.Gather.PostfilterMethod:1          ; Median3x3 postfilering method]]
[2020.02.14-22.03.50:410][  0]LogConfig: Setting CVar [[r.DOF.Gather.EnableBokehSettings:0       ; no bokeh simulation when gathering]]
[2020.02.14-22.03.50:410][  0]LogConfig: Setting CVar [[r.DOF.Gather.RingCount:4                 ; medium number of samples when gathering]]
[2020.02.14-22.03.50:410][  0]LogConfig: Setting CVar [[r.DOF.Scatter.ForegroundCompositing:1    ; additive foreground scattering]]
[2020.02.14-22.03.50:410][  0]LogConfig: Setting CVar [[r.DOF.Scatter.BackgroundCompositing:2    ; additive background scattering]]
[2020.02.14-22.03.50:410][  0]LogConfig: Setting CVar [[r.DOF.Scatter.EnableBokehSettings:1      ; bokeh simulation when scattering]]
[2020.02.14-22.03.50:410][  0]LogConfig: Setting CVar [[r.DOF.Scatter.MaxSpriteRatio:0.1         ; only a maximum of 10% of scattered bokeh]]
[2020.02.14-22.03.50:410][  0]LogConfig: Setting CVar [[r.DOF.Recombine.Quality:1                ; cheap slight out of focus]]
[2020.02.14-22.03.50:410][  0]LogConfig: Setting CVar [[r.DOF.Recombine.EnableBokehSettings:0    ; no bokeh simulation on slight out of focus]]
[2020.02.14-22.03.50:410][  0]LogConfig: Setting CVar [[r.DOF.TemporalAAQuality:1                ; more stable temporal accumulation]]
[2020.02.14-22.03.50:410][  0]LogConfig: Setting CVar [[r.DOF.Kernel.MaxForegroundRadius:0.025]]
[2020.02.14-22.03.50:410][  0]LogConfig: Setting CVar [[r.DOF.Kernel.MaxBackgroundRadius:0.025]]
[2020.02.14-22.03.50:410][  0]LogConfig: Applying CVar settings from Section [TextureQuality@3] File [C:/Users/Jim/Documents/VFX_Learning/Saved/Config/Windows/Scalability.ini]
[2020.02.14-22.03.50:410][  0]LogConfig: Setting CVar [[r.Streaming.MipBias:0]]
[2020.02.14-22.03.50:410][  0]LogConfig: Setting CVar [[r.Streaming.AmortizeCPUToGPUCopy:0]]
[2020.02.14-22.03.50:410][  0]LogConfig: Setting CVar [[r.Streaming.MaxNumTexturesToStreamPerFrame:0]]
[2020.02.14-22.03.50:410][  0]LogConfig: Setting CVar [[r.Streaming.Boost:1]]
[2020.02.14-22.03.50:410][  0]LogConfig: Setting CVar [[r.MaxAnisotropy:8]]
[2020.02.14-22.03.50:410][  0]LogConfig: Setting CVar [[r.VT.MaxAnisotropy:8]]
[2020.02.14-22.03.50:410][  0]LogConfig: Setting CVar [[r.Streaming.LimitPoolSizeToVRAM:0]]
[2020.02.14-22.03.50:410][  0]LogConfig: Setting CVar [[r.Streaming.PoolSize:1000]]
[2020.02.14-22.03.50:410][  0]LogConfig: Setting CVar [[r.Streaming.MaxEffectiveScreenSize:0]]
[2020.02.14-22.03.50:410][  0]LogConfig: Applying CVar settings from Section [EffectsQuality@3] File [C:/Users/Jim/Documents/VFX_Learning/Saved/Config/Windows/Scalability.ini]
[2020.02.14-22.03.50:410][  0]LogConfig: Setting CVar [[r.TranslucencyLightingVolumeDim:64]]
[2020.02.14-22.03.50:410][  0]LogConfig: Setting CVar [[r.RefractionQuality:2]]
[2020.02.14-22.03.50:410][  0]LogConfig: Setting CVar [[r.SSR.Quality:3]]
[2020.02.14-22.03.50:410][  0]LogConfig: Setting CVar [[r.SSR.HalfResSceneColor:0]]
[2020.02.14-22.03.50:410][  0]LogConfig: Setting CVar [[r.SceneColorFormat:4]]
[2020.02.14-22.03.50:410][  0]LogConfig: Setting CVar [[r.DetailMode:2]]
[2020.02.14-22.03.50:410][  0]LogConfig: Setting CVar [[r.TranslucencyVolumeBlur:1]]
[2020.02.14-22.03.50:410][  0]LogConfig: Setting CVar [[r.MaterialQualityLevel:1 ; High quality]]
[2020.02.14-22.03.50:410][  0]LogConfig: Setting CVar [[r.SSS.Scale:1]]
[2020.02.14-22.03.50:410][  0]LogConfig: Setting CVar [[r.SSS.SampleSet:2]]
[2020.02.14-22.03.50:410][  0]LogConfig: Setting CVar [[r.SSS.Quality:1]]
[2020.02.14-22.03.50:410][  0]LogConfig: Setting CVar [[r.SSS.HalfRes:1]]
[2020.02.14-22.03.50:410][  0]LogConfig: Setting CVar [[r.SSGI.Quality:3]]
[2020.02.14-22.03.50:410][  0]LogConfig: Setting CVar [[r.EmitterSpawnRateScale:1.0]]
[2020.02.14-22.03.50:410][  0]LogConfig: Setting CVar [[r.ParticleLightQuality:2]]
[2020.02.14-22.03.50:410][  0]LogConfig: Setting CVar [[r.SkyAtmosphere.AerialPerspectiveLUT.FastApplyOnOpaque:1 ; Always have FastSkyLUT 1 in this case to avoid wrong sky]]
[2020.02.14-22.03.50:410][  0]LogConfig: Setting CVar [[r.SkyAtmosphere.AerialPerspectiveLUT.SampleCountPerSlice:1]]
[2020.02.14-22.03.50:410][  0]LogConfig: Setting CVar [[r.SkyAtmosphere.AerialPerspectiveLUT.DepthResolution:16.0]]
[2020.02.14-22.03.50:410][  0]LogConfig: Setting CVar [[r.SkyAtmosphere.FastSkyLUT:1]]
[2020.02.14-22.03.50:410][  0]LogConfig: Setting CVar [[r.SkyAtmosphere.FastSkyLUT.SampleCountMin:4.0]]
[2020.02.14-22.03.50:411][  0]LogConfig: Setting CVar [[r.SkyAtmosphere.FastSkyLUT.SampleCountMax:32.0]]
[2020.02.14-22.03.50:411][  0]LogConfig: Setting CVar [[r.SkyAtmosphere.SampleCountMin:4.0]]
[2020.02.14-22.03.50:411][  0]LogConfig: Setting CVar [[r.SkyAtmosphere.SampleCountMax:32.0]]
[2020.02.14-22.03.50:411][  0]LogConfig: Setting CVar [[r.SkyAtmosphere.TransmittanceLUT.UseSmallFormat:0]]
[2020.02.14-22.03.50:411][  0]LogConfig: Setting CVar [[r.SkyAtmosphere.TransmittanceLUT.SampleCount:10.0]]
[2020.02.14-22.03.50:411][  0]LogConfig: Setting CVar [[r.SkyAtmosphere.MultiScatteringLUT.SampleCount:15.0]]
[2020.02.14-22.03.50:411][  0]LogConfig: Applying CVar settings from Section [FoliageQuality@3] File [C:/Users/Jim/Documents/VFX_Learning/Saved/Config/Windows/Scalability.ini]
[2020.02.14-22.03.50:411][  0]LogConfig: Setting CVar [[foliage.DensityScale:1.0]]
[2020.02.14-22.03.50:411][  0]LogConfig: Setting CVar [[grass.DensityScale:1.0]]
[2020.02.14-22.03.50:411][  0]LogConfig: Applying CVar settings from Section [ShadingQuality@3] File [C:/Users/Jim/Documents/VFX_Learning/Saved/Config/Windows/Scalability.ini]
[2020.02.14-22.03.50:411][  0]LogConfig: Setting CVar [[r.HairStrands.SkyLighting.SampleCount:16]]
[2020.02.14-22.03.50:411][  0]LogConfig: Setting CVar [[r.HairStrands.SkyLighting.JitterIntegration:0]]
[2020.02.14-22.03.50:411][  0]LogConfig: Setting CVar [[r.HairStrands.SkyAO.SampleCount:16]]
[2020.02.14-22.03.50:411][  0]LogInit: Selected Device Profile: [Windows]
[2020.02.14-22.03.50:411][  0]LogInit: Applying CVar settings loaded from the selected device profile: [Windows]
[2020.02.14-22.03.50:413][  0]LogHAL: Display: Platform has ~ 32 GB [34290954240 / 34359738368 / 32], which maps to Largest [LargestMinGB=32, LargerMinGB=12, DefaultMinGB=8, SmallerMinGB=6, SmallestMinGB=0)
[2020.02.14-22.03.50:413][  0]LogInit: Going up to parent DeviceProfile []
[2020.02.14-22.03.50:413][  0]LogConfig: Applying CVar settings from Section [ViewDistanceQuality@3] File [C:/Users/Jim/Documents/VFX_Learning/Saved/Config/Windows/Scalability.ini]
[2020.02.14-22.03.50:413][  0]LogConfig: Setting CVar [[r.SkeletalMeshLODBias:0]]
[2020.02.14-22.03.50:413][  0]LogConfig: Setting CVar [[r.ViewDistanceScale:1.0]]
[2020.02.14-22.03.50:413][  0]LogConfig: Applying CVar settings from Section [AntiAliasingQuality@3] File [C:/Users/Jim/Documents/VFX_Learning/Saved/Config/Windows/Scalability.ini]
[2020.02.14-22.03.50:413][  0]LogConfig: Setting CVar [[r.PostProcessAAQuality:4]]
[2020.02.14-22.03.50:413][  0]LogConfig: Applying CVar settings from Section [ShadowQuality@3] File [C:/Users/Jim/Documents/VFX_Learning/Saved/Config/Windows/Scalability.ini]
[2020.02.14-22.03.50:413][  0]LogConfig: Setting CVar [[r.LightFunctionQuality:1]]
[2020.02.14-22.03.50:413][  0]LogConfig: Setting CVar [[r.ShadowQuality:5]]
[2020.02.14-22.03.50:413][  0]LogConfig: Setting CVar [[r.Shadow.CSM.MaxCascades:10]]
[2020.02.14-22.03.50:413][  0]LogConfig: Setting CVar [[r.Shadow.MaxResolution:2048]]
[2020.02.14-22.03.50:413][  0]LogConfig: Setting CVar [[r.Shadow.MaxCSMResolution:2048]]
[2020.02.14-22.03.50:413][  0]LogConfig: Setting CVar [[r.Shadow.RadiusThreshold:0.01]]
[2020.02.14-22.03.50:413][  0]LogConfig: Setting CVar [[r.Shadow.DistanceScale:1.0]]
[2020.02.14-22.03.50:413][  0]LogConfig: Setting CVar [[r.Shadow.CSM.TransitionScale:1.0]]
[2020.02.14-22.03.50:413][  0]LogConfig: Setting CVar [[r.Shadow.PreShadowResolutionFactor:1.0]]
[2020.02.14-22.03.50:414][  0]LogConfig: Setting CVar [[r.DistanceFieldShadowing:1]]
[2020.02.14-22.03.50:414][  0]LogConfig: Setting CVar [[r.DistanceFieldAO:1]]
[2020.02.14-22.03.50:414][  0]LogConfig: Setting CVar [[r.AOQuality:2]]
[2020.02.14-22.03.50:414][  0]LogConfig: Setting CVar [[r.VolumetricFog:1]]
[2020.02.14-22.03.50:414][  0]LogConfig: Setting CVar [[r.VolumetricFog.GridPixelSize:8]]
[2020.02.14-22.03.50:414][  0]LogConfig: Setting CVar [[r.VolumetricFog.GridSizeZ:128]]
[2020.02.14-22.03.50:414][  0]LogConfig: Setting CVar [[r.VolumetricFog.HistoryMissSupersampleCount:4]]
[2020.02.14-22.03.50:414][  0]LogConfig: Setting CVar [[r.LightMaxDrawDistanceScale:1]]
[2020.02.14-22.03.50:414][  0]LogConfig: Setting CVar [[r.CapsuleShadows:1]]
[2020.02.14-22.03.50:414][  0]LogConfig: Applying CVar settings from Section [PostProcessQuality@3] File [C:/Users/Jim/Documents/VFX_Learning/Saved/Config/Windows/Scalability.ini]
[2020.02.14-22.03.50:414][  0]LogConfig: Setting CVar [[r.MotionBlurQuality:4]]
[2020.02.14-22.03.50:414][  0]LogConfig: Setting CVar [[r.AmbientOcclusionMipLevelFactor:0.4]]
[2020.02.14-22.03.50:414][  0]LogConfig: Setting CVar [[r.AmbientOcclusionMaxQuality:100]]
[2020.02.14-22.03.50:414][  0]LogConfig: Setting CVar [[r.AmbientOcclusionLevels:-1]]
[2020.02.14-22.03.50:414][  0]LogConfig: Setting CVar [[r.AmbientOcclusionRadiusScale:1.0]]
[2020.02.14-22.03.50:414][  0]LogConfig: Setting CVar [[r.DepthOfFieldQuality:2]]
[2020.02.14-22.03.50:414][  0]LogConfig: Setting CVar [[r.RenderTargetPoolMin:400]]
[2020.02.14-22.03.50:414][  0]LogConfig: Setting CVar [[r.LensFlareQuality:2]]
[2020.02.14-22.03.50:414][  0]LogConfig: Setting CVar [[r.SceneColorFringeQuality:1]]
[2020.02.14-22.03.50:414][  0]LogConfig: Setting CVar [[r.EyeAdaptationQuality:2]]
[2020.02.14-22.03.50:414][  0]LogConfig: Setting CVar [[r.BloomQuality:5]]
[2020.02.14-22.03.50:414][  0]LogConfig: Setting CVar [[r.FastBlurThreshold:100]]
[2020.02.14-22.03.50:414][  0]LogConfig: Setting CVar [[r.Upscale.Quality:3]]
[2020.02.14-22.03.50:414][  0]LogConfig: Setting CVar [[r.Tonemapper.GrainQuantization:1]]
[2020.02.14-22.03.50:414][  0]LogConfig: Setting CVar [[r.LightShaftQuality:1]]
[2020.02.14-22.03.50:414][  0]LogConfig: Setting CVar [[r.Filter.SizeScale:1]]
[2020.02.14-22.03.50:414][  0]LogConfig: Setting CVar [[r.Tonemapper.Quality:5]]
[2020.02.14-22.03.50:414][  0]LogConfig: Setting CVar [[r.DOF.Gather.AccumulatorQuality:1        ; higher gathering accumulator quality]]
[2020.02.14-22.03.50:414][  0]LogConfig: Setting CVar [[r.DOF.Gather.PostfilterMethod:1          ; Median3x3 postfilering method]]
[2020.02.14-22.03.50:414][  0]LogConfig: Setting CVar [[r.DOF.Gather.EnableBokehSettings:0       ; no bokeh simulation when gathering]]
[2020.02.14-22.03.50:414][  0]LogConfig: Setting CVar [[r.DOF.Gather.RingCount:4                 ; medium number of samples when gathering]]
[2020.02.14-22.03.50:414][  0]LogConfig: Setting CVar [[r.DOF.Scatter.ForegroundCompositing:1    ; additive foreground scattering]]
[2020.02.14-22.03.50:414][  0]LogConfig: Setting CVar [[r.DOF.Scatter.BackgroundCompositing:2    ; additive background scattering]]
[2020.02.14-22.03.50:414][  0]LogConfig: Setting CVar [[r.DOF.Scatter.EnableBokehSettings:1      ; bokeh simulation when scattering]]
[2020.02.14-22.03.50:414][  0]LogConfig: Setting CVar [[r.DOF.Scatter.MaxSpriteRatio:0.1         ; only a maximum of 10% of scattered bokeh]]
[2020.02.14-22.03.50:414][  0]LogConfig: Setting CVar [[r.DOF.Recombine.Quality:1                ; cheap slight out of focus]]
[2020.02.14-22.03.50:414][  0]LogConfig: Setting CVar [[r.DOF.Recombine.EnableBokehSettings:0    ; no bokeh simulation on slight out of focus]]
[2020.02.14-22.03.50:414][  0]LogConfig: Setting CVar [[r.DOF.TemporalAAQuality:1                ; more stable temporal accumulation]]
[2020.02.14-22.03.50:414][  0]LogConfig: Setting CVar [[r.DOF.Kernel.MaxForegroundRadius:0.025]]
[2020.02.14-22.03.50:414][  0]LogConfig: Setting CVar [[r.DOF.Kernel.MaxBackgroundRadius:0.025]]
[2020.02.14-22.03.50:414][  0]LogConfig: Applying CVar settings from Section [TextureQuality@3] File [C:/Users/Jim/Documents/VFX_Learning/Saved/Config/Windows/Scalability.ini]
[2020.02.14-22.03.50:414][  0]LogConfig: Setting CVar [[r.Streaming.MipBias:0]]
[2020.02.14-22.03.50:414][  0]LogConfig: Setting CVar [[r.Streaming.AmortizeCPUToGPUCopy:0]]
[2020.02.14-22.03.50:414][  0]LogConfig: Setting CVar [[r.Streaming.MaxNumTexturesToStreamPerFrame:0]]
[2020.02.14-22.03.50:414][  0]LogConfig: Setting CVar [[r.Streaming.Boost:1]]
[2020.02.14-22.03.50:414][  0]LogConfig: Setting CVar [[r.MaxAnisotropy:8]]
[2020.02.14-22.03.50:414][  0]LogConfig: Setting CVar [[r.VT.MaxAnisotropy:8]]
[2020.02.14-22.03.50:414][  0]LogConfig: Setting CVar [[r.Streaming.LimitPoolSizeToVRAM:0]]
[2020.02.14-22.03.50:414][  0]LogConfig: Setting CVar [[r.Streaming.PoolSize:1000]]
[2020.02.14-22.03.50:414][  0]LogConfig: Setting CVar [[r.Streaming.MaxEffectiveScreenSize:0]]
[2020.02.14-22.03.50:414][  0]LogConfig: Applying CVar settings from Section [EffectsQuality@3] File [C:/Users/Jim/Documents/VFX_Learning/Saved/Config/Windows/Scalability.ini]
[2020.02.14-22.03.50:414][  0]LogConfig: Setting CVar [[r.TranslucencyLightingVolumeDim:64]]
[2020.02.14-22.03.50:414][  0]LogConfig: Setting CVar [[r.RefractionQuality:2]]
[2020.02.14-22.03.50:414][  0]LogConfig: Setting CVar [[r.SSR.Quality:3]]
[2020.02.14-22.03.50:414][  0]LogConfig: Setting CVar [[r.SSR.HalfResSceneColor:0]]
[2020.02.14-22.03.50:414][  0]LogConfig: Setting CVar [[r.SceneColorFormat:4]]
[2020.02.14-22.03.50:414][  0]LogConfig: Setting CVar [[r.DetailMode:2]]
[2020.02.14-22.03.50:414][  0]LogConfig: Setting CVar [[r.TranslucencyVolumeBlur:1]]
[2020.02.14-22.03.50:414][  0]LogConfig: Setting CVar [[r.MaterialQualityLevel:1 ; High quality]]
[2020.02.14-22.03.50:414][  0]LogConfig: Setting CVar [[r.SSS.Scale:1]]
[2020.02.14-22.03.50:414][  0]LogConfig: Setting CVar [[r.SSS.SampleSet:2]]
[2020.02.14-22.03.50:414][  0]LogConfig: Setting CVar [[r.SSS.Quality:1]]
[2020.02.14-22.03.50:414][  0]LogConfig: Setting CVar [[r.SSS.HalfRes:1]]
[2020.02.14-22.03.50:414][  0]LogConfig: Setting CVar [[r.SSGI.Quality:3]]
[2020.02.14-22.03.50:414][  0]LogConfig: Setting CVar [[r.EmitterSpawnRateScale:1.0]]
[2020.02.14-22.03.50:414][  0]LogConfig: Setting CVar [[r.ParticleLightQuality:2]]
[2020.02.14-22.03.50:414][  0]LogConfig: Setting CVar [[r.SkyAtmosphere.AerialPerspectiveLUT.FastApplyOnOpaque:1 ; Always have FastSkyLUT 1 in this case to avoid wrong sky]]
[2020.02.14-22.03.50:414][  0]LogConfig: Setting CVar [[r.SkyAtmosphere.AerialPerspectiveLUT.SampleCountPerSlice:1]]
[2020.02.14-22.03.50:414][  0]LogConfig: Setting CVar [[r.SkyAtmosphere.AerialPerspectiveLUT.DepthResolution:16.0]]
[2020.02.14-22.03.50:414][  0]LogConfig: Setting CVar [[r.SkyAtmosphere.FastSkyLUT:1]]
[2020.02.14-22.03.50:414][  0]LogConfig: Setting CVar [[r.SkyAtmosphere.FastSkyLUT.SampleCountMin:4.0]]
[2020.02.14-22.03.50:414][  0]LogConfig: Setting CVar [[r.SkyAtmosphere.FastSkyLUT.SampleCountMax:32.0]]
[2020.02.14-22.03.50:414][  0]LogConfig: Setting CVar [[r.SkyAtmosphere.SampleCountMin:4.0]]
[2020.02.14-22.03.50:414][  0]LogConfig: Setting CVar [[r.SkyAtmosphere.SampleCountMax:32.0]]
[2020.02.14-22.03.50:414][  0]LogConfig: Setting CVar [[r.SkyAtmosphere.TransmittanceLUT.UseSmallFormat:0]]
[2020.02.14-22.03.50:414][  0]LogConfig: Setting CVar [[r.SkyAtmosphere.TransmittanceLUT.SampleCount:10.0]]
[2020.02.14-22.03.50:414][  0]LogConfig: Setting CVar [[r.SkyAtmosphere.MultiScatteringLUT.SampleCount:15.0]]
[2020.02.14-22.03.50:414][  0]LogConfig: Applying CVar settings from Section [FoliageQuality@3] File [C:/Users/Jim/Documents/VFX_Learning/Saved/Config/Windows/Scalability.ini]
[2020.02.14-22.03.50:414][  0]LogConfig: Setting CVar [[foliage.DensityScale:1.0]]
[2020.02.14-22.03.50:414][  0]LogConfig: Setting CVar [[grass.DensityScale:1.0]]
[2020.02.14-22.03.50:414][  0]LogConfig: Applying CVar settings from Section [ShadingQuality@3] File [C:/Users/Jim/Documents/VFX_Learning/Saved/Config/Windows/Scalability.ini]
[2020.02.14-22.03.50:414][  0]LogConfig: Setting CVar [[r.HairStrands.SkyLighting.SampleCount:16]]
[2020.02.14-22.03.50:414][  0]LogConfig: Setting CVar [[r.HairStrands.SkyLighting.JitterIntegration:0]]
[2020.02.14-22.03.50:414][  0]LogConfig: Setting CVar [[r.HairStrands.SkyAO.SampleCount:16]]
[2020.02.14-22.03.50:414][  0]LogConfig: Applying CVar settings from Section [Startup] File [../../../Engine/Config/ConsoleVariables.ini]
[2020.02.14-22.03.50:415][  0]LogConfig: Setting CVar [[net.UseAdaptiveNetUpdateFrequency:0]]
[2020.02.14-22.03.50:415][  0]LogConfig: Setting CVar [[p.chaos.AllowCreatePhysxBodies:1]]
[2020.02.14-22.03.50:415][  0]LogConfig: Setting CVar [[fx.SkipVectorVMBackendOptimizations:1]]
[2020.02.14-22.03.50:415][  0]LogConfig: Applying CVar settings from Section [ConsoleVariables] File [C:/Users/Jim/Documents/VFX_Learning/Saved/Config/Windows/Engine.ini]
[2020.02.14-22.03.50:415][  0]LogInit: Computer: DESKTOP-IUR89VI
[2020.02.14-22.03.50:415][  0]LogInit: User: Jim
[2020.02.14-22.03.50:415][  0]LogInit: CPU Page size=4096, Cores=6
[2020.02.14-22.03.50:415][  0]LogInit: High frequency timer resolution =10.000000 MHz
[2020.02.14-22.03.50:415][  0]LogMemory: Memory total: Physical=31.9GB (32GB approx)
[2020.02.14-22.03.50:415][  0]LogMemory: Platform Memory Stats for Windows
[2020.02.14-22.03.50:415][  0]LogMemory: Process Physical Memory: 108.78 MB used, 108.79 MB peak
[2020.02.14-22.03.50:415][  0]LogMemory: Process Virtual Memory: 101.77 MB used, 101.77 MB peak
[2020.02.14-22.03.50:415][  0]LogMemory: Physical Memory: 7448.71 MB used,  25253.69 MB free, 32702.40 MB total
[2020.02.14-22.03.50:415][  0]LogMemory: Virtual Memory: 5160.20 MB used,  134212568.00 MB free, 134217728.00 MB total
[2020.02.14-22.03.50:419][  0]LogWindows: WindowsPlatformFeatures enabled
[2020.02.14-22.03.50:438][  0]LogInit: Overriding language with editor language configuration option (en).
[2020.02.14-22.03.50:438][  0]LogInit: Overriding locale with editor locale configuration option (en-US).
[2020.02.14-22.03.50:577][  0]LogInit: Setting process to per monitor DPI aware
[2020.02.14-22.03.50:636][  0]LogSlate: New Slate User Created.  User Index 0, Is Virtual User: 0
[2020.02.14-22.03.50:637][  0]LogSlate: Slate User Registered.  User Index 0, Is Virtual User: 0
[2020.02.14-22.03.50:822][  0]LogD3D12RHI: Aftermath initialized
[2020.02.14-22.03.50:822][  0]LogD3D12RHI: Loading WinPixEventRuntime.dll for PIX profiling (from ../../../Engine/Binaries/ThirdParty/Windows/DirectX/x64).
[2020.02.14-22.03.50:828][  0]LogHMD: Failed to initialize OpenVR with code 110
[2020.02.14-22.03.50:925][  0]LogD3D12RHI: Found D3D12 adapter 0: NVIDIA GeForce GTX 1080 Ti (Max supported Feature Level 12_1)
[2020.02.14-22.03.50:925][  0]LogD3D12RHI: Adapter has 11127MB of dedicated video memory, 0MB of dedicated system memory, and 16351MB of shared system memory, 2 output[s]
[2020.02.14-22.03.50:935][  0]LogD3D12RHI: Found D3D12 adapter 1: Microsoft Basic Render Driver (Max supported Feature Level 12_1)
[2020.02.14-22.03.50:935][  0]LogD3D12RHI: Adapter has 0MB of dedicated video memory, 0MB of dedicated system memory, and 16351MB of shared system memory, 0 output[s]
[2020.02.14-22.03.50:935][  0]LogD3D12RHI: Forcing D3D12.AsyncDeferredDeletion=0 as a workaround for a deadlock.
[2020.02.14-22.03.50:935][  0]LogD3D12RHI: Chosen D3D12 Adapter Id = 0
[2020.02.14-22.03.50:942][  0]LogD3D12RHI: Emitting draw events for PIX profiling.
[2020.02.14-22.03.51:001][  0]LogD3D12RHI: The system supports ID3D12Device1.
[2020.02.14-22.03.51:001][  0]LogD3D12RHI: The system supports ID3D12Device2.
[2020.02.14-22.03.51:076][  0]LogD3D12RHI: Display: Not using pipeline state disk cache per r.D3D12.PSO.DiskCache=0
[2020.02.14-22.03.51:076][  0]LogD3D12RHI: Display: Not using driver-optimized pipeline state disk cache per r.D3D12.PSO.DriverOptimizedDiskCache=0
[2020.02.14-22.03.51:077][  0]LogD3D12RHI:     GPU DeviceId: 0x1b06 (for the marketing name, search the web for "GPU Device Id")
[2020.02.14-22.03.51:077][  0]LogWindows: EnumDisplayDevices:
[2020.02.14-22.03.51:077][  0]LogWindows:    0. 'NVIDIA GeForce GTX 1080 Ti' (P:1 D:1)
[2020.02.14-22.03.51:078][  0]LogWindows:    1. 'NVIDIA GeForce GTX 1080 Ti' (P:0 D:1)
[2020.02.14-22.03.51:078][  0]LogWindows:    2. 'NVIDIA GeForce GTX 1080 Ti' (P:0 D:0)
[2020.02.14-22.03.51:079][  0]LogWindows:    3. 'NVIDIA GeForce GTX 1080 Ti' (P:0 D:0)
[2020.02.14-22.03.51:079][  0]LogWindows: DebugString: FoundDriverCount:4 
[2020.02.14-22.03.51:079][  0]LogD3D12RHI:     Adapter Name: NVIDIA GeForce GTX 1080 Ti
[2020.02.14-22.03.51:079][  0]LogD3D12RHI:   Driver Version: 436.15 (internal:26.21.14.3615, unified:436.15)
[2020.02.14-22.03.51:079][  0]LogD3D12RHI:      Driver Date: 8-24-2019
[2020.02.14-22.03.51:079][  0]LogRHI: Texture pool is 5958 MB (70% of 8512 MB)
[2020.02.14-22.03.51:079][  0]LogD3D12RHI: Async texture creation enabled
[2020.02.14-22.03.51:079][  0]LogD3D12RHI: RHI has support for 64 bit atomics
[2020.02.14-22.03.51:414][  0]LogTargetPlatformManager: Display: Loaded TargetPlatform 'AllDesktop'
[2020.02.14-22.03.51:443][  0]LogTargetPlatformManager: Display: Loaded TargetPlatform 'Android'
[2020.02.14-22.03.51:443][  0]LogTargetPlatformManager: Display: Loaded TargetPlatform 'Android_ASTC'
[2020.02.14-22.03.51:443][  0]LogTargetPlatformManager: Display: Loaded TargetPlatform 'Android_ATC'
[2020.02.14-22.03.51:443][  0]LogTargetPlatformManager: Display: Loaded TargetPlatform 'Android_DXT'
[2020.02.14-22.03.51:443][  0]LogTargetPlatformManager: Display: Loaded TargetPlatform 'Android_ETC1'
[2020.02.14-22.03.51:443][  0]LogTargetPlatformManager: Display: Loaded TargetPlatform 'Android_ETC1a'
[2020.02.14-22.03.51:443][  0]LogTargetPlatformManager: Display: Loaded TargetPlatform 'Android_ETC2'
[2020.02.14-22.03.51:443][  0]LogTargetPlatformManager: Display: Loaded TargetPlatform 'Android_PVRTC'
[2020.02.14-22.03.51:443][  0]LogTargetPlatformManager: Display: Loaded TargetPlatform 'AndroidClient'
[2020.02.14-22.03.51:443][  0]LogTargetPlatformManager: Display: Loaded TargetPlatform 'Android_ASTCClient'
[2020.02.14-22.03.51:443][  0]LogTargetPlatformManager: Display: Loaded TargetPlatform 'Android_ATCClient'
[2020.02.14-22.03.51:443][  0]LogTargetPlatformManager: Display: Loaded TargetPlatform 'Android_DXTClient'
[2020.02.14-22.03.51:443][  0]LogTargetPlatformManager: Display: Loaded TargetPlatform 'Android_ETC1Client'
[2020.02.14-22.03.51:443][  0]LogTargetPlatformManager: Display: Loaded TargetPlatform 'Android_ETC1aClient'
[2020.02.14-22.03.51:443][  0]LogTargetPlatformManager: Display: Loaded TargetPlatform 'Android_ETC2Client'
[2020.02.14-22.03.51:443][  0]LogTargetPlatformManager: Display: Loaded TargetPlatform 'Android_PVRTCClient'
[2020.02.14-22.03.51:443][  0]LogTargetPlatformManager: Display: Loaded TargetPlatform 'Android_Multi'
[2020.02.14-22.03.51:443][  0]LogTargetPlatformManager: Display: Loaded TargetPlatform 'Android_MultiClient'
[2020.02.14-22.03.51:459][  0]LogTargetPlatformManager: Display: Loaded TargetPlatform 'IOSClient'
[2020.02.14-22.03.51:459][  0]LogTargetPlatformManager: Display: Loaded TargetPlatform 'IOS'
[2020.02.14-22.03.51:465][  0]LogTargetPlatformManager: Display: Loaded TargetPlatform 'LinuxNoEditor'
[2020.02.14-22.03.51:471][  0]LogTargetPlatformManager: Display: Loaded TargetPlatform 'LinuxClient'
[2020.02.14-22.03.51:477][  0]LogTargetPlatformManager: Display: Loaded TargetPlatform 'LinuxServer'
[2020.02.14-22.03.51:484][  0]LogTargetPlatformManager: Display: Loaded TargetPlatform 'LinuxAArch64NoEditor'
[2020.02.14-22.03.51:490][  0]LogTargetPlatformManager: Display: Loaded TargetPlatform 'LinuxAArch64Client'
[2020.02.14-22.03.51:496][  0]LogTargetPlatformManager: Display: Loaded TargetPlatform 'LinuxAArch64Server'
[2020.02.14-22.03.51:518][  0]LogTargetPlatformManager: Display: Loaded TargetPlatform 'Lumin'
[2020.02.14-22.03.51:518][  0]LogTargetPlatformManager: Display: Loaded TargetPlatform 'LuminClient'
[2020.02.14-22.03.51:531][  0]LogTargetPlatformManager: Display: Loaded TargetPlatform 'TVOSClient'
[2020.02.14-22.03.51:531][  0]LogTargetPlatformManager: Display: Loaded TargetPlatform 'TVOS'
[2020.02.14-22.03.51:538][  0]LogTargetPlatformManager: Display: Loaded TargetPlatform 'WindowsNoEditor'
[2020.02.14-22.03.51:544][  0]LogTargetPlatformManager: Display: Loaded TargetPlatform 'Windows'
[2020.02.14-22.03.51:551][  0]LogTargetPlatformManager: Display: Loaded TargetPlatform 'WindowsClient'
[2020.02.14-22.03.51:557][  0]LogTargetPlatformManager: Display: Loaded TargetPlatform 'WindowsServer'
[2020.02.14-22.03.51:557][  0]LogTargetPlatformManager: Display: Building Assets For Windows
[2020.02.14-22.03.51:560][  0]LogAudioDebug: Display: Lib vorbis DLL was dynamically loaded.
[2020.02.14-22.03.51:576][  0]LogShaderCompilers: Guid format shader working directory is 9 characters bigger than the processId version (C:/Users/Jim/Documents/VFX_Learning/Intermediate/Shaders/WorkingDirectory/4972/).
[2020.02.14-22.03.51:577][  0]LogShaderCompilers: Cleaned the shader compiler working directory 'C:/Users/Jim/AppData/Local/Temp/UnrealShaderWorkingDir/9B3B6DEB4614C5A4BADD9F9F50EA6F01/'.
[2020.02.14-22.03.51:577][  0]LogXGEController: Cleaning working directory: C:/Users/Jim/AppData/Local/Temp/UnrealXGEWorkingDir/
[2020.02.14-22.03.51:578][  0]LogXGEController: Cannot use XGE Controller as Incredibuild is not installed on this machine.
[2020.02.14-22.03.51:578][  0]LogShaderCompilers: Cannot use XGE Shader Compiler as Incredibuild is not installed on this machine.
[2020.02.14-22.03.51:578][  0]LogShaderCompilers: Display: Using Local Shader Compiler.
[2020.02.14-22.03.52:211][  0]LogDerivedDataCache: Display: Max Cache Size: 512 MB
[2020.02.14-22.03.52:259][  0]LogDerivedDataCache: Loaded boot cache 0.05s 80MB C:/Users/Jim/AppData/Local/UnrealEngine/4.24/DerivedDataCache/Boot.ddc.
[2020.02.14-22.03.52:260][  0]LogDerivedDataCache: Display: Loaded Boot cache: C:/Users/Jim/AppData/Local/UnrealEngine/4.24/DerivedDataCache/Boot.ddc
[2020.02.14-22.03.52:260][  0]LogDerivedDataCache: FDerivedDataBackendGraph:  Pak pak cache file C:/Users/Jim/Documents/VFX_Learning/DerivedDataCache/DDC.ddp not found, will not use a pak cache.
[2020.02.14-22.03.52:260][  0]LogDerivedDataCache: Unable to find inner node Pak for hierarchical cache Hierarchy.
[2020.02.14-22.03.52:260][  0]LogDerivedDataCache: FDerivedDataBackendGraph:  CompressedPak pak cache file C:/Users/Jim/Documents/VFX_Learning/DerivedDataCache/Compressed.ddp not found, will not use a pak cache.
[2020.02.14-22.03.52:260][  0]LogDerivedDataCache: Unable to find inner node CompressedPak for hierarchical cache Hierarchy.
[2020.02.14-22.03.52:268][  0]LogDerivedDataCache: Display: Pak cache opened for reading ../../../Engine/DerivedDataCache/Compressed.ddp.
[2020.02.14-22.03.52:268][  0]LogDerivedDataCache: FDerivedDataBackendGraph:  EnterprisePak pak cache file ../../../Enterprise/DerivedDataCache/Compressed.ddp not found, will not use a pak cache.
[2020.02.14-22.03.52:268][  0]LogDerivedDataCache: Unable to find inner node EnterprisePak for hierarchical cache Hierarchy.
[2020.02.14-22.03.52:270][  0]LogDerivedDataCache: Using Local data cache path C:/Users/Jim/AppData/Local/UnrealEngine/Common/DerivedDataCache: Writable
[2020.02.14-22.03.52:270][  0]LogDerivedDataCache: Shared data cache path not found in *engine.ini, will not use an Shared cache.
[2020.02.14-22.03.52:270][  0]LogDerivedDataCache: Unable to find inner node Shared for hierarchical cache Hierarchy.
[2020.02.14-22.03.52:291][  0]LogMaterial: Verifying Global Shaders for PCD3D_SM5
[2020.02.14-22.03.52:293][  0]LogSlate: Using FreeType 2.10.0
[2020.02.14-22.03.52:293][  0]LogSlate: SlateFontServices - WITH_FREETYPE: 1, WITH_HARFBUZZ: 1
[2020.02.14-22.03.52:347][  0]LogAssetRegistry: FAssetRegistry took 0.0022 seconds to start up
[2020.02.14-22.03.52:602][  0]LogInit: Selected Device Profile: [Windows]
[2020.02.14-22.03.52:745][  0]LogMeshReduction: Using QuadricMeshReduction for automatic static mesh reduction
[2020.02.14-22.03.52:745][  0]LogMeshReduction: Using SimplygonMeshReduction for automatic skeletal mesh reduction
[2020.02.14-22.03.52:745][  0]LogMeshReduction: Using ProxyLODMeshReduction for automatic mesh merging
[2020.02.14-22.03.52:745][  0]LogMeshReduction: No distributed automatic mesh merging module available
[2020.02.14-22.03.52:745][  0]LogMeshMerging: No distributed automatic mesh merging module available
[2020.02.14-22.03.52:758][  0]LogNetVersion: VFX_Learning 1.0.0, NetCL: 10570792, EngineNetVer: 13, GameNetVer: 0 (Checksum: 537258961)
[2020.02.14-22.03.54:069][  0]LogPackageLocalizationCache: Processed 12 localized package path(s) for 1 prioritized culture(s) in 0.050209 seconds
[2020.02.14-22.03.54:076][  0]LogUObjectArray: 46771 objects as part of root set at end of initial load.
[2020.02.14-22.03.54:076][  0]LogUObjectAllocator: 8140680 out of 0 bytes used by permanent object pool.
[2020.02.14-22.03.54:076][  0]LogUObjectArray: CloseDisregardForGC: 0/0 objects in disregard for GC pool
[2020.02.14-22.03.54:448][  0]LogTcpMessaging: Initializing TcpMessaging bridge
[2020.02.14-22.03.54:451][  0]LogUdpMessaging: Initializing bridge on interface 0.0.0.0:0 to multicast group 230.0.0.1:6666.
[2020.02.14-22.03.54:492][  0]SourceControl: Source control is disabled
[2020.02.14-22.03.54:492][  0]SourceControl: Source control is disabled
[2020.02.14-22.03.54:494][  0]SourceControl: Source control is disabled
[2020.02.14-22.03.54:494][  0]SourceControl: Source control is disabled
[2020.02.14-22.03.54:494][  0]SourceControl: Source control is disabled
[2020.02.14-22.03.54:569][  0]LogAndroidPermission: UAndroidPermissionCallbackProxy::GetInstance
[2020.02.14-22.03.54:577][  0]LogAudioCaptureCore: Display: No Audio Capture implementations found. Audio input will be silent.
[2020.02.14-22.03.54:577][  0]LogAudioCaptureCore: Display: No Audio Capture implementations found. Audio input will be silent.
[2020.02.14-22.03.54:653][  0]LogOcInput: OculusInput pre-init called
[2020.02.14-22.03.54:661][  0]LogWindows: Failed to load 'OVRPlugin.dll' (GetLastError=126)
[2020.02.14-22.03.54:661][  0]LogWindows: File 'OVRPlugin.dll' does not exist
[2020.02.14-22.03.54:719][  0]LogEngine: Initializing Engine...
[2020.02.14-22.03.54:720][  0]LogHMD: Failed to initialize OpenVR with code 110
[2020.02.14-22.03.54:721][  0]LogStats: UGameplayTagsManager::InitializeManager -  0.000 s
[2020.02.14-22.03.55:038][  0]LogInit: Initializing FReadOnlyCVARCache
[2020.02.14-22.03.55:043][  0]LogAIModule: Creating AISystem for world Untitled
[2020.02.14-22.03.55:321][  0]LogAudioMixer: Display: Audio Mixer Platform Settings:
[2020.02.14-22.03.55:321][  0]LogAudioMixer: Display: 	Sample Rate:						  48000
[2020.02.14-22.03.55:321][  0]LogAudioMixer: Display: 	Callback Buffer Frame Size Requested: 1024
[2020.02.14-22.03.55:321][  0]LogAudioMixer: Display: 	Callback Buffer Frame Size To Use:	  1024
[2020.02.14-22.03.55:321][  0]LogAudioMixer: Display: 	Number of buffers to queue:			  2
[2020.02.14-22.03.55:321][  0]LogAudioMixer: Display: 	Max Channels (voices):				  32
[2020.02.14-22.03.55:321][  0]LogAudioMixer: Display: 	Number of Async Source Workers:		  0
[2020.02.14-22.03.55:321][  0]LogAudio: Display: AudioDevice MaxSources: 32
[2020.02.14-22.03.55:321][  0]LogAudio: Display: Using built-in audio occlusion.
[2020.02.14-22.03.55:321][  0]LogAudioMixer: Display: Initializing audio mixer.
[2020.02.14-22.03.55:386][  0]LogAudioMixer: Display: Audio Device Output Speaker Info:
[2020.02.14-22.03.55:386][  0]LogAudioMixer: Display: Name: 扬声器 (Realtek High Definition Audio)
[2020.02.14-22.03.55:386][  0]LogAudioMixer: Display: Is Default: Yes
[2020.02.14-22.03.55:386][  0]LogAudioMixer: Display: Sample Rate: 48000
[2020.02.14-22.03.55:386][  0]LogAudioMixer: Display: Channel Count Used: 2
[2020.02.14-22.03.55:386][  0]LogAudioMixer: Display: Device Channel Count: 2
[2020.02.14-22.03.55:386][  0]LogAudioMixer: Display: Channel Order:
[2020.02.14-22.03.55:386][  0]LogAudioMixer: Display: 0: FrontLeft
[2020.02.14-22.03.55:386][  0]LogAudioMixer: Display: 1: FrontRight
[2020.02.14-22.03.55:416][  0]LogAudioMixer: Display: Using Audio Device 扬声器 (Realtek High Definition Audio)
[2020.02.14-22.03.55:421][  0]LogInit: FAudioDevice initialized.
[2020.02.14-22.03.55:421][  0]LogNetVersion: Set ProjectVersion to 1.0.0.0. Version Checksum will be recalculated on next use.
[2020.02.14-22.03.56:925][  0]LogDerivedDataCache: Saved boot cache 1.50s 80MB C:/Users/Jim/AppData/Local/UnrealEngine/4.24/DerivedDataCache/Boot.ddc.
[2020.02.14-22.03.56:928][  0]LogInit: Texture streaming: Enabled
[2020.02.14-22.03.56:937][  0]LogEngineSessionManager: EngineSessionManager initialized
[2020.02.14-22.03.56:937][  0]LogEditorSessionSummary: Verbose: Initializing EditorSessionSummaryWriter for editor session tracking
[2020.02.14-22.03.56:997][  0]LogEditorSessionSummary: EditorSessionSummaryWriter initialized
[2020.02.14-22.03.57:026][  0]LogInit: Transaction tracking system initialized
[2020.02.14-22.03.57:033][  0]BlueprintLog: New page: Editor Load
[2020.02.14-22.03.57:057][  0]LocalizationService: Localization service is disabled
[2020.02.14-22.03.57:286][  0]LogFileCache: Scanning file cache for directory 'C:/Users/Jim/Documents/VFX_Learning/Content/' took 0.00s
[2020.02.14-22.03.57:286][  0]LogCook: Display: Max memory allowance for cook 16384mb min free memory 0mb
[2020.02.14-22.03.57:287][  0]LogCook: Display: Mobile HDR setting 1
[2020.02.14-22.03.58:006][  0]SourceControl: Source control is disabled
[2020.02.14-22.03.58:006][  0]Cmd: MAP LOAD FILE="C:/Users/Jim/Documents/VFX_Learning/Content/ThirdPersonBP/Maps/ThirdPersonExampleMap.umap" TEMPLATE=0 SHOWPROGRESS=1 FEATURELEVEL=3
[2020.02.14-22.03.58:007][  0]LightingResults: New page: Lighting Build
[2020.02.14-22.03.58:007][  0]LogWorld: UWorld::CleanupWorld for Untitled, bSessionEnded=true, bCleanupResources=true
[2020.02.14-22.03.58:007][  0]LogSlate: InvalidateAllWidgets triggered.  All widgets were invalidated
[2020.02.14-22.03.58:007][  0]MapCheck: New page: Map Check
[2020.02.14-22.03.58:007][  0]LightingResults: New page: Lighting Build
[2020.02.14-22.03.58:031][  0]LogUObjectHash: Compacting FUObjectHashTables data took   1.34ms
[2020.02.14-22.03.58:501][  0]LogTemp: Display: Loaded shader NiagaraScript /Game/ThirdPersonBP/VFX/Systems/HolographicSystem_Title.HolographicSystem_Title:CircularSpawner.GPUComputeScript_4 for Niagara script NiagaraScript /Game/ThirdPersonBP/VFX/Systems/HolographicSystem_Title.HolographicSystem_Title:CircularSpawner.GPUComputeScript_4 from DDC
[2020.02.14-22.03.58:528][  0]LogTemp: Display: Loaded shader NiagaraScript /Game/ThirdPersonBP/VFX/Systems/HolographicSystem_3DMesh.HolographicSystem_3DMesh:CircularSpawner.GPUComputeScript_4 for Niagara script NiagaraScript /Game/ThirdPersonBP/VFX/Systems/HolographicSystem_3DMesh.HolographicSystem_3DMesh:CircularSpawner.GPUComputeScript_4 from DDC
[2020.02.14-22.03.58:570][  0]LogTemp: Display: Loaded shader NiagaraScript /Game/ThirdPersonBP/VFX/Systems/HolographicSystem.HolographicSystem:CircularSpawner.GPUComputeScript_4 for Niagara script NiagaraScript /Game/ThirdPersonBP/VFX/Systems/HolographicSystem.HolographicSystem:CircularSpawner.GPUComputeScript_4 from DDC
[2020.02.14-22.03.58:612][  0]LogAIModule: Creating AISystem for world ThirdPersonExampleMap
[2020.02.14-22.03.58:646][  0]LogEditorServer: Finished looking for orphan Actors (0.000 secs)
[2020.02.14-22.03.58:679][  0]LogUObjectHash: Compacting FUObjectHashTables data took   1.83ms
[2020.02.14-22.03.58:679][  0]Cmd: MAP CHECKDEP NOCLEARLOG
[2020.02.14-22.03.58:680][  0]MapCheck: Map check complete: 0 Error(s), 0 Warning(s), took 0.28ms to complete.
[2020.02.14-22.03.58:680][  0]LogFileHelpers: Loading map 'ThirdPersonExampleMap' took 0.674
[2020.02.14-22.03.58:785][  0]LogSlate: Updating window title bar state: overlay mode, drag disabled, window buttons hidden, title bar hidden
[2020.02.14-22.03.58:791][  0]LogSlate: Updating window title bar state: overlay mode, drag disabled, window buttons hidden, title bar hidden
[2020.02.14-22.03.58:797][  0]LogSlate: Updating window title bar state: overlay mode, drag disabled, window buttons hidden, title bar hidden
[2020.02.14-22.03.58:803][  0]LogSlate: Updating window title bar state: overlay mode, drag disabled, window buttons hidden, title bar hidden
[2020.02.14-22.03.58:807][  0]LogCollectionManager: Loaded 0 collections in 0.000898 seconds
[2020.02.14-22.03.58:819][  0]LogFileCache: Scanning file cache for directory 'C:/Users/Jim/Documents/VFX_Learning/Saved/Collections/' took 0.00s
[2020.02.14-22.03.58:819][  0]LogFileCache: Scanning file cache for directory 'C:/Users/Jim/Documents/VFX_Learning/Content/Developers/Jim/Collections/' took 0.00s
[2020.02.14-22.03.58:819][  0]LogFileCache: Scanning file cache for directory 'C:/Users/Jim/Documents/VFX_Learning/Content/Collections/' took 0.00s
[2020.02.14-22.03.58:819][  0]LogContentBrowser: Native class hierarchy populated in 0.0067 seconds. Added 3165 classes and 735 folders.
[2020.02.14-22.03.58:821][  0]LogContentBrowser: Native class hierarchy updated for 'WidgetCarousel' in 0.0003 seconds. Added 0 classes and 0 folders.
[2020.02.14-22.03.58:885][  0]LogContentBrowser: Native class hierarchy updated for 'AddContentDialog' in 0.0003 seconds. Added 0 classes and 0 folders.
[2020.02.14-22.03.58:888][  0]LogContentBrowser: Native class hierarchy updated for 'SceneOutliner' in 0.0003 seconds. Added 2 classes and 3 folders.
[2020.02.14-22.03.58:940][  0]LogSlate: Took 0.000323 seconds to synchronously load lazily loaded font '../../../Engine/Content/Slate/Fonts/Roboto-Regular.ttf' (155K)
[2020.02.14-22.03.58:941][  0]LogSlate: Took 0.000206 seconds to synchronously load lazily loaded font '../../../Engine/Content/Slate/Fonts/Roboto-Bold.ttf' (160K)
[2020.02.14-22.03.58:945][  0]LogSlate: Took 0.000183 seconds to synchronously load lazily loaded font '../../../Engine/Content/Editor/Slate/Fonts/FontAwesome.ttf' (139K)
[2020.02.14-22.03.58:988][  0]LogRenderer: Scene Capture has ShowOnlyComponents or ShowOnlyActors ignored by the PrimitiveRenderMode setting! /Game/ThirdPersonBP/Maps/ThirdPersonExampleMap.ThirdPersonExampleMap:PersistentLevel.SceneCapture2D1_Blueprint.NewSceneCaptureComponent2D
[2020.02.14-22.03.59:011][  0]LogRenderer: Reallocating scene render targets to support 1024x1024 Format 10 NumSamples 1 (Frame:1).
[2020.02.14-22.03.59:130][  0]LogRenderer: Reallocating scene render targets to support 1616x1024 Format 10 NumSamples 1 (Frame:1).
[2020.02.14-22.03.59:472][  0]LogContentBrowser: Native class hierarchy updated for 'HierarchicalLODOutliner' in 0.0004 seconds. Added 0 classes and 0 folders.
[2020.02.14-22.03.59:472][  0]LogLoad: (Engine Initialization) Total time: 10.47 seconds
[2020.02.14-22.03.59:472][  0]LogLoad: (Engine Initialization) Total Blueprint compile time: 0.00 seconds
[2020.02.14-22.03.59:529][  0]LogAssetRegistry: Asset discovery search completed in 7.1833 seconds
[2020.02.14-22.03.59:533][  0]LogCollectionManager: Fixed up redirectors for 0 collections in 0.000007 seconds (updated 0 objects)
[2020.02.14-22.03.59:534][  0]LogContentStreaming: Texture pool size now 1000 MB
[2020.02.14-22.05.11:014][216]LogNiagara: FNiagaraDummyRWBufferFloat InitRHI NiagaraRenderer::DummyFloat
[2020.02.14-22.05.11:014][216]LogNiagara: FNiagaraDummyRWBufferInt InitRHI NiagaraRenderer::DummyInt
[2020.02.14-22.05.16:451][861]LogSlate: Took 0.000268 seconds to synchronously load lazily loaded font '../../../Engine/Content/Slate/Fonts/Roboto-Light.ttf' (167K)
[2020.02.14-22.05.16:465][861]LogAssetEditorSubsystem: Opening Asset editor for NiagaraSystem /Game/ThirdPersonBP/VFX/Systems/HolographicSystem_3DMesh.HolographicSystem_3DMesh
[2020.02.14-22.05.16:800][861]63075_HolographicSystem_3DMesh_MessageLog: System successfully compiled.
[2020.02.14-22.05.16:805][861]LogSlate: Took 0.000263 seconds to synchronously load lazily loaded font '../../../Engine/Content/Slate/Fonts/Roboto-BoldCondensed.ttf' (158K)
[2020.02.14-22.05.32:137][615]Cmd: CLOSE_SLATE_MAINFRAME
[2020.02.14-22.05.32:161][615]LogUObjectHash: Compacting FUObjectHashTables data took   1.28ms
[2020.02.14-22.05.32:190][615]LogSlate: Window 'HolographicSystem_3DMesh' being destroyed
[2020.02.14-22.05.32:193][615]LogNiagaraEditor: Warning: Cleanup System view model 000001755ED59810
[2020.02.14-22.05.32:201][615]LogWorld: UWorld::CleanupWorld for World_0, bSessionEnded=true, bCleanupResources=true
[2020.02.14-22.05.32:201][615]LogSlate: InvalidateAllWidgets triggered.  All widgets were invalidated
[2020.02.14-22.05.32:210][615]LogNiagaraEditor: Warning: Cleanup System view model 000001755ED59810
[2020.02.14-22.05.32:211][615]LogNiagaraEditor: Warning: Deleting System view model 000001755ED59810
[2020.02.14-22.05.32:212][615]LogSlate: Window 'Plugins' being destroyed
[2020.02.14-22.05.32:216][615]LogDirectoryWatcher: A directory notification for '../../../Engine/Plugins/' was aborted.
[2020.02.14-22.05.32:217][615]LogSlate: Window 'VFX_Learning - Unreal Editor' being destroyed
[2020.02.14-22.05.32:219][615]LogWindowsTextInputMethodSystem: Display: IME system now activated using TSF (搜狗拼音输入法).
[2020.02.14-22.05.32:500][615]LogUObjectHash: Compacting FUObjectHashTables data took   1.33ms
[2020.02.14-22.05.32:500][616]Cmd: QUIT_EDITOR
[2020.02.14-22.05.32:500][616]LogCore: Engine exit requested (reason: UUnrealEdEngine::CloseEditor())
[2020.02.14-22.05.32:510][616]LogCore: Engine exit requested (reason: EngineExit() was called; note: exit was already requested)
[2020.02.14-22.05.32:510][616]LogAudioMixer: Display: No commands were queued while flushing the source manager.
[2020.02.14-22.05.32:528][616]LogExit: Preparing to exit.
[2020.02.14-22.05.33:628][616]LogDemo: Cleaned up 0 splitscreen connections with owner deletion
[2020.02.14-22.05.33:637][616]LogWorld: UWorld::CleanupWorld for None, bSessionEnded=true, bCleanupResources=true
[2020.02.14-22.05.33:637][616]LogExit: Editor shut down
[2020.02.14-22.05.33:638][616]LogExit: Transaction tracking system shut down
[2020.02.14-22.05.33:797][616]LogExit: Object subsystem successfully closed.
[2020.02.14-22.05.33:825][616]LogShaderCompilers: Display: Shaders left to compile 0
[2020.02.14-22.05.33:835][616]LogModuleManager: Shutting down and abandoning module SequencerWidgets (714)
[2020.02.14-22.05.33:836][616]LogModuleManager: Shutting down and abandoning module HierarchicalLODOutliner (712)
[2020.02.14-22.05.33:836][616]LogModuleManager: Shutting down and abandoning module SceneOutliner (710)
[2020.02.14-22.05.33:836][616]LogModuleManager: Shutting down and abandoning module AddContentDialog (708)
[2020.02.14-22.05.33:836][616]LogModuleManager: Shutting down and abandoning module WidgetCarousel (707)
[2020.02.14-22.05.33:836][616]LogModuleManager: Shutting down and abandoning module EditorWidgets (704)
[2020.02.14-22.05.33:836][616]LogModuleManager: Shutting down and abandoning module CollectionManager (702)
[2020.02.14-22.05.33:836][616]LogModuleManager: Shutting down and abandoning module StatsViewer (700)
[2020.02.14-22.05.33:836][616]LogModuleManager: Shutting down and abandoning module VirtualTexturingEditor (698)
[2020.02.14-22.05.33:836][616]LogModuleManager: Shutting down and abandoning module FoliageEdit (696)
[2020.02.14-22.05.33:836][616]LogModuleManager: Shutting down and abandoning module LandscapeEditor (694)
[2020.02.14-22.05.33:836][616]LogModuleManager: Shutting down and abandoning module MeshPaintMode (692)
[2020.02.14-22.05.33:836][616]LogModuleManager: Shutting down and abandoning module SceneDepthPickerMode (690)
[2020.02.14-22.05.33:836][616]LogModuleManager: Shutting down and abandoning module ActorPickerMode (688)
[2020.02.14-22.05.33:836][616]LogModuleManager: Shutting down and abandoning module GeometryMode (686)
[2020.02.14-22.05.33:836][616]LogModuleManager: Shutting down and abandoning module TextureAlignMode (684)
[2020.02.14-22.05.33:836][616]LogModuleManager: Shutting down and abandoning module BspMode (682)
[2020.02.14-22.05.33:836][616]LogModuleManager: Shutting down and abandoning module PIEPreviewDeviceProfileSelector (680)
[2020.02.14-22.05.33:836][616]LogModuleManager: Shutting down and abandoning module SequenceRecorderSections (678)
[2020.02.14-22.05.33:836][616]LogModuleManager: Shutting down and abandoning module AutomationWorker (676)
[2020.02.14-22.05.33:836][616]LogModuleManager: Shutting down and abandoning module SteamVREditor (674)
[2020.02.14-22.05.33:836][616]LogModuleManager: Shutting down and abandoning module OculusMR (672)
[2020.02.14-22.05.33:836][616]LogModuleManager: Shutting down and abandoning module AudioCaptureEditor (670)
[2020.02.14-22.05.33:836][616]LogModuleManager: Shutting down and abandoning module MatineeToLevelSequence (668)
[2020.02.14-22.05.33:836][616]LogModuleManager: Shutting down and abandoning module LevelSequenceEditor (666)
[2020.02.14-22.05.33:836][616]LogModuleManager: Shutting down and abandoning module PlacementMode (665)
[2020.02.14-22.05.33:836][616]LogModuleManager: Shutting down and abandoning module MaterialEditor (664)
[2020.02.14-22.05.33:836][616]LogModuleManager: Shutting down and abandoning module ActorSequenceEditor (660)
[2020.02.14-22.05.33:836][616]LogModuleManager: Shutting down and abandoning module WmfMediaFactory (658)
[2020.02.14-22.05.33:836][616]LogModuleManager: Shutting down and abandoning module WmfMediaEditor (656)
[2020.02.14-22.05.33:836][616]LogModuleManager: Shutting down and abandoning module WebMMediaFactory (654)
[2020.02.14-22.05.33:836][616]LogModuleManager: Shutting down and abandoning module WebMMediaEditor (652)
[2020.02.14-22.05.33:836][616]LogModuleManager: Shutting down and abandoning module WebMMedia (650)
[2020.02.14-22.05.33:836][616]LogModuleManager: Shutting down and abandoning module MediaPlayerEditor (648)
[2020.02.14-22.05.33:837][616]LogModuleManager: Shutting down and abandoning module MediaCompositingEditor (646)
[2020.02.14-22.05.33:837][616]LogModuleManager: Shutting down and abandoning module SequenceRecorder (645)
[2020.02.14-22.05.33:837][616]LogModuleManager: Shutting down and abandoning module OpenExrWrapper (642)
[2020.02.14-22.05.33:837][616]LogModuleManager: Shutting down and abandoning module ImgMediaFactory (640)
[2020.02.14-22.05.33:837][616]LogModuleManager: Shutting down and abandoning module ImgMediaEditor (638)
[2020.02.14-22.05.33:837][616]LogModuleManager: Shutting down and abandoning module AvfMediaFactory (636)
[2020.02.14-22.05.33:837][616]LogModuleManager: Shutting down and abandoning module AvfMediaEditor (634)
[2020.02.14-22.05.33:837][616]LogModuleManager: Shutting down and abandoning module AndroidMediaFactory (632)
[2020.02.14-22.05.33:837][616]LogModuleManager: Shutting down and abandoning module AndroidMediaEditor (630)
[2020.02.14-22.05.33:837][616]LogModuleManager: Shutting down and abandoning module MagicLeapMediaCodecFactory (628)
[2020.02.14-22.05.33:837][616]LogModuleManager: Shutting down and abandoning module MagicLeapMediaFactory (626)
[2020.02.14-22.05.33:837][616]LogModuleManager: Shutting down and abandoning module MagicLeapMediaEditor (624)
[2020.02.14-22.05.33:837][616]LogModuleManager: Shutting down and abandoning module CharacterAI (622)
[2020.02.14-22.05.33:837][616]LogModuleManager: Shutting down and abandoning module SmartSnapping (620)
[2020.02.14-22.05.33:837][616]LogModuleManager: Shutting down and abandoning module SessionServices (618)
[2020.02.14-22.05.33:837][616]LogModuleManager: Shutting down and abandoning module MeshPaint (616)
[2020.02.14-22.05.33:837][616]LogModuleManager: Shutting down and abandoning module ViewportSnapping (614)
[2020.02.14-22.05.33:837][616]LogModuleManager: Shutting down and abandoning module ViewportInteraction (612)
[2020.02.14-22.05.33:837][616]LogModuleManager: Shutting down and abandoning module ClothPainter (610)
[2020.02.14-22.05.33:837][616]LogModuleManager: Shutting down and abandoning module SkeletalMeshEditor (609)
[2020.02.14-22.05.33:837][616]LogModuleManager: Shutting down and abandoning module LogVisualizer (606)
[2020.02.14-22.05.33:837][616]LogModuleManager: Shutting down and abandoning module IntroTutorials (604)
[2020.02.14-22.05.33:837][616]LogModuleManager: Shutting down and abandoning module GameProjectGeneration (603)
[2020.02.14-22.05.33:837][616]LogModuleManager: Shutting down and abandoning module LuminPlatformEditor (600)
[2020.02.14-22.05.33:837][616]LogModuleManager: Shutting down and abandoning module IOSPlatformEditor (598)
[2020.02.14-22.05.33:837][616]LogModuleManager: Shutting down and abandoning module AndroidPlatformEditor (596)
[2020.02.14-22.05.33:837][616]LogModuleManager: Shutting down and abandoning module AndroidDeviceDetection (595)
[2020.02.14-22.05.34:132][616]LogModuleManager: Shutting down and abandoning module WindowsPlatformEditor (592)
[2020.02.14-22.05.34:132][616]LogModuleManager: Shutting down and abandoning module LuminRuntimeSettings (590)
[2020.02.14-22.05.34:132][616]LogModuleManager: Shutting down and abandoning module IOSRuntimeSettings (588)
[2020.02.14-22.05.34:133][616]LogModuleManager: Shutting down and abandoning module AndroidRuntimeSettings (586)
[2020.02.14-22.05.34:133][616]LogModuleManager: Shutting down and abandoning module EditorInteractiveToolsFramework (584)
[2020.02.14-22.05.34:133][616]LogModuleManager: Shutting down and abandoning module TimeManagementEditor (582)
[2020.02.14-22.05.34:133][616]LogModuleManager: Shutting down and abandoning module InputBindingEditor (580)
[2020.02.14-22.05.34:133][616]LogModuleManager: Shutting down and abandoning module MergeActors (578)
[2020.02.14-22.05.34:133][616]LogModuleManager: Shutting down and abandoning module LocalizationDashboard (576)
[2020.02.14-22.05.34:133][616]LogModuleManager: Shutting down and abandoning module LocalizationService (575)
[2020.02.14-22.05.34:133][616]LogModuleManager: Shutting down and abandoning module HardwareTargeting (572)
[2020.02.14-22.05.34:133][616]LogModuleManager: Shutting down and abandoning module DeviceProfileEditor (570)
[2020.02.14-22.05.34:133][616]LogModuleManager: Shutting down and abandoning module UndoHistory (568)
[2020.02.14-22.05.34:133][616]LogModuleManager: Shutting down and abandoning module XmlParser (566)
[2020.02.14-22.05.34:133][616]LogModuleManager: Shutting down and abandoning module Blutility (564)
[2020.02.14-22.05.34:133][616]LogModuleManager: Shutting down and abandoning module ProjectSettingsViewer (562)
[2020.02.14-22.05.34:133][616]LogModuleManager: Shutting down and abandoning module ProjectTargetPlatformEditor (561)
[2020.02.14-22.05.34:133][616]LogModuleManager: Shutting down and abandoning module EditorSettingsViewer (558)
[2020.02.14-22.05.34:133][616]LogModuleManager: Shutting down and abandoning module SettingsEditor (556)
[2020.02.14-22.05.34:133][616]LogModuleManager: Shutting down and abandoning module ProjectLauncher (554)
[2020.02.14-22.05.34:133][616]LogModuleManager: Shutting down and abandoning module SessionFrontend (552)
[2020.02.14-22.05.34:133][616]LogModuleManager: Shutting down and abandoning module ProfilerClient (550)
[2020.02.14-22.05.34:133][616]LogModuleManager: Shutting down and abandoning module DeviceManager (548)
[2020.02.14-22.05.34:133][616]LogModuleManager: Shutting down and abandoning module TargetDeviceServices (547)
[2020.02.14-22.05.34:165][616]LogModuleManager: Shutting down and abandoning module AutomationController (544)
[2020.02.14-22.05.34:165][616]LogModuleManager: Shutting down and abandoning module AutomationWindow (542)
[2020.02.14-22.05.34:165][616]LogModuleManager: Shutting down and abandoning module Layers (540)
[2020.02.14-22.05.34:165][616]LogModuleManager: Shutting down and abandoning module ComponentVisualizers (538)
[2020.02.14-22.05.34:165][616]LogModuleManager: Shutting down and abandoning module DetailCustomizations (536)
[2020.02.14-22.05.34:165][616]LogModuleManager: Shutting down and abandoning module PackagesDialog (534)
[2020.02.14-22.05.34:165][616]LogModuleManager: Shutting down and abandoning module AnimationBlueprintEditor (532)
[2020.02.14-22.05.34:165][616]LogModuleManager: Shutting down and abandoning module Persona (530)
[2020.02.14-22.05.34:165][616]LogModuleManager: Shutting down and abandoning module AdvancedPreviewScene (529)
[2020.02.14-22.05.34:165][616]LogModuleManager: Shutting down and abandoning module AnimGraph (527)
[2020.02.14-22.05.34:165][616]LogModuleManager: Shutting down and abandoning module Kismet (524)
[2020.02.14-22.05.34:166][616]LogModuleManager: Shutting down and abandoning module KismetWidgets (523)
[2020.02.14-22.05.34:166][616]LogModuleManager: Shutting down and abandoning module GraphEditor (520)
[2020.02.14-22.05.34:166][616]LogModuleManager: Shutting down and abandoning module StructViewer (518)
[2020.02.14-22.05.34:166][616]LogModuleManager: Shutting down and abandoning module ClassViewer (516)
[2020.02.14-22.05.34:166][616]LogModuleManager: Shutting down and abandoning module Toolbox (514)
[2020.02.14-22.05.34:166][616]LogModuleManager: Shutting down and abandoning module ModuleUI (512)
[2020.02.14-22.05.34:166][616]LogModuleManager: Shutting down and abandoning module OutputLog (510)
[2020.02.14-22.05.34:166][616]LogModuleManager: Shutting down and abandoning module GammaUI (508)
[2020.02.14-22.05.34:166][616]LogModuleManager: Shutting down and abandoning module Documentation (506)
[2020.02.14-22.05.34:166][616]LogModuleManager: Shutting down and abandoning module ToolMenus (504)
[2020.02.14-22.05.34:166][616]LogModuleManager: Shutting down and abandoning module LiveCoding (502)
[2020.02.14-22.05.34:167][616]LogModuleManager: Shutting down and abandoning module LevelSequence (500)
[2020.02.14-22.05.34:167][616]LogModuleManager: Shutting down and abandoning module MovieSceneTracks (498)
[2020.02.14-22.05.34:167][616]LogModuleManager: Shutting down and abandoning module MovieScene (496)
[2020.02.14-22.05.34:167][616]LogModuleManager: Shutting down and abandoning module StreamingPauseRendering (494)
[2020.02.14-22.05.34:167][616]LogModuleManager: Shutting down and abandoning module LauncherPlatform (492)
[2020.02.14-22.05.34:167][616]LogModuleManager: Shutting down and abandoning module AnalyticsET (490)
[2020.02.14-22.05.34:167][616]LogModuleManager: Shutting down and abandoning module PortalServices (488)
[2020.02.14-22.05.34:167][616]LogModuleManager: Shutting down and abandoning module PortalRpc (486)
[2020.02.14-22.05.34:167][616]LogModuleManager: Shutting down and abandoning module MessagingRpc (484)
[2020.02.14-22.05.34:167][616]LogModuleManager: Shutting down and abandoning module AudioMixerXAudio2 (482)
[2020.02.14-22.05.34:167][616]LogModuleManager: Shutting down and abandoning module AIModule (480)
[2020.02.14-22.05.34:167][616]LogModuleManager: Shutting down and abandoning module GameplayDebugger (479)
[2020.02.14-22.05.34:167][616]LogModuleManager: Shutting down and abandoning module AITestSuite (477)
[2020.02.14-22.05.34:167][616]LogModuleManager: Shutting down and abandoning module NavigationSystem (475)
[2020.02.14-22.05.34:167][616]LogModuleManager: Shutting down and abandoning module ImageWriteQueue (472)
[2020.02.14-22.05.34:170][616]LogModuleManager: Shutting down and abandoning module ProfilerService (470)
[2020.02.14-22.05.34:368][616]LogModuleManager: Shutting down and abandoning module TaskGraph (468)
[2020.02.14-22.05.34:368][616]LogModuleManager: Shutting down and abandoning module ScreenshotTools (466)
[2020.02.14-22.05.34:368][616]LogModuleManager: Shutting down and abandoning module ProceduralMeshComponentEditor (464)
[2020.02.14-22.05.34:368][616]LogModuleManager: Shutting down and abandoning module ProceduralMeshComponent (462)
[2020.02.14-22.05.34:368][616]LogModuleManager: Shutting down and abandoning module OculusEditor (460)
[2020.02.14-22.05.34:368][616]LogModuleManager: Shutting down and abandoning module OculusInput (458)
[2020.02.14-22.05.34:368][616]LogModuleManager: Shutting down and abandoning module MobilePatchingUtils (456)
[2020.02.14-22.05.34:368][616]LogModuleManager: Shutting down and abandoning module EditableMesh (454)
[2020.02.14-22.05.34:368][616]LogModuleManager: Shutting down and abandoning module CustomMeshComponent (452)
[2020.02.14-22.05.34:368][616]LogModuleManager: Shutting down and abandoning module CableComponent (450)
[2020.02.14-22.05.34:368][616]LogModuleManager: Shutting down and abandoning module AudioCapture (448)
[2020.02.14-22.05.34:368][616]LogModuleManager: Shutting down and abandoning module AudioCaptureRtAudio (447)
[2020.02.14-22.05.34:368][616]LogModuleManager: Shutting down and abandoning module AssetTags (444)
[2020.02.14-22.05.34:368][616]LogModuleManager: Shutting down and abandoning module ArchVisCharacter (442)
[2020.02.14-22.05.34:368][616]LogModuleManager: Shutting down and abandoning module AppleImageUtilsBlueprintSupport (440)
[2020.02.14-22.05.34:368][616]LogModuleManager: Shutting down and abandoning module AppleImageUtils (438)
[2020.02.14-22.05.34:368][616]LogModuleManager: Shutting down and abandoning module AndroidPermission (436)
[2020.02.14-22.05.34:369][616]LogModuleManager: Shutting down and abandoning module NUTUnrealEngine4 (434)
[2020.02.14-22.05.34:369][616]LogModuleManager: Shutting down and abandoning module NetcodeUnitTest (432)
[2020.02.14-22.05.34:369][616]LogModuleManager: Shutting down and abandoning module MediaCompositing (430)
[2020.02.14-22.05.34:369][616]LogModuleManager: Shutting down and abandoning module ImgMedia (428)
[2020.02.14-22.05.34:369][616]LogModuleManager: Shutting down and abandoning module MagicLeapHelperVulkan (426)
[2020.02.14-22.05.34:369][616]LogModuleManager: Shutting down and abandoning module MagicLeapHelperOpenGL (424)
[2020.02.14-22.05.34:369][616]LogModuleManager: Shutting down and abandoning module MagicLeapAudio (422)
[2020.02.14-22.05.34:369][616]LogModuleManager: Shutting down and abandoning module NiagaraEditorWidgets (420)
[2020.02.14-22.05.34:369][616]LogModuleManager: Shutting down and abandoning module GeometryCacheTracks (418)
[2020.02.14-22.05.34:369][616]LogModuleManager: Shutting down and abandoning module GeometryCacheSequencer (416)
[2020.02.14-22.05.34:369][616]LogModuleManager: Shutting down and abandoning module BackChannel (414)
[2020.02.14-22.05.34:369][616]LogModuleManager: Shutting down and abandoning module AutomationUtilsEditor (412)
[2020.02.14-22.05.34:369][616]LogModuleManager: Shutting down and abandoning module AutomationUtils (410)
[2020.02.14-22.05.34:369][616]LogModuleManager: Shutting down and abandoning module AlembicImporter (408)
[2020.02.14-22.05.34:369][616]LogModuleManager: Shutting down and abandoning module AlembicLibrary (407)
[2020.02.14-22.05.34:369][616]LogModuleManager: Shutting down and abandoning module GeometryCache (406)
[2020.02.14-22.05.34:369][616]LogModuleManager: Shutting down and abandoning module GeometryCacheEd (405)
[2020.02.14-22.05.34:369][616]LogModuleManager: Shutting down and abandoning module VariantManagerContentEditor (400)
[2020.02.14-22.05.34:369][616]LogModuleManager: Shutting down and abandoning module DatasmithContentEditor (398)
[2020.02.14-22.05.34:369][616]LogModuleManager: Shutting down and abandoning module SpeedTreeImporter (396)
[2020.02.14-22.05.34:369][616]LogModuleManager: Shutting down and abandoning module PluginBrowser (394)
[2020.02.14-22.05.34:369][616]LogModuleManager: Shutting down and abandoning module MobileLauncherProfileWizard (392)
[2020.02.14-22.05.34:369][616]LogModuleManager: Shutting down and abandoning module MaterialAnalyzer (390)
[2020.02.14-22.05.34:369][616]LogModuleManager: Shutting down and abandoning module CurveEditorTools (388)
[2020.02.14-22.05.34:369][616]LogModuleManager: Shutting down and abandoning module CryptoKeysOpenSSL (386)
[2020.02.14-22.05.34:369][616]LogModuleManager: Shutting down and abandoning module CryptoKeys (384)
[2020.02.14-22.05.34:369][616]LogModuleManager: Shutting down and abandoning module VisualStudioSourceCodeAccess (382)
[2020.02.14-22.05.34:369][616]LogModuleManager: Shutting down and abandoning module VisualStudioCodeSourceCodeAccess (380)
[2020.02.14-22.05.34:369][616]LogModuleManager: Shutting down and abandoning module UObjectPlugin (378)
[2020.02.14-22.05.34:369][616]LogModuleManager: Shutting down and abandoning module SubversionSourceControl (376)
[2020.02.14-22.05.34:369][616]LogModuleManager: Shutting down and abandoning module PlasticSourceControl (374)
[2020.02.14-22.05.34:369][616]LogModuleManager: Shutting down and abandoning module PerforceSourceControl (372)
[2020.02.14-22.05.34:369][616]LogModuleManager: Shutting down and abandoning module GitSourceControl (370)
[2020.02.14-22.05.34:369][616]LogModuleManager: Shutting down and abandoning module SourceControl (369)
[2020.02.14-22.05.34:369][616]LogModuleManager: Shutting down and abandoning module CLionSourceCodeAccess (366)
[2020.02.14-22.05.34:369][616]LogModuleManager: Shutting down and abandoning module AnimationSharingEd (364)
[2020.02.14-22.05.34:369][616]LogModuleManager: Shutting down and abandoning module ActorLayerUtilitiesEditor (362)
[2020.02.14-22.05.34:369][616]LogModuleManager: Shutting down and abandoning module ActorLayerUtilities (360)
[2020.02.14-22.05.34:369][616]LogModuleManager: Shutting down and abandoning module LightPropagationVolumeEditor (358)
[2020.02.14-22.05.34:369][616]LogModuleManager: Shutting down and abandoning module PaperTiledImporter (356)
[2020.02.14-22.05.34:369][616]LogModuleManager: Shutting down and abandoning module PaperSpriteSheetImporter (354)
[2020.02.14-22.05.34:369][616]LogModuleManager: Shutting down and abandoning module Paper2DEditor (352)
[2020.02.14-22.05.34:369][616]LogModuleManager: Shutting down and abandoning module SignificanceManager (350)
[2020.02.14-22.05.34:369][616]LogModuleManager: Shutting down and abandoning module RuntimePhysXCooking (348)
[2020.02.14-22.05.34:369][616]LogModuleManager: Shutting down and abandoning module PhysXVehiclesEditor (346)
[2020.02.14-22.05.34:369][616]LogModuleManager: Shutting down and abandoning module LocationServicesBPLibrary (342)
[2020.02.14-22.05.34:369][616]LogModuleManager: Shutting down and abandoning module ActorSequence (340)
[2020.02.14-22.05.34:369][616]LogModuleManager: Shutting down and abandoning module UdpMessaging (338)
[2020.02.14-22.05.34:470][616]LogModuleManager: Shutting down and abandoning module TcpMessaging (336)
[2020.02.14-22.05.34:571][616]LogModuleManager: Shutting down and abandoning module MagicLeapPrivileges (334)
[2020.02.14-22.05.34:571][616]LogModuleManager: Shutting down and abandoning module MagicLeapPlanes (332)
[2020.02.14-22.05.34:571][616]LogMagicLeapPlanes: Planes tracker already destroyed.
[2020.02.14-22.05.34:571][616]LogModuleManager: Shutting down and abandoning module MagicLeapIdentity (330)
[2020.02.14-22.05.34:571][616]LogModuleManager: Shutting down and abandoning module MagicLeapSecureStorage (328)
[2020.02.14-22.05.34:571][616]LogModuleManager: Shutting down and abandoning module MagicLeapImageTracker (326)
[2020.02.14-22.05.34:571][616]LogModuleManager: Shutting down and abandoning module MagicLeapHandTracking (324)
[2020.02.14-22.05.34:571][616]LogModuleManager: Shutting down and abandoning module MagicLeapHandMeshing (322)
[2020.02.14-22.05.34:571][616]LogModuleManager: Shutting down and abandoning module MagicLeapEyeTracker (320)
[2020.02.14-22.05.34:571][616]LogModuleManager: Shutting down and abandoning module MagicLeapController (318)
[2020.02.14-22.05.34:571][616]LogSlate: Slate User Destroyed.  User Index 0, Is Virtual User: 0
[2020.02.14-22.05.34:571][616]LogModuleManager: Shutting down and abandoning module MagicLeapARPin (316)
[2020.02.14-22.05.34:571][616]LogModuleManager: Shutting down and abandoning module MagicLeapAR (314)
[2020.02.14-22.05.34:571][616]LogModuleManager: Shutting down and abandoning module AugmentedReality (313)
[2020.02.14-22.05.34:571][616]LogModuleManager: Shutting down and abandoning module NiagaraAnimNotifies (310)
[2020.02.14-22.05.34:571][616]LogModuleManager: Shutting down and abandoning module Niagara (308)
[2020.02.14-22.05.34:571][616]LogModuleManager: Shutting down and abandoning module NiagaraEditor (307)
[2020.02.14-22.05.34:571][616]LogModuleManager: Shutting down and abandoning module NiagaraCore (304)
[2020.02.14-22.05.34:571][616]LogModuleManager: Shutting down and abandoning module GameplayTagsEditor (302)
[2020.02.14-22.05.34:571][616]LogModuleManager: Shutting down and abandoning module FacialAnimationEditor (300)
[2020.02.14-22.05.34:571][616]LogModuleManager: Shutting down and abandoning module FacialAnimation (298)
[2020.02.14-22.05.34:571][616]LogModuleManager: Shutting down and abandoning module DataValidation (296)
[2020.02.14-22.05.34:571][616]LogModuleManager: Shutting down and abandoning module AssetManagerEditor (294)
[2020.02.14-22.05.34:571][616]LogModuleManager: Shutting down and abandoning module LevelEditor (293)
[2020.02.14-22.05.34:572][616]LogModuleManager: Shutting down and abandoning module PixelInspectorModule (292)
[2020.02.14-22.05.34:572][616]LogModuleManager: Shutting down and abandoning module CommonMenuExtensions (290)
[2020.02.14-22.05.34:572][616]LogModuleManager: Shutting down and abandoning module MainFrame (288)
[2020.02.14-22.05.34:572][616]LogModuleManager: Shutting down and abandoning module HotReload (287)
[2020.02.14-22.05.34:572][616]LogModuleManager: Shutting down and abandoning module ContentBrowser (283)
[2020.02.14-22.05.34:573][616]LogModuleManager: Shutting down and abandoning module TreeMap (281)
[2020.02.14-22.05.34:573][616]LogModuleManager: Shutting down and abandoning module AnimationSharing (278)
[2020.02.14-22.05.34:573][616]LogModuleManager: Shutting down and abandoning module LightPropagationVolumeRuntime (276)
[2020.02.14-22.05.34:573][616]LogModuleManager: Shutting down and abandoning module Paper2D (274)
[2020.02.14-22.05.34:573][616]LogModuleManager: Shutting down and abandoning module WindowsMoviePlayer (272)
[2020.02.14-22.05.34:574][616]LogModuleManager: Shutting down and abandoning module WebMMoviePlayer (270)
[2020.02.14-22.05.34:574][616]LogModuleManager: Shutting down and abandoning module NetworkReplayStreaming (268)
[2020.02.14-22.05.34:574][616]LogModuleManager: Shutting down and abandoning module PacketHandler (266)
[2020.02.14-22.05.34:574][616]LogModuleManager: Shutting down and abandoning module ClothingSystemEditor (264)
[2020.02.14-22.05.34:574][616]LogModuleManager: Shutting down and abandoning module ClothingSystemRuntimeNv (262)
[2020.02.14-22.05.34:574][616]LogModuleManager: Shutting down and abandoning module MediaAssets (260)
[2020.02.14-22.05.34:574][616]LogModuleManager: Shutting down and abandoning module Overlay (258)
[2020.02.14-22.05.34:574][616]LogModuleManager: Shutting down and abandoning module OverlayEditor (257)
[2020.02.14-22.05.34:574][616]LogModuleManager: Shutting down and abandoning module VREditor (254)
[2020.02.14-22.05.34:574][616]LogModuleManager: Shutting down and abandoning module StringTableEditor (252)
[2020.02.14-22.05.34:574][616]LogModuleManager: Shutting down and abandoning module GameplayTasksEditor (250)
[2020.02.14-22.05.34:574][616]LogModuleManager: Shutting down and abandoning module BehaviorTreeEditor (248)
[2020.02.14-22.05.34:574][616]LogModuleManager: Shutting down and abandoning module FunctionalTesting (246)
[2020.02.14-22.05.34:574][616]LogModuleManager: Shutting down and abandoning module CollisionAnalyzer (244)
[2020.02.14-22.05.34:574][616]LogModuleManager: Shutting down and abandoning module WorkspaceMenuStructure (243)
[2020.02.14-22.05.34:574][616]LogModuleManager: Shutting down and abandoning module UMG (240)
[2020.02.14-22.05.34:574][616]LogModuleManager: Shutting down and abandoning module UMGEditor (239)
[2020.02.14-22.05.34:575][616]LogModuleManager: Shutting down and abandoning module MessageLog (237)
[2020.02.14-22.05.34:575][616]LogModuleManager: Shutting down and abandoning module SlateReflector (232)
[2020.02.14-22.05.34:575][616]LogModuleManager: Shutting down and abandoning module Slate (230)
[2020.02.14-22.05.34:575][616]LogModuleManager: Shutting down and abandoning module SlateCore (228)
[2020.02.14-22.05.34:575][616]LogModuleManager: Shutting down and abandoning module LandscapeEditorUtilities (226)
[2020.02.14-22.05.34:575][616]LogModuleManager: Shutting down and abandoning module UnrealEd (224)
[2020.02.14-22.05.34:575][616]LogModuleManager: Shutting down and abandoning module MRMesh (222)
[2020.02.14-22.05.34:575][616]LogModuleManager: Shutting down and abandoning module SourceCodeAccess (220)
[2020.02.14-22.05.34:575][616]LogModuleManager: Shutting down and abandoning module HeadMountedDisplay (218)
[2020.02.14-22.05.34:575][616]LogModuleManager: Shutting down and abandoning module XAudio2 (216)
[2020.02.14-22.05.34:575][616]LogModuleManager: Shutting down and abandoning module Networking (214)
[2020.02.14-22.05.34:575][616]LogModuleManager: Shutting down and abandoning module Core (212)
[2020.02.14-22.05.34:575][616]LogModuleManager: Shutting down and abandoning module MovieSceneTools (210)
[2020.02.14-22.05.34:575][616]LogModuleManager: Shutting down and abandoning module CurveEditor (209)
[2020.02.14-22.05.34:575][616]LogModuleManager: Shutting down and abandoning module Sequencer (207)
[2020.02.14-22.05.34:575][616]LogModuleManager: Shutting down and abandoning module EditorStyle (206)
[2020.02.14-22.05.34:575][616]LogModuleManager: Shutting down and abandoning module KismetCompiler (202)
[2020.02.14-22.05.34:575][616]LogModuleManager: Shutting down and abandoning module MeshUtilities (200)
[2020.02.14-22.05.34:576][616]LogModuleManager: Shutting down and abandoning module MeshMergeUtilities (199)
[2020.02.14-22.05.34:576][616]LogModuleManager: Shutting down and abandoning module MeshReductionInterface (198)
[2020.02.14-22.05.34:576][616]LogModuleManager: Shutting down and abandoning module MeshBoneReduction (197)
[2020.02.14-22.05.34:576][616]LogModuleManager: Shutting down and abandoning module SkeletalMeshReduction (195)
[2020.02.14-22.05.34:576][616]LogModuleManager: Shutting down and abandoning module ProxyLODMeshReduction (193)
[2020.02.14-22.05.34:576][616]LogModuleManager: Shutting down and abandoning module QuadricMeshReduction (191)
[2020.02.14-22.05.34:576][616]LogModuleManager: Shutting down and abandoning module MaterialBaking (187)
[2020.02.14-22.05.34:576][616]LogModuleManager: Shutting down and abandoning module NullInstallBundleManager (182)
[2020.02.14-22.05.34:576][616]LogModuleManager: Shutting down and abandoning module DerivedDataCache (180)
[2020.02.14-22.05.34:576][616]LogDerivedDataCache: Shutdown
[2020.02.14-22.05.34:576][616]LogModuleManager: Shutting down and abandoning module XGEController (178)
[2020.02.14-22.05.34:576][616]LogXGEController: Cleaning working directory: C:/Users/Jim/AppData/Local/Temp/UnrealXGEWorkingDir/
[2020.02.14-22.05.34:576][616]LogModuleManager: Shutting down and abandoning module TargetPlatform (176)
[2020.02.14-22.05.34:576][616]LogModuleManager: Shutting down and abandoning module VulkanShaderFormat (175)
[2020.02.14-22.05.34:576][616]LogModuleManager: Shutting down and abandoning module ShaderFormatVectorVM (173)
[2020.02.14-22.05.34:576][616]LogModuleManager: Shutting down and abandoning module ShaderFormatOpenGL (171)
[2020.02.14-22.05.34:576][616]LogModuleManager: Shutting down and abandoning module ShaderFormatD3D (169)
[2020.02.14-22.05.34:576][616]LogModuleManager: Shutting down and abandoning module MetalShaderFormat (167)
[2020.02.14-22.05.34:576][616]LogModuleManager: Shutting down and abandoning module TextureFormatUncompressed (165)
[2020.02.14-22.05.34:576][616]LogModuleManager: Shutting down and abandoning module TextureFormatPVR (163)
[2020.02.14-22.05.34:576][616]LogModuleManager: Shutting down and abandoning module TextureFormatDXT (161)
[2020.02.14-22.05.34:576][616]LogModuleManager: Shutting down and abandoning module TextureFormatIntelISPCTexComp (159)
[2020.02.14-22.05.34:576][616]LogModuleManager: Shutting down and abandoning module TextureFormatASTC (157)
[2020.02.14-22.05.34:576][616]LogModuleManager: Shutting down and abandoning module ImageWrapper (156)
[2020.02.14-22.05.34:576][616]LogModuleManager: Shutting down and abandoning module TextureFormatAndroid (153)
[2020.02.14-22.05.34:576][616]LogModuleManager: Shutting down and abandoning module AudioFormatOpus (151)
[2020.02.14-22.05.34:576][616]LogModuleManager: Shutting down and abandoning module AudioFormatOgg (149)
[2020.02.14-22.05.34:576][616]LogModuleManager: Shutting down and abandoning module AudioFormatADPCM (147)
[2020.02.14-22.05.34:576][616]LogModuleManager: Shutting down and abandoning module WindowsServerTargetPlatform (145)
[2020.02.14-22.05.34:576][616]LogModuleManager: Shutting down and abandoning module WindowsClientTargetPlatform (143)
[2020.02.14-22.05.34:576][616]LogModuleManager: Shutting down and abandoning module WindowsTargetPlatform (141)
[2020.02.14-22.05.34:576][616]LogModuleManager: Shutting down and abandoning module WindowsNoEditorTargetPlatform (139)
[2020.02.14-22.05.34:576][616]LogModuleManager: Shutting down and abandoning module TVOSTargetPlatform (137)
[2020.02.14-22.05.34:577][616]LogModuleManager: Shutting down and abandoning module LuminTargetPlatform (135)
[2020.02.14-22.05.34:577][616]LogModuleManager: Shutting down and abandoning module LinuxAArch64ServerTargetPlatform (133)
[2020.02.14-22.05.34:577][616]LogModuleManager: Shutting down and abandoning module LinuxAArch64ClientTargetPlatform (131)
[2020.02.14-22.05.34:577][616]LogModuleManager: Shutting down and abandoning module LinuxAArch64NoEditorTargetPlatform (129)
[2020.02.14-22.05.34:577][616]LogModuleManager: Shutting down and abandoning module LinuxServerTargetPlatform (127)
[2020.02.14-22.05.34:577][616]LogModuleManager: Shutting down and abandoning module LinuxClientTargetPlatform (125)
[2020.02.14-22.05.34:577][616]LogModuleManager: Shutting down and abandoning module LinuxNoEditorTargetPlatform (123)
[2020.02.14-22.05.34:577][616]LogModuleManager: Shutting down and abandoning module Messaging (121)
[2020.02.14-22.05.34:578][616]LogModuleManager: Shutting down and abandoning module IOSTargetPlatform (119)
[2020.02.14-22.05.34:578][616]LogModuleManager: Shutting down and abandoning module AndroidTargetPlatform (117)
[2020.02.14-22.05.34:582][616]LogModuleManager: Shutting down and abandoning module AllDesktopTargetPlatform (115)
[2020.02.14-22.05.34:582][616]LogModuleManager: Shutting down and abandoning module D3D12RHI (112)
[2020.02.14-22.05.34:582][616]LogModuleManager: Shutting down and abandoning module InputCore (110)
[2020.02.14-22.05.34:582][616]LogModuleManager: Shutting down and abandoning module Settings (108)
[2020.02.14-22.05.34:582][616]LogModuleManager: Shutting down and abandoning module DirectoryWatcher (106)
[2020.02.14-22.05.34:582][616]LogModuleManager: Shutting down and abandoning module PhysXCooking (104)
[2020.02.14-22.05.34:582][616]LogModuleManager: Shutting down and abandoning module ChaosSolvers (102)
[2020.02.14-22.05.34:582][616]LogModuleManager: Shutting down and abandoning module FieldSystemEngine (101)
[2020.02.14-22.05.34:582][616]LogModuleManager: Shutting down and abandoning module Chaos (98)
[2020.02.14-22.05.34:582][616]LogModuleManager: Shutting down and abandoning module WindowsPlatformFeatures (96)
[2020.02.14-22.05.34:582][616]LogModuleManager: Shutting down and abandoning module GameplayMediaEncoder (95)
[2020.02.14-22.05.34:582][616]LogModuleManager: Shutting down and abandoning module SteamVRInputDevice (92)
[2020.02.14-22.05.34:582][616]LogModuleManager: Shutting down and abandoning module SteamVRInput (90)
[2020.02.14-22.05.34:582][616]LogModuleManager: Shutting down and abandoning module SteamVR (88)
[2020.02.14-22.05.34:582][616]LogHMD: Freeing OpenVRDLLHandle.
[2020.02.14-22.05.34:582][616]LogModuleManager: Shutting down and abandoning module OculusHMD (86)
[2020.02.14-22.05.34:582][616]LogModuleManager: Shutting down and abandoning module ExampleDeviceProfileSelector (84)
[2020.02.14-22.05.34:582][616]LogModuleManager: Shutting down and abandoning module LauncherChunkInstaller (82)
[2020.02.14-22.05.34:582][616]LogModuleManager: Shutting down and abandoning module OnlineBlueprintSupport (80)
[2020.02.14-22.05.34:582][616]LogModuleManager: Shutting down and abandoning module OnlineSubsystem (76)
[2020.02.14-22.05.34:583][616]LogModuleManager: Shutting down and abandoning module XMPP (71)
[2020.02.14-22.05.34:583][616]LogModuleManager: Shutting down and abandoning module WebSockets (70)
[2020.02.14-22.05.34:611][616]LogModuleManager: Shutting down and abandoning module HTTP (67)
[2020.02.14-22.05.34:611][616]LogHttp: Display: Http module shutting down, but needs to wait on 1 outstanding Http requests:
[2020.02.14-22.05.34:611][616]LogHttp: Display: 	verb=[POST] url=[https://datarouter.ol.epicgames.com/datarouter/api/v1/public/data?SessionID=%7B8B2105C8-4170-E545-9751-DE81EC9F13CA%7D&AppID=UEEditor.Rocket.Release&AppVersion=4.24.1-10757647%2B%2B%2BUE4%2BRelease-4.24&UserID=cbe17d46496ad20a41788e8821a3e187%7C982782e525234895b45f49a3907d3019%7C6579e7d8-7343-4197-8d2f-c31a2f28a06f&AppEnvironment=datacollector-binary&UploadType=eteventstream] refs=[1] status=Processing
[2020.02.14-22.05.34:615][616]LogModuleManager: Shutting down and abandoning module SSL (66)
[2020.02.14-22.05.34:616][616]LogModuleManager: Shutting down and abandoning module WmfMedia (62)
[2020.02.14-22.05.34:617][616]LogModuleManager: Shutting down and abandoning module Media (61)
[2020.02.14-22.05.34:618][616]LogModuleManager: Shutting down and abandoning module MagicLeap (58)
[2020.02.14-22.05.34:618][616]LogModuleManager: Shutting down and abandoning module NiagaraVertexFactories (56)
[2020.02.14-22.05.34:618][616]LogModuleManager: Shutting down and abandoning module NiagaraShader (54)
[2020.02.14-22.05.34:618][616]LogModuleManager: Shutting down and abandoning module VariantManagerContent (52)
[2020.02.14-22.05.34:618][616]LogModuleManager: Shutting down and abandoning module DatasmithContent (50)
[2020.02.14-22.05.34:619][616]LogModuleManager: Shutting down and abandoning module AISupportModule (48)
[2020.02.14-22.05.34:619][616]LogModuleManager: Shutting down and abandoning module DesktopPlatform (46)
[2020.02.14-22.05.34:619][616]LogModuleManager: Shutting down and abandoning module PlatformCryptoOpenSSL (44)
[2020.02.14-22.05.34:619][616]LogModuleManager: Shutting down and abandoning module PlatformCryptoTypes (42)
[2020.02.14-22.05.34:619][616]LogModuleManager: Shutting down and abandoning module PlatformCrypto (40)
[2020.02.14-22.05.34:619][616]LogModuleManager: Shutting down and abandoning module AnimationModifiers (38)
[2020.02.14-22.05.34:619][616]LogModuleManager: Shutting down and abandoning module PropertyEditor (37)
[2020.02.14-22.05.34:620][616]LogModuleManager: Shutting down and abandoning module AudioEditor (34)
[2020.02.14-22.05.34:620][616]LogModuleManager: Shutting down and abandoning module TextureCompressor (32)
[2020.02.14-22.05.34:620][616]LogModuleManager: Shutting down and abandoning module RenderCore (30)
[2020.02.14-22.05.34:620][616]LogModuleManager: Shutting down and abandoning module Landscape (28)
[2020.02.14-22.05.34:620][616]LogModuleManager: Shutting down and abandoning module SlateRHIRenderer (26)
[2020.02.14-22.05.34:620][616]LogModuleManager: Shutting down and abandoning module OpenGLDrv (24)
[2020.02.14-22.05.34:620][616]LogModuleManager: Shutting down and abandoning module D3D11RHI (22)
[2020.02.14-22.05.34:620][616]LogModuleManager: Shutting down and abandoning module AnimGraphRuntime (20)
[2020.02.14-22.05.34:620][616]LogModuleManager: Shutting down and abandoning module Renderer (18)
[2020.02.14-22.05.34:621][616]LogModuleManager: Shutting down and abandoning module Engine (16)
[2020.02.14-22.05.34:621][616]LogModuleManager: Shutting down and abandoning module CoreUObject (14)
[2020.02.14-22.05.34:621][616]LogModuleManager: Shutting down and abandoning module NetworkFile (12)
[2020.02.14-22.05.34:621][616]LogModuleManager: Shutting down and abandoning module CookedIterativeFile (10)
[2020.02.14-22.05.34:621][616]LogModuleManager: Shutting down and abandoning module StreamingFile (8)
[2020.02.14-22.05.34:621][616]LogModuleManager: Shutting down and abandoning module SandboxFile (6)
[2020.02.14-22.05.34:621][616]LogModuleManager: Shutting down and abandoning module PakFile (4)
[2020.02.14-22.05.34:621][616]LogModuleManager: Shutting down and abandoning module RSA (3)
[2020.02.14-22.05.34:621][616]LogNiagara: FNiagaraDummyRWBufferInt ReleaseRHI NiagaraRenderer::DummyInt
[2020.02.14-22.05.34:621][616]LogNiagara: FNiagaraDummyRWBufferFloat ReleaseRHI NiagaraRenderer::DummyFloat
[2020.02.14-22.05.34:642][616]LogD3D12RHI: ~FD3D12DynamicRHI
[2020.02.14-22.05.34:654][616]LogExit: Exiting.
[2020.02.14-22.05.34:666][616]Log file closed, 02/14/20 15:05:34
